<?xml version="1.0" encoding="UTF-8"?>
<coverage generated="1671553116172" clover="3.2.0">
  <project timestamp="1671553116172" name="All files">
    <metrics statements="464" coveredstatements="244" conditionals="471" coveredconditionals="160" methods="240" coveredmethods="95" elements="1175" coveredelements="499" complexity="0" loc="464" ncloc="464" packages="4" files="15" classes="15"/>
    <package name="build.S3Parallel">
      <metrics statements="4" coveredstatements="4" conditionals="0" coveredconditionals="0" methods="0" coveredmethods="0"/>
      <file name="index.js" path="/Users/shanebdavis/dev/genui/opensource/s3p/build/S3Parallel/index.js">
        <metrics statements="2" coveredstatements="2" conditionals="0" coveredconditionals="0" methods="0" coveredmethods="0"/>
        <line num="4" count="7" type="stmt"/>
        <line num="13" count="7" type="stmt"/>
      </file>
      <file name="namespace.js" path="/Users/shanebdavis/dev/genui/opensource/s3p/build/S3Parallel/namespace.js">
        <metrics statements="2" coveredstatements="2" conditionals="0" coveredconditionals="0" methods="0" coveredmethods="0"/>
        <line num="4" count="7" type="stmt"/>
        <line num="9" count="7" type="stmt"/>
      </file>
    </package>
    <package name="build.S3Parallel.Lib">
      <metrics statements="2" coveredstatements="2" conditionals="0" coveredconditionals="0" methods="0" coveredmethods="0"/>
      <file name="index.js" path="/Users/shanebdavis/dev/genui/opensource/s3p/build/S3Parallel/Lib/index.js">
        <metrics statements="1" coveredstatements="1" conditionals="0" coveredconditionals="0" methods="0" coveredmethods="0"/>
        <line num="4" count="7" type="stmt"/>
      </file>
      <file name="namespace.js" path="/Users/shanebdavis/dev/genui/opensource/s3p/build/S3Parallel/Lib/namespace.js">
        <metrics statements="1" coveredstatements="1" conditionals="0" coveredconditionals="0" methods="0" coveredmethods="0"/>
        <line num="4" count="7" type="stmt"/>
      </file>
    </package>
    <package name="source.S3Parallel">
      <metrics statements="317" coveredstatements="159" conditionals="365" coveredconditionals="110" methods="151" coveredmethods="55"/>
      <file name="S3Comprehensions.caf" path="/Users/shanebdavis/dev/genui/opensource/s3p/source/S3Parallel/S3Comprehensions.caf">
        <metrics statements="168" coveredstatements="108" conditionals="253" coveredconditionals="98" methods="78" coveredmethods="37"/>
        <line num="1" count="14" type="stmt"/>
        <line num="3" count="7" type="stmt"/>
        <line num="5" count="16" type="stmt"/>
        <line num="6" count="48" type="cond" truecount="1" falsecount="1"/>
        <line num="12" count="16" type="cond" truecount="1" falsecount="1"/>
        <line num="16" count="80" type="cond" truecount="1" falsecount="1"/>
        <line num="22" count="16" type="cond" truecount="1" falsecount="1"/>
        <line num="24" count="16" type="cond" truecount="1" falsecount="1"/>
        <line num="25" count="16" type="cond" truecount="1" falsecount="1"/>
        <line num="26" count="16" type="cond" truecount="1" falsecount="1"/>
        <line num="27" count="16" type="cond" truecount="1" falsecount="1"/>
        <line num="28" count="16" type="cond" truecount="1" falsecount="1"/>
        <line num="31" count="16" type="stmt"/>
        <line num="32" count="16" type="stmt"/>
        <line num="33" count="16" type="cond" truecount="1" falsecount="2"/>
        <line num="35" count="16" type="cond" truecount="7" falsecount="2"/>
        <line num="38" count="16" type="cond" truecount="0" falsecount="1"/>
        <line num="39" count="0" type="stmt"/>
        <line num="40" count="16" type="stmt"/>
        <line num="41" count="16" type="cond" truecount="0" falsecount="1"/>
        <line num="42" count="0" type="stmt"/>
        <line num="44" count="16" type="cond" truecount="1" falsecount="1"/>
        <line num="45" count="16" type="cond" truecount="2" falsecount="1"/>
        <line num="46" count="16" type="stmt"/>
        <line num="48" count="16" type="cond" truecount="2" falsecount="2"/>
        <line num="49" count="0" type="stmt"/>
        <line num="50" count="0" type="cond" truecount="0" falsecount="2"/>
        <line num="52" count="16" type="cond" truecount="0" falsecount="2"/>
        <line num="53" count="0" type="stmt"/>
        <line num="54" count="0" type="stmt"/>
        <line num="56" count="16" type="cond" truecount="1" falsecount="1"/>
        <line num="58" count="0" type="cond" truecount="0" falsecount="2"/>
        <line num="62" count="0" type="stmt"/>
        <line num="64" count="0" type="stmt"/>
        <line num="66" count="0" type="stmt"/>
        <line num="67" count="0" type="stmt"/>
        <line num="70" count="0" type="stmt"/>
        <line num="71" count="16" type="stmt"/>
        <line num="94" count="7" type="stmt"/>
        <line num="98" count="0" type="stmt"/>
        <line num="99" count="0" type="stmt"/>
        <line num="100" count="0" type="cond" truecount="0" falsecount="3"/>
        <line num="102" count="0" type="stmt"/>
        <line num="105" count="0" type="stmt"/>
        <line num="106" count="0" type="cond" truecount="0" falsecount="3"/>
        <line num="107" count="0" type="stmt"/>
        <line num="109" count="0" type="stmt"/>
        <line num="111" count="0" type="stmt"/>
        <line num="113" count="0" type="cond" truecount="0" falsecount="2"/>
        <line num="115" count="7" type="stmt"/>
        <line num="118" count="9" type="cond" truecount="3" falsecount="1"/>
        <line num="119" count="5" type="cond" truecount="2" falsecount="0"/>
        <line num="120" count="4" type="stmt"/>
        <line num="122" count="5" type="stmt"/>
        <line num="126" count="14" type="stmt"/>
        <line num="127" count="29" type="cond" truecount="1" falsecount="1"/>
        <line num="128" count="15" type="stmt"/>
        <line num="130" count="15" type="cond" truecount="2" falsecount="0"/>
        <line num="133" count="29" type="stmt"/>
        <line num="135" count="0" type="cond" truecount="0" falsecount="2"/>
        <line num="137" count="5" type="cond" truecount="1" falsecount="1"/>
        <line num="141" count="7" type="stmt"/>
        <line num="154" count="0" type="stmt"/>
        <line num="155" count="0" type="cond" truecount="0" falsecount="2"/>
        <line num="156" count="0" type="stmt"/>
        <line num="157" count="7" type="cond" truecount="0" falsecount="2"/>
        <line num="161" count="0" type="stmt"/>
        <line num="162" count="0" type="cond" truecount="0" falsecount="4"/>
        <line num="163" count="0" type="stmt"/>
        <line num="164" count="0" type="stmt"/>
        <line num="169" count="0" type="stmt"/>
        <line num="170" count="7" type="stmt"/>
        <line num="174" count="0" type="stmt"/>
        <line num="175" count="0" type="cond" truecount="0" falsecount="2"/>
        <line num="176" count="0" type="cond" truecount="0" falsecount="2"/>
        <line num="177" count="0" type="stmt"/>
        <line num="182" count="0" type="stmt"/>
        <line num="185" count="7" type="stmt"/>
        <line num="225" count="16" type="stmt"/>
        <line num="226" count="16" type="cond" truecount="1" falsecount="1"/>
        <line num="228" count="144" type="cond" truecount="2" falsecount="0"/>
        <line num="244" count="16" type="cond" truecount="1" falsecount="1"/>
        <line num="246" count="128" type="cond" truecount="1" falsecount="1"/>
        <line num="261" count="16" type="cond" truecount="1" falsecount="1"/>
        <line num="264" count="16" type="cond" truecount="1" falsecount="3"/>
        <line num="265" count="0" type="stmt"/>
        <line num="267" count="16" type="stmt"/>
        <line num="270" count="16" type="stmt"/>
        <line num="274" count="16" type="stmt"/>
        <line num="275" count="16" type="cond" truecount="1" falsecount="1"/>
        <line num="279" count="16" type="cond" truecount="0" falsecount="1"/>
        <line num="280" count="0" type="stmt"/>
        <line num="281" count="0" type="stmt"/>
        <line num="282" count="0" type="stmt"/>
        <line num="283" count="0" type="stmt"/>
        <line num="301" count="0" type="stmt"/>
        <line num="317" count="16" type="stmt"/>
        <line num="318" count="250" type="stmt"/>
        <line num="319" count="250" type="stmt"/>
        <line num="320" count="250" type="cond" truecount="2" falsecount="1"/>
        <line num="321" count="14" type="stmt"/>
        <line num="323" count="0" type="cond" truecount="0" falsecount="3"/>
        <line num="328" count="0" type="cond" truecount="0" falsecount="3"/>
        <line num="339" count="0" type="cond" truecount="2" falsecount="3"/>
        <line num="340" count="60128" type="cond" truecount="1" falsecount="1"/>
        <line num="341" count="250" type="stmt"/>
        <line num="343" count="16" type="stmt"/>
        <line num="344" count="16" type="stmt"/>
        <line num="345" count="125" type="stmt"/>
        <line num="346" count="125" type="cond" truecount="2" falsecount="2"/>
        <line num="350" count="0" type="stmt"/>
        <line num="355" count="125" type="cond" truecount="1" falsecount="1"/>
        <line num="356" count="0" type="cond" truecount="2" falsecount="0"/>
        <line num="358" count="125" type="cond" truecount="0" falsecount="1"/>
        <line num="360" count="0" type="stmt"/>
        <line num="361" count="125" type="cond" truecount="1" falsecount="3"/>
        <line num="363" count="125" type="stmt"/>
        <line num="364" count="125" type="stmt"/>
        <line num="372" count="125" type="stmt"/>
        <line num="373" count="125" type="stmt"/>
        <line num="376" count="125" type="stmt"/>
        <line num="377" count="125" type="stmt"/>
        <line num="380" count="125" type="cond" truecount="2" falsecount="0"/>
        <line num="381" count="125" type="cond" truecount="2" falsecount="0"/>
        <line num="383" count="166382" type="cond" truecount="2" falsecount="1"/>
        <line num="384" count="128430" type="cond" truecount="2" falsecount="1"/>
        <line num="386" count="125" type="stmt"/>
        <line num="391" count="125" type="stmt"/>
        <line num="420" count="125" type="stmt"/>
        <line num="422" count="125" type="cond" truecount="2" falsecount="2"/>
        <line num="434" count="125" type="stmt"/>
        <line num="435" count="125" type="stmt"/>
        <line num="437" count="125" type="stmt"/>
        <line num="438" count="125" type="stmt"/>
        <line num="439" count="125" type="stmt"/>
        <line num="440" count="125" type="stmt"/>
        <line num="442" count="125" type="stmt"/>
        <line num="450" count="125" type="cond" truecount="1" falsecount="3"/>
        <line num="451" count="0" type="stmt"/>
        <line num="452" count="0" type="stmt"/>
        <line num="453" count="0" type="stmt"/>
        <line num="454" count="0" type="stmt"/>
        <line num="455" count="0" type="stmt"/>
        <line num="457" count="125" type="cond" truecount="4" falsecount="0"/>
        <line num="458" count="125" type="cond" truecount="0" falsecount="1"/>
        <line num="459" count="0" type="stmt"/>
        <line num="479" count="125" type="cond" truecount="0" falsecount="2"/>
        <line num="483" count="125" type="stmt"/>
        <line num="487" count="70" type="stmt"/>
        <line num="492" count="39" type="stmt"/>
        <line num="495" count="125" type="stmt"/>
        <line num="497" count="16" type="cond" truecount="0" falsecount="2"/>
        <line num="503" count="16" type="cond" truecount="1" falsecount="1"/>
        <line num="504" count="16" type="cond" truecount="0" falsecount="1"/>
        <line num="505" count="0" type="cond" truecount="0" falsecount="2"/>
        <line num="506" count="16" type="stmt"/>
        <line num="507" count="16" type="cond" truecount="1" falsecount="0"/>
        <line num="508" count="16" type="stmt"/>
        <line num="509" count="16" type="cond" truecount="1" falsecount="2"/>
        <line num="510" count="0" type="stmt"/>
        <line num="511" count="16" type="cond" truecount="1" falsecount="2"/>
        <line num="512" count="0" type="stmt"/>
        <line num="513" count="16" type="stmt"/>
        <line num="521" count="16" type="stmt"/>
        <line num="526" count="0" type="stmt"/>
        <line num="536" count="7" type="stmt"/>
        <line num="538" count="0" type="stmt"/>
        <line num="541" count="0" type="cond" truecount="0" falsecount="2"/>
      </file>
      <file name="S3P.caf" path="/Users/shanebdavis/dev/genui/opensource/s3p/source/S3Parallel/S3P.caf">
        <metrics statements="116" coveredstatements="35" conditionals="90" coveredconditionals="11" methods="55" coveredmethods="9"/>
        <line num="1" count="14" type="stmt"/>
        <line num="3" count="7" type="stmt"/>
        <line num="5" count="7" type="stmt"/>
        <line num="6" count="0" type="cond" truecount="0" falsecount="2"/>
        <line num="10" count="0" type="stmt"/>
        <line num="12" count="7" type="stmt"/>
        <line num="22" count="7" type="stmt"/>
        <line num="30" count="7" type="stmt"/>
        <line num="36" count="0" type="stmt"/>
        <line num="39" count="7" type="cond" truecount="0" falsecount="2"/>
        <line num="41" count="2" type="stmt"/>
        <line num="43" count="2" type="stmt"/>
        <line num="50" count="2" type="cond" truecount="1" falsecount="1"/>
        <line num="54" count="0" type="stmt"/>
        <line num="61" count="60003" type="stmt"/>
        <line num="64" count="60003" type="cond" truecount="1" falsecount="1"/>
        <line num="65" count="60003" type="stmt"/>
        <line num="66" count="60003" type="cond" truecount="2" falsecount="0"/>
        <line num="68" count="20" type="stmt"/>
        <line num="69" count="20" type="stmt"/>
        <line num="71" count="60003" type="stmt"/>
        <line num="72" count="60003" type="stmt"/>
        <line num="73" count="60003" type="stmt"/>
        <line num="75" count="60003" type="cond" truecount="0" falsecount="1"/>
        <line num="76" count="0" type="stmt"/>
        <line num="80" count="0" type="cond" truecount="0" falsecount="2"/>
        <line num="81" count="0" type="stmt"/>
        <line num="84" count="60003" type="stmt"/>
        <line num="85" count="60003" type="cond" truecount="2" falsecount="1"/>
        <line num="86" count="18002" type="stmt"/>
        <line num="87" count="18002" type="stmt"/>
        <line num="88" count="60003" type="cond" truecount="2" falsecount="1"/>
        <line num="89" count="23000" type="stmt"/>
        <line num="90" count="60003" type="stmt"/>
        <line num="96" count="2" type="cond" truecount="1" falsecount="1"/>
        <line num="97" count="2" type="cond" truecount="0" falsecount="1"/>
        <line num="98" count="0" type="cond" truecount="0" falsecount="1"/>
        <line num="99" count="0" type="stmt"/>
        <line num="101" count="0" type="stmt"/>
        <line num="102" count="2" type="stmt"/>
        <line num="108" count="16" type="stmt"/>
        <line num="111" count="0" type="stmt"/>
        <line num="112" count="0" type="stmt"/>
        <line num="118" count="0" type="cond" truecount="0" falsecount="1"/>
        <line num="119" count="0" type="stmt"/>
        <line num="141" count="0" type="stmt"/>
        <line num="151" count="0" type="cond" truecount="0" falsecount="2"/>
        <line num="158" count="0" type="cond" truecount="0" falsecount="5"/>
        <line num="159" count="0" type="cond" truecount="0" falsecount="2"/>
        <line num="160" count="0" type="stmt"/>
        <line num="163" count="0" type="cond" truecount="0" falsecount="1"/>
        <line num="164" count="0" type="cond" truecount="0" falsecount="2"/>
        <line num="165" count="0" type="stmt"/>
        <line num="169" count="0" type="cond" truecount="0" falsecount="5"/>
        <line num="170" count="0" type="cond" truecount="0" falsecount="2"/>
        <line num="171" count="0" type="stmt"/>
        <line num="172" count="0" type="stmt"/>
        <line num="173" count="0" type="stmt"/>
        <line num="174" count="0" type="stmt"/>
        <line num="181" count="0" type="stmt"/>
        <line num="188" count="0" type="stmt"/>
        <line num="190" count="0" type="cond" truecount="0" falsecount="2"/>
        <line num="192" count="0" type="stmt"/>
        <line num="193" count="7" type="stmt"/>
        <line num="208" count="0" type="stmt"/>
        <line num="209" count="7" type="stmt"/>
        <line num="212" count="0" type="stmt"/>
        <line num="213" count="0" type="cond" truecount="0" falsecount="2"/>
        <line num="218" count="0" type="stmt"/>
        <line num="222" count="0" type="stmt"/>
        <line num="223" count="0" type="stmt"/>
        <line num="224" count="0" type="stmt"/>
        <line num="225" count="0" type="stmt"/>
        <line num="226" count="0" type="stmt"/>
        <line num="227" count="0" type="stmt"/>
        <line num="228" count="0" type="stmt"/>
        <line num="230" count="0" type="stmt"/>
        <line num="231" count="0" type="stmt"/>
        <line num="237" count="0" type="stmt"/>
        <line num="243" count="0" type="stmt"/>
        <line num="245" count="0" type="cond" truecount="0" falsecount="2"/>
        <line num="247" count="0" type="stmt"/>
        <line num="252" count="0" type="cond" truecount="0" falsecount="4"/>
        <line num="257" count="0" type="stmt"/>
        <line num="258" count="0" type="stmt"/>
        <line num="263" count="0" type="cond" truecount="0" falsecount="4"/>
        <line num="277" count="0" type="stmt"/>
        <line num="278" count="0" type="stmt"/>
        <line num="280" count="7" type="stmt"/>
        <line num="301" count="0" type="cond" truecount="0" falsecount="2"/>
        <line num="303" count="0" type="stmt"/>
        <line num="315" count="0" type="cond" truecount="0" falsecount="2"/>
        <line num="316" count="0" type="stmt"/>
        <line num="317" count="0" type="stmt"/>
        <line num="318" count="0" type="stmt"/>
        <line num="319" count="0" type="stmt"/>
        <line num="320" count="0" type="stmt"/>
        <line num="321" count="0" type="cond" truecount="0" falsecount="1"/>
        <line num="323" count="0" type="cond" truecount="0" falsecount="2"/>
        <line num="326" count="0" type="stmt"/>
        <line num="328" count="0" type="stmt"/>
        <line num="340" count="0" type="stmt"/>
        <line num="341" count="0" type="stmt"/>
        <line num="345" count="0" type="stmt"/>
        <line num="346" count="0" type="stmt"/>
        <line num="357" count="0" type="stmt"/>
        <line num="361" count="0" type="stmt"/>
        <line num="362" count="0" type="stmt"/>
        <line num="365" count="0" type="stmt"/>
        <line num="366" count="0" type="stmt"/>
        <line num="367" count="0" type="stmt"/>
        <line num="369" count="0" type="stmt"/>
        <line num="370" count="7" type="stmt"/>
        <line num="372" count="0" type="stmt"/>
        <line num="375" count="0" type="cond" truecount="0" falsecount="2"/>
        <line num="383" count="0" type="stmt"/>
      </file>
      <file name="S3PCli.caf" path="/Users/shanebdavis/dev/genui/opensource/s3p/source/S3Parallel/S3PCli.caf">
        <metrics statements="14" coveredstatements="12" conditionals="4" coveredconditionals="1" methods="7" coveredmethods="5"/>
        <line num="1" count="14" type="stmt"/>
        <line num="3" count="7" type="stmt"/>
        <line num="35" count="7" type="stmt"/>
        <line num="72" count="7" type="stmt"/>
        <line num="78" count="7" type="stmt"/>
        <line num="82" count="7" type="stmt"/>
        <line num="86" count="7" type="stmt"/>
        <line num="97" count="7" type="stmt"/>
        <line num="226" count="7" type="stmt"/>
        <line num="228" count="1" type="stmt"/>
        <line num="243" count="9" type="stmt"/>
        <line num="245" count="1" type="cond" truecount="1" falsecount="1"/>
        <line num="251" count="0" type="cond" truecount="0" falsecount="2"/>
        <line num="252" count="0" type="stmt"/>
      </file>
      <file name="S3PCliCommands.caf" path="/Users/shanebdavis/dev/genui/opensource/s3p/source/S3Parallel/S3PCliCommands.caf">
        <metrics statements="18" coveredstatements="3" conditionals="18" coveredconditionals="0" methods="10" coveredmethods="3"/>
        <line num="1" count="14" type="stmt"/>
        <line num="3" count="7" type="stmt"/>
        <line num="4" count="1" type="stmt"/>
        <line num="7" count="0" type="stmt"/>
        <line num="8" count="0" type="stmt"/>
        <line num="9" count="0" type="cond" truecount="0" falsecount="2"/>
        <line num="10" count="0" type="cond" truecount="0" falsecount="2"/>
        <line num="12" count="0" type="stmt"/>
        <line num="13" count="0" type="stmt"/>
        <line num="15" count="0" type="cond" truecount="0" falsecount="3"/>
        <line num="16" count="0" type="stmt"/>
        <line num="17" count="0" type="stmt"/>
        <line num="18" count="0" type="stmt"/>
        <line num="20" count="0" type="cond" truecount="0" falsecount="2"/>
        <line num="25" count="0" type="stmt"/>
        <line num="26" count="0" type="cond" truecount="0" falsecount="1"/>
        <line num="27" count="0" type="stmt"/>
        <line num="30" count="0" type="cond" truecount="0" falsecount="4"/>
      </file>
      <file name="StandardImport.caf" path="/Users/shanebdavis/dev/genui/opensource/s3p/source/S3Parallel/StandardImport.caf">
        <metrics statements="1" coveredstatements="1" conditionals="0" coveredconditionals="0" methods="1" coveredmethods="1"/>
        <line num="1" count="14" type="stmt"/>
      </file>
    </package>
    <package name="source.S3Parallel.Lib">
      <metrics statements="141" coveredstatements="79" conditionals="106" coveredconditionals="50" methods="89" coveredmethods="40"/>
      <file name="FsEasy.caf" path="/Users/shanebdavis/dev/genui/opensource/s3p/source/S3Parallel/Lib/FsEasy.caf">
        <metrics statements="16" coveredstatements="5" conditionals="4" coveredconditionals="0" methods="17" coveredmethods="3"/>
        <line num="1" count="14" type="stmt"/>
        <line num="5" count="7" type="stmt"/>
        <line num="19" count="0" type="stmt"/>
        <line num="24" count="7" type="stmt"/>
        <line num="34" count="7" type="stmt"/>
        <line num="48" count="0" type="stmt"/>
        <line num="49" count="7" type="stmt"/>
        <line num="54" count="0" type="stmt"/>
        <line num="55" count="0" type="stmt"/>
        <line num="58" count="0" type="stmt"/>
        <line num="61" count="0" type="stmt"/>
        <line num="63" count="0" type="stmt"/>
        <line num="64" count="0" type="stmt"/>
        <line num="67" count="0" type="stmt"/>
        <line num="68" count="0" type="stmt"/>
        <line num="69" count="0" type="stmt"/>
      </file>
      <file name="Lib.caf" path="/Users/shanebdavis/dev/genui/opensource/s3p/source/S3Parallel/Lib/Lib.caf">
        <metrics statements="1" coveredstatements="1" conditionals="0" coveredconditionals="0" methods="1" coveredmethods="1"/>
        <line num="1" count="14" type="stmt"/>
      </file>
      <file name="LibMisc.caf" path="/Users/shanebdavis/dev/genui/opensource/s3p/source/S3Parallel/Lib/LibMisc.caf">
        <metrics statements="14" coveredstatements="14" conditionals="10" coveredconditionals="10" methods="7" coveredmethods="7"/>
        <line num="1" count="14" type="stmt"/>
        <line num="2" count="7" type="stmt"/>
        <line num="4" count="3" type="stmt"/>
        <line num="10" count="1" type="stmt"/>
        <line num="12" count="1" type="stmt"/>
        <line num="14" count="60027" type="cond" truecount="1" falsecount="0"/>
        <line num="15" count="60027" type="cond" truecount="7" falsecount="0"/>
        <line num="16" count="60014" type="stmt"/>
        <line num="17" count="3" type="stmt"/>
        <line num="18" count="3" type="stmt"/>
        <line num="19" count="2" type="stmt"/>
        <line num="20" count="2" type="stmt"/>
        <line num="21" count="2" type="stmt"/>
        <line num="22" count="1" type="stmt"/>
      </file>
      <file name="PromiseWorkerPool.caf" path="/Users/shanebdavis/dev/genui/opensource/s3p/source/S3Parallel/Lib/PromiseWorkerPool.caf">
        <metrics statements="20" coveredstatements="18" conditionals="7" coveredconditionals="6" methods="13" coveredmethods="11"/>
        <line num="1" count="14" type="stmt"/>
        <line num="9" count="7" type="stmt"/>
        <line num="11" count="98" type="cond" truecount="0" falsecount="1"/>
        <line num="12" count="49" type="stmt"/>
        <line num="15" count="49" type="stmt"/>
        <line num="16" count="49" type="stmt"/>
        <line num="18" count="7" type="stmt"/>
        <line num="19" count="7" type="stmt"/>
        <line num="20" count="0" type="stmt"/>
        <line num="21" count="350" type="stmt"/>
        <line num="27" count="350" type="stmt"/>
        <line num="29" count="350" type="stmt"/>
        <line num="30" count="350" type="stmt"/>
        <line num="31" count="350" type="stmt"/>
        <line num="34" count="350" type="stmt"/>
        <line num="35" count="0" type="stmt"/>
        <line num="36" count="350" type="stmt"/>
        <line num="37" count="7" type="stmt"/>
        <line num="39" count="700" type="stmt"/>
        <line num="42" count="350" type="stmt"/>
      </file>
      <file name="S3.caf" path="/Users/shanebdavis/dev/genui/opensource/s3p/source/S3Parallel/Lib/S3.caf">
        <metrics statements="65" coveredstatements="17" conditionals="46" coveredconditionals="0" methods="36" coveredmethods="4"/>
        <line num="1" count="14" type="stmt"/>
        <line num="2" count="7" type="stmt"/>
        <line num="4" count="7" type="stmt"/>
        <line num="8" count="7" type="stmt"/>
        <line num="11" count="7" type="stmt"/>
        <line num="12" count="0" type="stmt"/>
        <line num="14" count="7" type="stmt"/>
        <line num="25" count="63" type="stmt"/>
        <line num="28" count="0" type="stmt"/>
        <line num="30" count="0" type="stmt"/>
        <line num="31" count="7" type="stmt"/>
        <line num="34" count="0" type="stmt"/>
        <line num="43" count="0" type="stmt"/>
        <line num="46" count="0" type="stmt"/>
        <line num="47" count="0" type="cond" truecount="0" falsecount="2"/>
        <line num="48" count="0" type="stmt"/>
        <line num="49" count="0" type="stmt"/>
        <line num="51" count="0" type="cond" truecount="0" falsecount="1"/>
        <line num="52" count="0" type="stmt"/>
        <line num="54" count="7" type="stmt"/>
        <line num="77" count="0" type="cond" truecount="0" falsecount="1"/>
        <line num="78" count="0" type="cond" truecount="0" falsecount="2"/>
        <line num="80" count="0" type="stmt"/>
        <line num="113" count="0" type="stmt"/>
        <line num="120" count="0" type="stmt"/>
        <line num="121" count="0" type="stmt"/>
        <line num="128" count="7" type="stmt"/>
        <line num="132" count="0" type="stmt"/>
        <line num="134" count="7" type="stmt"/>
        <line num="136" count="0" type="stmt"/>
        <line num="137" count="0" type="stmt"/>
        <line num="138" count="0" type="stmt"/>
        <line num="144" count="0" type="stmt"/>
        <line num="150" count="0" type="stmt"/>
        <line num="152" count="0" type="cond" truecount="0" falsecount="2"/>
        <line num="153" count="0" type="stmt"/>
        <line num="154" count="0" type="stmt"/>
        <line num="158" count="0" type="cond" truecount="0" falsecount="1"/>
        <line num="159" count="0" type="stmt"/>
        <line num="162" count="0" type="stmt"/>
        <line num="164" count="7" type="stmt"/>
        <line num="168" count="0" type="stmt"/>
        <line num="170" count="7" type="stmt"/>
        <line num="173" count="0" type="stmt"/>
        <line num="174" count="0" type="cond" truecount="0" falsecount="2"/>
        <line num="176" count="0" type="cond" truecount="0" falsecount="2"/>
        <line num="177" count="0" type="cond" truecount="0" falsecount="2"/>
        <line num="178" count="0" type="cond" truecount="0" falsecount="2"/>
        <line num="179" count="0" type="stmt"/>
        <line num="182" count="0" type="cond" truecount="0" falsecount="1"/>
        <line num="183" count="0" type="stmt"/>
        <line num="185" count="0" type="cond" truecount="0" falsecount="5"/>
        <line num="186" count="0" type="stmt"/>
        <line num="187" count="7" type="stmt"/>
        <line num="189" count="0" type="stmt"/>
        <line num="191" count="7" type="stmt"/>
        <line num="193" count="0" type="stmt"/>
        <line num="195" count="7" type="stmt"/>
        <line num="197" count="0" type="stmt"/>
        <line num="198" count="0" type="stmt"/>
        <line num="200" count="0" type="cond" truecount="0" falsecount="4"/>
        <line num="204" count="7" type="stmt"/>
        <line num="214" count="0" type="stmt"/>
        <line num="216" count="0" type="cond" truecount="0" falsecount="2"/>
        <line num="218" count="0" type="stmt"/>
      </file>
      <file name="S3Keys.caf" path="/Users/shanebdavis/dev/genui/opensource/s3p/source/S3Parallel/Lib/S3Keys.caf">
        <metrics statements="25" coveredstatements="24" conditionals="39" coveredconditionals="34" methods="15" coveredmethods="14"/>
        <line num="1" count="14" type="stmt"/>
        <line num="3" count="7" type="stmt"/>
        <line num="11" count="277" type="cond" truecount="2" falsecount="0"/>
        <line num="14" count="48" type="stmt"/>
        <line num="16" count="48" type="stmt"/>
        <line num="46" count="148" type="cond" truecount="2" falsecount="0"/>
        <line num="49" count="145" type="stmt"/>
        <line num="50" count="1082" type="cond" truecount="1" falsecount="0"/>
        <line num="51" count="150" type="stmt"/>
        <line num="52" count="1082" type="stmt"/>
        <line num="58" count="2" type="stmt"/>
        <line num="61" count="143" type="cond" truecount="3" falsecount="0"/>
        <line num="64" count="21" type="cond" truecount="2" falsecount="0"/>
        <line num="68" count="8" type="stmt"/>
        <line num="72" count="114" type="stmt"/>
        <line num="77" count="0" type="stmt"/>
        <line num="82" count="2" type="stmt"/>
        <line num="88" count="3" type="stmt"/>
        <line num="98" count="40" type="stmt"/>
        <line num="102" count="3" type="cond" truecount="1" falsecount="0"/>
        <line num="106" count="10" type="stmt"/>
        <line num="109" count="3" type="cond" truecount="3" falsecount="0"/>
        <line num="110" count="1" type="stmt"/>
        <line num="113" count="1" type="stmt"/>
        <line num="117" count="1" type="stmt"/>
      </file>
    </package>
  </project>
</coverage>
