<?xml version="1.0" encoding="UTF-8"?>
<coverage generated="1609700448414" clover="3.2.0">
  <project timestamp="1609700448414" name="All files">
    <metrics statements="723" coveredstatements="368" conditionals="513" coveredconditionals="180" methods="239" coveredmethods="116" elements="1475" coveredelements="664" complexity="0" loc="723" ncloc="723" packages="3" files="18" classes="18"/>
    <package name="S3Parallel">
      <metrics statements="514" coveredstatements="234" conditionals="400" coveredconditionals="123" methods="147" coveredmethods="54"/>
      <file name="S3Comprehensions.js" path="/Users/shanebdavis/dev/genui/opensource/s3p/source/S3Parallel/S3Comprehensions.js">
        <metrics statements="273" coveredstatements="165" conditionals="266" coveredconditionals="108" methods="78" coveredmethods="37"/>
        <line num="2" count="7" type="stmt"/>
        <line num="3" count="7" type="stmt"/>
        <line num="4" count="7" type="stmt"/>
        <line num="56" count="7" type="stmt"/>
        <line num="60" count="7" type="stmt"/>
        <line num="86" count="16" type="stmt"/>
        <line num="87" count="16" type="stmt"/>
        <line num="88" count="16" type="stmt"/>
        <line num="89" count="16" type="stmt"/>
        <line num="90" count="16" type="cond" truecount="1" falsecount="1"/>
        <line num="91" count="16" type="stmt"/>
        <line num="92" count="16" type="cond" truecount="1" falsecount="1"/>
        <line num="93" count="16" type="stmt"/>
        <line num="94" count="16" type="stmt"/>
        <line num="95" count="16" type="stmt"/>
        <line num="96" count="16" type="stmt"/>
        <line num="97" count="16" type="stmt"/>
        <line num="98" count="16" type="stmt"/>
        <line num="100" count="16" type="stmt"/>
        <line num="101" count="16" type="stmt"/>
        <line num="102" count="16" type="stmt"/>
        <line num="103" count="16" type="stmt"/>
        <line num="105" count="16" type="cond" truecount="1" falsecount="1"/>
        <line num="118" count="0" type="stmt"/>
        <line num="120" count="16" type="stmt"/>
        <line num="121" count="16" type="stmt"/>
        <line num="122" count="16" type="cond" truecount="1" falsecount="1"/>
        <line num="123" count="0" type="stmt"/>
        <line num="125" count="16" type="stmt"/>
        <line num="126" count="16" type="cond" truecount="1" falsecount="1"/>
        <line num="127" count="0" type="stmt"/>
        <line num="129" count="16" type="cond" truecount="1" falsecount="1"/>
        <line num="130" count="16" type="cond" truecount="2" falsecount="2"/>
        <line num="131" count="16" type="stmt"/>
        <line num="133" count="16" type="cond" truecount="1" falsecount="1"/>
        <line num="134" count="0" type="cond" truecount="0" falsecount="2"/>
        <line num="135" count="0" type="stmt"/>
        <line num="137" count="0" type="stmt"/>
        <line num="139" count="16" type="cond" truecount="3" falsecount="1"/>
        <line num="140" count="0" type="cond" truecount="0" falsecount="2"/>
        <line num="143" count="0" type="stmt"/>
        <line num="147" count="0" type="cond" truecount="0" falsecount="2"/>
        <line num="149" count="16" type="cond" truecount="1" falsecount="1"/>
        <line num="155" count="0" type="stmt"/>
        <line num="163" count="0" type="stmt"/>
        <line num="164" count="0" type="stmt"/>
        <line num="165" count="0" type="stmt"/>
        <line num="166" count="0" type="stmt"/>
        <line num="168" count="0" type="stmt"/>
        <line num="169" count="0" type="stmt"/>
        <line num="170" count="0" type="stmt"/>
        <line num="172" count="16" type="stmt"/>
        <line num="201" count="7" type="stmt"/>
        <line num="202" count="0" type="stmt"/>
        <line num="204" count="7" type="stmt"/>
        <line num="206" count="0" type="stmt"/>
        <line num="207" count="0" type="stmt"/>
        <line num="208" count="0" type="stmt"/>
        <line num="209" count="0" type="cond" truecount="0" falsecount="2"/>
        <line num="210" count="0" type="cond" truecount="0" falsecount="2"/>
        <line num="211" count="0" type="stmt"/>
        <line num="213" count="0" type="stmt"/>
        <line num="217" count="0" type="stmt"/>
        <line num="224" count="0" type="stmt"/>
        <line num="226" count="0" type="stmt"/>
        <line num="227" count="0" type="cond" truecount="0" falsecount="2"/>
        <line num="228" count="0" type="stmt"/>
        <line num="229" count="0" type="stmt"/>
        <line num="230" count="0" type="stmt"/>
        <line num="231" count="0" type="cond" truecount="0" falsecount="2"/>
        <line num="238" count="0" type="stmt"/>
        <line num="240" count="0" type="stmt"/>
        <line num="248" count="0" type="cond" truecount="0" falsecount="2"/>
        <line num="251" count="7" type="stmt"/>
        <line num="253" count="5" type="cond" truecount="1" falsecount="1"/>
        <line num="255" count="9" type="cond" truecount="2" falsecount="0"/>
        <line num="256" count="5" type="stmt"/>
        <line num="259" count="4" type="stmt"/>
        <line num="260" count="5" type="stmt"/>
        <line num="261" count="5" type="stmt"/>
        <line num="265" count="14" type="stmt"/>
        <line num="272" count="14" type="stmt"/>
        <line num="274" count="15" type="stmt"/>
        <line num="275" count="15" type="stmt"/>
        <line num="276" count="15" type="stmt"/>
        <line num="278" count="15" type="stmt"/>
        <line num="284" count="15" type="stmt"/>
        <line num="286" count="14" type="stmt"/>
        <line num="296" count="0" type="cond" truecount="0" falsecount="2"/>
        <line num="298" count="0" type="stmt"/>
        <line num="302" count="5" type="cond" truecount="1" falsecount="1"/>
        <line num="309" count="7" type="stmt"/>
        <line num="311" count="0" type="stmt"/>
        <line num="312" count="0" type="cond" truecount="0" falsecount="2"/>
        <line num="313" count="0" type="stmt"/>
        <line num="316" count="0" type="stmt"/>
        <line num="317" count="0" type="stmt"/>
        <line num="322" count="0" type="cond" truecount="0" falsecount="2"/>
        <line num="324" count="0" type="stmt"/>
        <line num="328" count="7" type="stmt"/>
        <line num="330" count="0" type="stmt"/>
        <line num="331" count="0" type="stmt"/>
        <line num="335" count="0" type="stmt"/>
        <line num="336" count="0" type="stmt"/>
        <line num="337" count="0" type="stmt"/>
        <line num="338" count="0" type="stmt"/>
        <line num="342" count="0" type="stmt"/>
        <line num="346" count="7" type="stmt"/>
        <line num="348" count="0" type="stmt"/>
        <line num="349" count="0" type="cond" truecount="0" falsecount="2"/>
        <line num="350" count="0" type="stmt"/>
        <line num="351" count="0" type="cond" truecount="0" falsecount="2"/>
        <line num="352" count="0" type="stmt"/>
        <line num="353" count="0" type="stmt"/>
        <line num="358" count="0" type="stmt"/>
        <line num="365" count="7" type="stmt"/>
        <line num="407" count="16" type="stmt"/>
        <line num="408" count="16" type="stmt"/>
        <line num="409" count="16" type="stmt"/>
        <line num="411" count="16" type="stmt"/>
        <line num="412" count="16" type="stmt"/>
        <line num="413" count="16" type="stmt"/>
        <line num="414" count="16" type="stmt"/>
        <line num="415" count="16" type="stmt"/>
        <line num="416" count="16" type="stmt"/>
        <line num="417" count="16" type="stmt"/>
        <line num="418" count="16" type="stmt"/>
        <line num="419" count="16" type="cond" truecount="2" falsecount="0"/>
        <line num="420" count="16" type="stmt"/>
        <line num="421" count="16" type="stmt"/>
        <line num="423" count="16" type="stmt"/>
        <line num="424" count="16" type="stmt"/>
        <line num="425" count="16" type="stmt"/>
        <line num="426" count="16" type="stmt"/>
        <line num="427" count="16" type="stmt"/>
        <line num="428" count="16" type="stmt"/>
        <line num="429" count="16" type="stmt"/>
        <line num="430" count="16" type="stmt"/>
        <line num="431" count="16" type="stmt"/>
        <line num="433" count="16" type="stmt"/>
        <line num="437" count="16" type="cond" truecount="2" falsecount="3"/>
        <line num="438" count="0" type="stmt"/>
        <line num="442" count="16" type="stmt"/>
        <line num="443" count="16" type="stmt"/>
        <line num="444" count="16" type="stmt"/>
        <line num="445" count="16" type="cond" truecount="1" falsecount="1"/>
        <line num="446" count="16" type="cond" truecount="1" falsecount="1"/>
        <line num="447" count="0" type="stmt"/>
        <line num="449" count="0" type="stmt"/>
        <line num="450" count="0" type="stmt"/>
        <line num="451" count="0" type="stmt"/>
        <line num="452" count="0" type="stmt"/>
        <line num="481" count="0" type="stmt"/>
        <line num="483" count="16" type="stmt"/>
        <line num="489" count="248" type="stmt"/>
        <line num="490" count="248" type="stmt"/>
        <line num="512" count="248" type="stmt"/>
        <line num="513" count="248" type="cond" truecount="2" falsecount="1"/>
        <line num="515" count="14" type="cond" truecount="1" falsecount="1"/>
        <line num="523" count="0" type="stmt"/>
        <line num="525" count="0" type="stmt"/>
        <line num="526" count="0" type="cond" truecount="0" falsecount="2"/>
        <line num="527" count="0" type="stmt"/>
        <line num="529" count="0" type="stmt"/>
        <line num="531" count="0" type="stmt"/>
        <line num="544" count="0" type="stmt"/>
        <line num="546" count="0" type="stmt"/>
        <line num="547" count="0" type="cond" truecount="0" falsecount="2"/>
        <line num="548" count="0" type="stmt"/>
        <line num="550" count="0" type="stmt"/>
        <line num="552" count="0" type="stmt"/>
        <line num="566" count="0" type="stmt"/>
        <line num="573" count="0" type="stmt"/>
        <line num="575" count="0" type="stmt"/>
        <line num="576" count="0" type="cond" truecount="0" falsecount="2"/>
        <line num="577" count="0" type="stmt"/>
        <line num="578" count="0" type="stmt"/>
        <line num="580" count="0" type="stmt"/>
        <line num="582" count="0" type="stmt"/>
        <line num="588" count="112" type="stmt"/>
        <line num="595" count="112" type="stmt"/>
        <line num="597" count="60016" type="stmt"/>
        <line num="598" count="60016" type="stmt"/>
        <line num="599" count="60016" type="stmt"/>
        <line num="601" count="112" type="stmt"/>
        <line num="608" count="248" type="stmt"/>
        <line num="610" count="16" type="stmt"/>
        <line num="611" count="16" type="stmt"/>
        <line num="612" count="124" type="stmt"/>
        <line num="613" count="124" type="cond" truecount="2" falsecount="2"/>
        <line num="616" count="0" type="stmt"/>
        <line num="617" count="0" type="stmt"/>
        <line num="621" count="16" type="stmt"/>
        <line num="628" count="124" type="cond" truecount="3" falsecount="1"/>
        <line num="629" count="0" type="stmt"/>
        <line num="631" count="124" type="stmt"/>
        <line num="632" count="124" type="cond" truecount="1" falsecount="1"/>
        <line num="633" count="0" type="stmt"/>
        <line num="635" count="124" type="cond" truecount="1" falsecount="1"/>
        <line num="647" count="124" type="stmt"/>
        <line num="648" count="124" type="stmt"/>
        <line num="649" count="124" type="stmt"/>
        <line num="651" count="124" type="stmt"/>
        <line num="652" count="124" type="stmt"/>
        <line num="653" count="124" type="stmt"/>
        <line num="654" count="124" type="stmt"/>
        <line num="656" count="124" type="stmt"/>
        <line num="660" count="124" type="stmt"/>
        <line num="662" count="124" type="stmt"/>
        <line num="664" count="124" type="stmt"/>
        <line num="671" count="124" type="stmt"/>
        <line num="673" count="91725" type="stmt"/>
        <line num="674" count="91725" type="cond" truecount="2" falsecount="0"/>
        <line num="675" count="74043" type="stmt"/>
        <line num="677" count="91725" type="stmt"/>
        <line num="679" count="124" type="stmt"/>
        <line num="689" count="124" type="stmt"/>
        <line num="691" count="81036" type="stmt"/>
        <line num="692" count="81036" type="cond" truecount="2" falsecount="0"/>
        <line num="693" count="46013" type="stmt"/>
        <line num="695" count="81036" type="stmt"/>
        <line num="697" count="124" type="stmt"/>
        <line num="704" count="124" type="stmt"/>
        <line num="707" count="124" type="stmt"/>
        <line num="754" count="124" type="stmt"/>
        <line num="772" count="124" type="stmt"/>
        <line num="790" count="124" type="stmt"/>
        <line num="791" count="124" type="stmt"/>
        <line num="792" count="124" type="stmt"/>
        <line num="793" count="124" type="stmt"/>
        <line num="794" count="124" type="stmt"/>
        <line num="795" count="124" type="stmt"/>
        <line num="796" count="124" type="stmt"/>
        <line num="797" count="124" type="cond" truecount="2" falsecount="3"/>
        <line num="798" count="0" type="stmt"/>
        <line num="799" count="0" type="stmt"/>
        <line num="800" count="0" type="stmt"/>
        <line num="801" count="0" type="stmt"/>
        <line num="805" count="0" type="stmt"/>
        <line num="807" count="124" type="cond" truecount="2" falsecount="0"/>
        <line num="812" count="124" type="cond" truecount="1" falsecount="1"/>
        <line num="813" count="0" type="stmt"/>
        <line num="853" count="124" type="stmt"/>
        <line num="854" count="124" type="stmt"/>
        <line num="861" count="70" type="stmt"/>
        <line num="869" count="38" type="stmt"/>
        <line num="871" count="124" type="stmt"/>
        <line num="874" count="0" type="cond" truecount="0" falsecount="2"/>
        <line num="886" count="16" type="stmt"/>
        <line num="888" count="16" type="cond" truecount="1" falsecount="1"/>
        <line num="897" count="16" type="cond" truecount="1" falsecount="1"/>
        <line num="898" count="0" type="cond" truecount="0" falsecount="2"/>
        <line num="900" count="16" type="stmt"/>
        <line num="901" count="16" type="stmt"/>
        <line num="902" count="16" type="cond" truecount="1" falsecount="1"/>
        <line num="903" count="16" type="stmt"/>
        <line num="905" count="16" type="cond" truecount="1" falsecount="1"/>
        <line num="906" count="16" type="cond" truecount="1" falsecount="1"/>
        <line num="907" count="0" type="stmt"/>
        <line num="909" count="16" type="stmt"/>
        <line num="911" count="16" type="cond" truecount="1" falsecount="1"/>
        <line num="912" count="0" type="stmt"/>
        <line num="914" count="16" type="stmt"/>
        <line num="924" count="16" type="cond" truecount="1" falsecount="1"/>
        <line num="931" count="0" type="stmt"/>
        <line num="941" count="7" type="stmt"/>
        <line num="943" count="0" type="stmt"/>
        <line num="948" count="0" type="stmt"/>
        <line num="955" count="0" type="stmt"/>
        <line num="957" count="0" type="stmt"/>
        <line num="958" count="0" type="stmt"/>
        <line num="959" count="0" type="stmt"/>
        <line num="961" count="0" type="stmt"/>
      </file>
      <file name="S3P.js" path="/Users/shanebdavis/dev/genui/opensource/s3p/source/S3Parallel/S3P.js">
        <metrics statements="190" coveredstatements="43" conditionals="114" coveredconditionals="15" methods="55" coveredmethods="9"/>
        <line num="2" count="7" type="stmt"/>
        <line num="3" count="7" type="stmt"/>
        <line num="4" count="7" type="stmt"/>
        <line num="58" count="7" type="stmt"/>
        <line num="59" count="7" type="stmt"/>
        <line num="61" count="0" type="stmt"/>
        <line num="68" count="0" type="stmt"/>
        <line num="70" count="0" type="stmt"/>
        <line num="71" count="0" type="cond" truecount="0" falsecount="2"/>
        <line num="72" count="0" type="stmt"/>
        <line num="74" count="0" type="stmt"/>
        <line num="80" count="7" type="stmt"/>
        <line num="90" count="7" type="stmt"/>
        <line num="100" count="7" type="stmt"/>
        <line num="103" count="7" type="stmt"/>
        <line num="105" count="0" type="stmt"/>
        <line num="110" count="0" type="stmt"/>
        <line num="117" count="0" type="stmt"/>
        <line num="119" count="0" type="stmt"/>
        <line num="120" count="0" type="stmt"/>
        <line num="121" count="0" type="stmt"/>
        <line num="123" count="0" type="stmt"/>
        <line num="132" count="7" type="stmt"/>
        <line num="134" count="2" type="stmt"/>
        <line num="135" count="2" type="stmt"/>
        <line num="144" count="2" type="stmt"/>
        <line num="147" count="0" type="stmt"/>
        <line num="181" count="60003" type="stmt"/>
        <line num="188" count="60003" type="stmt"/>
        <line num="195" count="60003" type="stmt"/>
        <line num="196" count="60003" type="stmt"/>
        <line num="203" count="2" type="stmt"/>
        <line num="205" count="20" type="stmt"/>
        <line num="206" count="20" type="stmt"/>
        <line num="207" count="20" type="stmt"/>
        <line num="211" count="60003" type="stmt"/>
        <line num="212" count="60003" type="stmt"/>
        <line num="213" count="60003" type="stmt"/>
        <line num="214" count="60003" type="cond" truecount="1" falsecount="1"/>
        <line num="215" count="0" type="stmt"/>
        <line num="216" count="0" type="stmt"/>
        <line num="218" count="0" type="stmt"/>
        <line num="222" count="0" type="stmt"/>
        <line num="223" count="0" type="stmt"/>
        <line num="226" count="60003" type="stmt"/>
        <line num="227" count="60003" type="cond" truecount="2" falsecount="0"/>
        <line num="230" count="18002" type="stmt"/>
        <line num="231" count="18002" type="stmt"/>
        <line num="233" count="60003" type="cond" truecount="2" falsecount="0"/>
        <line num="236" count="23000" type="stmt"/>
        <line num="237" count="23000" type="stmt"/>
        <line num="239" count="60003" type="stmt"/>
        <line num="247" count="2" type="stmt"/>
        <line num="251" count="2" type="cond" truecount="1" falsecount="1"/>
        <line num="252" count="0" type="stmt"/>
        <line num="253" count="0" type="cond" truecount="0" falsecount="2"/>
        <line num="254" count="0" type="stmt"/>
        <line num="256" count="0" type="stmt"/>
        <line num="258" count="0" type="stmt"/>
        <line num="259" count="0" type="stmt"/>
        <line num="262" count="0" type="stmt"/>
        <line num="264" count="2" type="stmt"/>
        <line num="267" count="8" type="stmt"/>
        <line num="268" count="16" type="stmt"/>
        <line num="273" count="7" type="stmt"/>
        <line num="286" count="0" type="stmt"/>
        <line num="287" count="0" type="stmt"/>
        <line num="288" count="0" type="stmt"/>
        <line num="289" count="0" type="stmt"/>
        <line num="290" count="0" type="stmt"/>
        <line num="291" count="0" type="stmt"/>
        <line num="292" count="0" type="stmt"/>
        <line num="293" count="0" type="stmt"/>
        <line num="294" count="0" type="stmt"/>
        <line num="295" count="0" type="stmt"/>
        <line num="296" count="0" type="cond" truecount="0" falsecount="2"/>
        <line num="297" count="0" type="stmt"/>
        <line num="299" count="0" type="stmt"/>
        <line num="327" count="0" type="stmt"/>
        <line num="376" count="0" type="stmt"/>
        <line num="380" count="0" type="stmt"/>
        <line num="383" count="0" type="stmt"/>
        <line num="385" count="0" type="stmt"/>
        <line num="390" count="0" type="stmt"/>
        <line num="396" count="0" type="cond" truecount="0" falsecount="4"/>
        <line num="397" count="0" type="stmt"/>
        <line num="405" count="0" type="stmt"/>
        <line num="406" count="0" type="stmt"/>
        <line num="407" count="0" type="stmt"/>
        <line num="410" count="0" type="cond" truecount="0" falsecount="4"/>
        <line num="411" count="0" type="stmt"/>
        <line num="417" count="0" type="stmt"/>
        <line num="418" count="0" type="stmt"/>
        <line num="422" count="0" type="stmt"/>
        <line num="428" count="0" type="cond" truecount="0" falsecount="4"/>
        <line num="429" count="0" type="stmt"/>
        <line num="439" count="0" type="stmt"/>
        <line num="440" count="0" type="stmt"/>
        <line num="441" count="0" type="stmt"/>
        <line num="442" count="0" type="stmt"/>
        <line num="443" count="0" type="cond" truecount="0" falsecount="2"/>
        <line num="448" count="0" type="stmt"/>
        <line num="449" count="0" type="stmt"/>
        <line num="457" count="0" type="stmt"/>
        <line num="458" count="0" type="stmt"/>
        <line num="460" count="0" type="cond" truecount="0" falsecount="2"/>
        <line num="461" count="0" type="stmt"/>
        <line num="463" count="0" type="stmt"/>
        <line num="466" count="7" type="stmt"/>
        <line num="467" count="0" type="stmt"/>
        <line num="468" count="0" type="stmt"/>
        <line num="470" count="7" type="stmt"/>
        <line num="471" count="0" type="stmt"/>
        <line num="480" count="0" type="stmt"/>
        <line num="481" count="0" type="stmt"/>
        <line num="482" count="0" type="stmt"/>
        <line num="483" count="0" type="stmt"/>
        <line num="484" count="0" type="cond" truecount="0" falsecount="2"/>
        <line num="485" count="0" type="stmt"/>
        <line num="486" count="0" type="stmt"/>
        <line num="487" count="0" type="stmt"/>
        <line num="488" count="0" type="stmt"/>
        <line num="489" count="0" type="stmt"/>
        <line num="490" count="0" type="stmt"/>
        <line num="491" count="0" type="stmt"/>
        <line num="492" count="0" type="stmt"/>
        <line num="493" count="0" type="stmt"/>
        <line num="494" count="0" type="stmt"/>
        <line num="495" count="0" type="stmt"/>
        <line num="496" count="0" type="stmt"/>
        <line num="500" count="0" type="stmt"/>
        <line num="516" count="0" type="stmt"/>
        <line num="517" count="0" type="stmt"/>
        <line num="521" count="0" type="stmt"/>
        <line num="524" count="0" type="stmt"/>
        <line num="526" count="0" type="stmt"/>
        <line num="531" count="0" type="stmt"/>
        <line num="537" count="0" type="stmt"/>
        <line num="542" count="0" type="stmt"/>
        <line num="551" count="0" type="stmt"/>
        <line num="552" count="0" type="stmt"/>
        <line num="556" count="0" type="stmt"/>
        <line num="562" count="0" type="cond" truecount="0" falsecount="2"/>
        <line num="593" count="0" type="stmt"/>
        <line num="594" count="0" type="stmt"/>
        <line num="597" count="0" type="stmt"/>
        <line num="602" count="7" type="stmt"/>
        <line num="621" count="0" type="stmt"/>
        <line num="622" count="0" type="cond" truecount="0" falsecount="2"/>
        <line num="623" count="0" type="stmt"/>
        <line num="624" count="0" type="stmt"/>
        <line num="625" count="0" type="stmt"/>
        <line num="626" count="0" type="stmt"/>
        <line num="627" count="0" type="stmt"/>
        <line num="629" count="0" type="stmt"/>
        <line num="631" count="0" type="stmt"/>
        <line num="635" count="0" type="stmt"/>
        <line num="639" count="0" type="stmt"/>
        <line num="643" count="0" type="stmt"/>
        <line num="647" count="0" type="cond" truecount="0" falsecount="2"/>
        <line num="648" count="0" type="stmt"/>
        <line num="649" count="0" type="stmt"/>
        <line num="650" count="0" type="stmt"/>
        <line num="651" count="0" type="stmt"/>
        <line num="652" count="0" type="stmt"/>
        <line num="653" count="0" type="stmt"/>
        <line num="654" count="0" type="cond" truecount="0" falsecount="4"/>
        <line num="655" count="0" type="stmt"/>
        <line num="657" count="0" type="stmt"/>
        <line num="661" count="0" type="stmt"/>
        <line num="663" count="0" type="stmt"/>
        <line num="706" count="0" type="stmt"/>
        <line num="707" count="0" type="stmt"/>
        <line num="708" count="0" type="cond" truecount="0" falsecount="2"/>
        <line num="712" count="0" type="stmt"/>
        <line num="713" count="0" type="stmt"/>
        <line num="723" count="0" type="cond" truecount="0" falsecount="2"/>
        <line num="727" count="0" type="stmt"/>
        <line num="728" count="0" type="stmt"/>
        <line num="729" count="0" type="stmt"/>
        <line num="735" count="0" type="stmt"/>
        <line num="736" count="0" type="stmt"/>
        <line num="737" count="0" type="stmt"/>
        <line num="738" count="0" type="stmt"/>
        <line num="739" count="0" type="stmt"/>
        <line num="742" count="7" type="stmt"/>
        <line num="743" count="0" type="stmt"/>
        <line num="745" count="0" type="cond" truecount="0" falsecount="2"/>
        <line num="754" count="0" type="stmt"/>
        <line num="755" count="0" type="stmt"/>
      </file>
      <file name="S3PCli.js" path="/Users/shanebdavis/dev/genui/opensource/s3p/source/S3Parallel/S3PCli.js">
        <metrics statements="12" coveredstatements="12" conditionals="0" coveredconditionals="0" methods="4" coveredmethods="4"/>
        <line num="2" count="7" type="stmt"/>
        <line num="3" count="7" type="stmt"/>
        <line num="4" count="7" type="stmt"/>
        <line num="14" count="7" type="stmt"/>
        <line num="43" count="7" type="stmt"/>
        <line num="50" count="7" type="stmt"/>
        <line num="69" count="7" type="stmt"/>
        <line num="79" count="7" type="stmt"/>
        <line num="92" count="7" type="stmt"/>
        <line num="116" count="7" type="stmt"/>
        <line num="118" count="1" type="stmt"/>
        <line num="147" count="1" type="stmt"/>
      </file>
      <file name="S3PCliCommands.js" path="/Users/shanebdavis/dev/genui/opensource/s3p/source/S3Parallel/S3PCliCommands.js">
        <metrics statements="29" coveredstatements="4" conditionals="20" coveredconditionals="0" methods="8" coveredmethods="2"/>
        <line num="2" count="7" type="stmt"/>
        <line num="3" count="7" type="stmt"/>
        <line num="4" count="7" type="stmt"/>
        <line num="16" count="7" type="stmt"/>
        <line num="19" count="0" type="stmt"/>
        <line num="22" count="0" type="stmt"/>
        <line num="23" count="0" type="stmt"/>
        <line num="28" count="0" type="stmt"/>
        <line num="29" count="0" type="stmt"/>
        <line num="30" count="0" type="cond" truecount="0" falsecount="2"/>
        <line num="31" count="0" type="stmt"/>
        <line num="32" count="0" type="stmt"/>
        <line num="33" count="0" type="stmt"/>
        <line num="35" count="0" type="stmt"/>
        <line num="36" count="0" type="stmt"/>
        <line num="45" count="0" type="stmt"/>
        <line num="48" count="0" type="stmt"/>
        <line num="49" count="0" type="stmt"/>
        <line num="53" count="0" type="cond" truecount="0" falsecount="2"/>
        <line num="57" count="0" type="stmt"/>
        <line num="58" count="0" type="stmt"/>
        <line num="59" count="0" type="cond" truecount="0" falsecount="4"/>
        <line num="60" count="0" type="stmt"/>
        <line num="62" count="0" type="cond" truecount="0" falsecount="4"/>
        <line num="63" count="0" type="stmt"/>
        <line num="65" count="0" type="cond" truecount="0" falsecount="4"/>
        <line num="66" count="0" type="stmt"/>
        <line num="68" count="0" type="stmt"/>
        <line num="71" count="0" type="stmt"/>
      </file>
      <file name="S3Parallel.js" path="/Users/shanebdavis/dev/genui/opensource/s3p/source/S3Parallel/S3Parallel.js">
        <metrics statements="3" coveredstatements="3" conditionals="0" coveredconditionals="0" methods="1" coveredmethods="1"/>
        <line num="2" count="7" type="stmt"/>
        <line num="3" count="7" type="stmt"/>
        <line num="4" count="7" type="stmt"/>
      </file>
      <file name="StandardImport.js" path="/Users/shanebdavis/dev/genui/opensource/s3p/source/S3Parallel/StandardImport.js">
        <metrics statements="3" coveredstatements="3" conditionals="0" coveredconditionals="0" methods="1" coveredmethods="1"/>
        <line num="2" count="7" type="stmt"/>
        <line num="3" count="7" type="stmt"/>
        <line num="4" count="7" type="stmt"/>
      </file>
      <file name="index.js" path="/Users/shanebdavis/dev/genui/opensource/s3p/source/S3Parallel/index.js">
        <metrics statements="2" coveredstatements="2" conditionals="0" coveredconditionals="0" methods="0" coveredmethods="0"/>
        <line num="4" count="7" type="stmt"/>
        <line num="13" count="7" type="stmt"/>
      </file>
      <file name="namespace.js" path="/Users/shanebdavis/dev/genui/opensource/s3p/source/S3Parallel/namespace.js">
        <metrics statements="2" coveredstatements="2" conditionals="0" coveredconditionals="0" methods="0" coveredmethods="0"/>
        <line num="4" count="7" type="stmt"/>
        <line num="9" count="7" type="stmt"/>
      </file>
    </package>
    <package name="S3Parallel.Lib">
      <metrics statements="185" coveredstatements="110" conditionals="108" coveredconditionals="54" methods="80" coveredmethods="50"/>
      <file name="FsEasy.js" path="/Users/shanebdavis/dev/genui/opensource/s3p/source/S3Parallel/Lib/FsEasy.js">
        <metrics statements="22" coveredstatements="20" conditionals="4" coveredconditionals="3" methods="17" coveredmethods="14"/>
        <line num="2" count="7" type="stmt"/>
        <line num="3" count="7" type="stmt"/>
        <line num="4" count="7" type="stmt"/>
        <line num="13" count="7" type="stmt"/>
        <line num="14" count="7" type="stmt"/>
        <line num="17" count="7" type="stmt"/>
        <line num="19" count="15" type="stmt"/>
        <line num="20" count="15" type="cond" truecount="2" falsecount="0"/>
        <line num="27" count="7" type="stmt"/>
        <line num="28" count="7" type="stmt"/>
        <line num="29" count="1" type="stmt"/>
        <line num="30" count="1" type="stmt"/>
        <line num="32" count="7" type="stmt"/>
        <line num="33" count="15" type="stmt"/>
        <line num="34" count="7" type="stmt"/>
        <line num="36" count="8" type="stmt"/>
        <line num="37" count="8" type="stmt"/>
        <line num="39" count="7" type="stmt"/>
        <line num="41" count="1" type="stmt"/>
        <line num="43" count="1" type="stmt"/>
        <line num="45" count="0" type="stmt"/>
        <line num="46" count="0" type="stmt"/>
      </file>
      <file name="Lib.js" path="/Users/shanebdavis/dev/genui/opensource/s3p/source/S3Parallel/Lib/Lib.js">
        <metrics statements="3" coveredstatements="3" conditionals="0" coveredconditionals="0" methods="1" coveredmethods="1"/>
        <line num="2" count="7" type="stmt"/>
        <line num="3" count="7" type="stmt"/>
        <line num="4" count="7" type="stmt"/>
      </file>
      <file name="LibMisc.js" path="/Users/shanebdavis/dev/genui/opensource/s3p/source/S3Parallel/Lib/LibMisc.js">
        <metrics statements="16" coveredstatements="16" conditionals="10" coveredconditionals="10" methods="7" coveredmethods="7"/>
        <line num="2" count="7" type="stmt"/>
        <line num="3" count="7" type="stmt"/>
        <line num="4" count="7" type="stmt"/>
        <line num="9" count="7" type="stmt"/>
        <line num="10" count="7" type="stmt"/>
        <line num="12" count="3" type="cond" truecount="2" falsecount="0"/>
        <line num="17" count="1" type="stmt"/>
        <line num="20" count="60027" type="stmt"/>
        <line num="21" count="60027" type="cond" truecount="7" falsecount="0"/>
        <line num="23" count="60014" type="stmt"/>
        <line num="25" count="3" type="stmt"/>
        <line num="29" count="3" type="stmt"/>
        <line num="33" count="2" type="stmt"/>
        <line num="37" count="2" type="stmt"/>
        <line num="41" count="2" type="stmt"/>
        <line num="45" count="1" type="stmt"/>
      </file>
      <file name="PromiseWorkerPool.js" path="/Users/shanebdavis/dev/genui/opensource/s3p/source/S3Parallel/Lib/PromiseWorkerPool.js">
        <metrics statements="27" coveredstatements="25" conditionals="7" coveredconditionals="6" methods="13" coveredmethods="11"/>
        <line num="2" count="7" type="stmt"/>
        <line num="3" count="7" type="stmt"/>
        <line num="4" count="7" type="stmt"/>
        <line num="9" count="7" type="stmt"/>
        <line num="12" count="17" type="stmt"/>
        <line num="13" count="17" type="stmt"/>
        <line num="14" count="17" type="stmt"/>
        <line num="18" count="17" type="stmt"/>
        <line num="19" count="17" type="stmt"/>
        <line num="23" count="7" type="stmt"/>
        <line num="24" count="7" type="stmt"/>
        <line num="26" count="0" type="stmt"/>
        <line num="29" count="348" type="stmt"/>
        <line num="32" count="7" type="stmt"/>
        <line num="33" count="348" type="stmt"/>
        <line num="34" count="348" type="stmt"/>
        <line num="35" count="348" type="stmt"/>
        <line num="36" count="348" type="stmt"/>
        <line num="37" count="348" type="stmt"/>
        <line num="38" count="348" type="stmt"/>
        <line num="39" count="348" type="stmt"/>
        <line num="40" count="0" type="stmt"/>
        <line num="43" count="348" type="stmt"/>
        <line num="46" count="7" type="stmt"/>
        <line num="48" count="696" type="cond" truecount="4" falsecount="0"/>
        <line num="52" count="348" type="stmt"/>
        <line num="53" count="348" type="stmt"/>
      </file>
      <file name="S3.js" path="/Users/shanebdavis/dev/genui/opensource/s3p/source/S3Parallel/Lib/S3.js">
        <metrics statements="87" coveredstatements="17" conditionals="47" coveredconditionals="0" methods="27" coveredmethods="3"/>
        <line num="2" count="7" type="stmt"/>
        <line num="3" count="7" type="stmt"/>
        <line num="4" count="7" type="stmt"/>
        <line num="52" count="7" type="stmt"/>
        <line num="53" count="0" type="stmt"/>
        <line num="55" count="7" type="stmt"/>
        <line num="56" count="7" type="stmt"/>
        <line num="59" count="7" type="stmt"/>
        <line num="60" count="7" type="stmt"/>
        <line num="62" count="0" type="stmt"/>
        <line num="65" count="7" type="stmt"/>
        <line num="66" count="0" type="stmt"/>
        <line num="70" count="0" type="stmt"/>
        <line num="72" count="0" type="stmt"/>
        <line num="75" count="0" type="stmt"/>
        <line num="78" count="7" type="cond" truecount="0" falsecount="1"/>
        <line num="80" count="0" type="stmt"/>
        <line num="81" count="0" type="stmt"/>
        <line num="90" count="0" type="stmt"/>
        <line num="96" count="0" type="stmt"/>
        <line num="97" count="0" type="cond" truecount="0" falsecount="2"/>
        <line num="98" count="0" type="stmt"/>
        <line num="108" count="0" type="stmt"/>
        <line num="110" count="0" type="cond" truecount="0" falsecount="2"/>
        <line num="111" count="0" type="stmt"/>
        <line num="127" count="0" type="stmt"/>
        <line num="130" count="7" type="stmt"/>
        <line num="144" count="0" type="cond" truecount="0" falsecount="2"/>
        <line num="145" count="0" type="stmt"/>
        <line num="150" count="0" type="stmt"/>
        <line num="151" count="0" type="stmt"/>
        <line num="152" count="0" type="stmt"/>
        <line num="153" count="0" type="stmt"/>
        <line num="154" count="0" type="stmt"/>
        <line num="155" count="0" type="stmt"/>
        <line num="156" count="0" type="stmt"/>
        <line num="157" count="0" type="stmt"/>
        <line num="158" count="0" type="stmt"/>
        <line num="159" count="0" type="cond" truecount="0" falsecount="4"/>
        <line num="181" count="0" type="stmt"/>
        <line num="189" count="0" type="stmt"/>
        <line num="190" count="0" type="stmt"/>
        <line num="200" count="7" type="stmt"/>
        <line num="201" count="0" type="stmt"/>
        <line num="202" count="7" type="stmt"/>
        <line num="213" count="0" type="stmt"/>
        <line num="214" count="0" type="stmt"/>
        <line num="215" count="0" type="stmt"/>
        <line num="216" count="0" type="stmt"/>
        <line num="217" count="0" type="stmt"/>
        <line num="218" count="0" type="stmt"/>
        <line num="219" count="0" type="stmt"/>
        <line num="220" count="0" type="stmt"/>
        <line num="221" count="0" type="stmt"/>
        <line num="222" count="0" type="stmt"/>
        <line num="225" count="0" type="cond" truecount="0" falsecount="2"/>
        <line num="226" count="0" type="stmt"/>
        <line num="228" count="0" type="cond" truecount="0" falsecount="2"/>
        <line num="230" count="0" type="stmt"/>
        <line num="234" count="7" type="stmt"/>
        <line num="235" count="0" type="stmt"/>
        <line num="236" count="7" type="stmt"/>
        <line num="248" count="0" type="stmt"/>
        <line num="249" count="0" type="stmt"/>
        <line num="250" count="0" type="stmt"/>
        <line num="252" count="0" type="stmt"/>
        <line num="254" count="0" type="cond" truecount="0" falsecount="2"/>
        <line num="255" count="0" type="cond" truecount="0" falsecount="2"/>
        <line num="256" count="0" type="stmt"/>
        <line num="257" count="0" type="cond" truecount="0" falsecount="2"/>
        <line num="258" count="0" type="stmt"/>
        <line num="260" count="0" type="cond" truecount="0" falsecount="2"/>
        <line num="268" count="0" type="stmt"/>
        <line num="272" count="0" type="stmt"/>
        <line num="274" count="7" type="stmt"/>
        <line num="276" count="0" type="stmt"/>
        <line num="277" count="0" type="stmt"/>
        <line num="278" count="0" type="stmt"/>
        <line num="279" count="0" type="stmt"/>
        <line num="280" count="0" type="stmt"/>
        <line num="281" count="0" type="stmt"/>
        <line num="282" count="0" type="cond" truecount="0" falsecount="4"/>
        <line num="285" count="0" type="stmt"/>
        <line num="289" count="7" type="stmt"/>
        <line num="290" count="0" type="stmt"/>
        <line num="291" count="0" type="cond" truecount="0" falsecount="2"/>
        <line num="293" count="0" type="stmt"/>
      </file>
      <file name="S3Keys.js" path="/Users/shanebdavis/dev/genui/opensource/s3p/source/S3Parallel/Lib/S3Keys.js">
        <metrics statements="28" coveredstatements="27" conditionals="40" coveredconditionals="35" methods="15" coveredmethods="14"/>
        <line num="2" count="7" type="stmt"/>
        <line num="3" count="7" type="stmt"/>
        <line num="4" count="7" type="stmt"/>
        <line num="19" count="7" type="stmt"/>
        <line num="27" count="266" type="cond" truecount="2" falsecount="0"/>
        <line num="31" count="46" type="stmt"/>
        <line num="32" count="46" type="cond" truecount="4" falsecount="0"/>
        <line num="48" count="142" type="cond" truecount="2" falsecount="0"/>
        <line num="52" count="139" type="stmt"/>
        <line num="53" count="1057" type="cond" truecount="2" falsecount="0"/>
        <line num="54" count="148" type="stmt"/>
        <line num="56" count="1057" type="stmt"/>
        <line num="64" count="2" type="stmt"/>
        <line num="78" count="137" type="cond" truecount="3" falsecount="0"/>
        <line num="87" count="21" type="stmt"/>
        <line num="89" count="7" type="stmt"/>
        <line num="100" count="109" type="stmt"/>
        <line num="108" count="0" type="stmt"/>
        <line num="119" count="2" type="cond" truecount="1" falsecount="1"/>
        <line num="122" count="3" type="stmt"/>
        <line num="125" count="40" type="cond" truecount="1" falsecount="1"/>
        <line num="131" count="3" type="cond" truecount="1" falsecount="1"/>
        <line num="135" count="3" type="stmt"/>
        <line num="136" count="10" type="stmt"/>
        <line num="140" count="3" type="cond" truecount="3" falsecount="0"/>
        <line num="142" count="1" type="stmt"/>
        <line num="144" count="1" type="stmt"/>
        <line num="151" count="1" type="stmt"/>
      </file>
      <file name="index.js" path="/Users/shanebdavis/dev/genui/opensource/s3p/source/S3Parallel/Lib/index.js">
        <metrics statements="1" coveredstatements="1" conditionals="0" coveredconditionals="0" methods="0" coveredmethods="0"/>
        <line num="4" count="7" type="stmt"/>
      </file>
      <file name="namespace.js" path="/Users/shanebdavis/dev/genui/opensource/s3p/source/S3Parallel/Lib/namespace.js">
        <metrics statements="1" coveredstatements="1" conditionals="0" coveredconditionals="0" methods="0" coveredmethods="0"/>
        <line num="4" count="7" type="stmt"/>
      </file>
    </package>
    <package name="test">
      <metrics statements="24" coveredstatements="24" conditionals="5" coveredconditionals="3" methods="12" coveredmethods="12"/>
      <file name="StandardImport.js" path="/Users/shanebdavis/dev/genui/opensource/s3p/source/test/StandardImport.js">
        <metrics statements="3" coveredstatements="3" conditionals="0" coveredconditionals="0" methods="1" coveredmethods="1"/>
        <line num="2" count="7" type="stmt"/>
        <line num="3" count="7" type="stmt"/>
        <line num="4" count="7" type="stmt"/>
      </file>
      <file name="TestLib.js" path="/Users/shanebdavis/dev/genui/opensource/s3p/source/test/TestLib.js">
        <metrics statements="21" coveredstatements="21" conditionals="5" coveredconditionals="3" methods="11" coveredmethods="11"/>
        <line num="2" count="2" type="stmt"/>
        <line num="3" count="2" type="stmt"/>
        <line num="4" count="2" type="stmt"/>
        <line num="9" count="2" type="stmt"/>
        <line num="10" count="2" type="stmt"/>
        <line num="12" count="10" type="stmt"/>
        <line num="13" count="10" type="stmt"/>
        <line num="16" count="248" type="stmt"/>
        <line num="17" count="248" type="stmt"/>
        <line num="18" count="248" type="stmt"/>
        <line num="21" count="172761" type="stmt"/>
        <line num="22" count="172761" type="stmt"/>
        <line num="31" count="11160340" type="cond" truecount="2" falsecount="0"/>
        <line num="39" count="2" type="stmt"/>
        <line num="47" count="2" type="stmt"/>
        <line num="51" count="12" type="stmt"/>
        <line num="55" count="12" type="stmt"/>
        <line num="57" count="120000" type="stmt"/>
        <line num="58" count="120000" type="stmt"/>
        <line num="61" count="120000" type="stmt"/>
        <line num="72" count="2" type="cond" truecount="1" falsecount="1"/>
      </file>
    </package>
  </project>
</coverage>
