{"/Users/shanebdavis/dev/genui/opensource/s3p/source/S3Parallel/S3Comprehensions.js": {"path":"/Users/shanebdavis/dev/genui/opensource/s3p/source/S3Parallel/S3Comprehensions.js","statementMap":{"0":{"start":{"line":2,"column":10},"end":{"line":2,"column":44}},"1":{"start":{"line":3,"column":0},"end":{"line":930,"column":3}},"2":{"start":{"line":4,"column":2},"end":{"line":929,"column":4}},"3":{"start":{"line":58,"column":6},"end":{"line":927,"column":9}},"4":{"start":{"line":62,"column":10},"end":{"line":197,"column":12}},"5":{"start":{"line":87,"column":12},"end":{"line":87,"column":36}},"6":{"start":{"line":88,"column":12},"end":{"line":88,"column":40}},"7":{"start":{"line":89,"column":12},"end":{"line":89,"column":42}},"8":{"start":{"line":90,"column":12},"end":{"line":90,"column":71}},"9":{"start":{"line":91,"column":12},"end":{"line":91,"column":38}},"10":{"start":{"line":92,"column":12},"end":{"line":92,"column":79}},"11":{"start":{"line":93,"column":12},"end":{"line":93,"column":34}},"12":{"start":{"line":94,"column":12},"end":{"line":94,"column":30}},"13":{"start":{"line":95,"column":12},"end":{"line":95,"column":38}},"14":{"start":{"line":96,"column":12},"end":{"line":96,"column":46}},"15":{"start":{"line":97,"column":12},"end":{"line":97,"column":36}},"16":{"start":{"line":98,"column":12},"end":{"line":99,"column":70}},"17":{"start":{"line":100,"column":12},"end":{"line":100,"column":36}},"18":{"start":{"line":101,"column":12},"end":{"line":101,"column":34}},"19":{"start":{"line":102,"column":12},"end":{"line":102,"column":34}},"20":{"start":{"line":103,"column":12},"end":{"line":104,"column":73}},"21":{"start":{"line":105,"column":12},"end":{"line":119,"column":13}},"22":{"start":{"line":118,"column":14},"end":{"line":118,"column":29}},"23":{"start":{"line":120,"column":12},"end":{"line":169,"column":13}},"24":{"start":{"line":121,"column":14},"end":{"line":121,"column":57}},"25":{"start":{"line":122,"column":14},"end":{"line":124,"column":15}},"26":{"start":{"line":123,"column":16},"end":{"line":123,"column":51}},"27":{"start":{"line":125,"column":14},"end":{"line":125,"column":49}},"28":{"start":{"line":126,"column":14},"end":{"line":128,"column":15}},"29":{"start":{"line":127,"column":16},"end":{"line":127,"column":36}},"30":{"start":{"line":129,"column":14},"end":{"line":129,"column":80}},"31":{"start":{"line":130,"column":14},"end":{"line":132,"column":15}},"32":{"start":{"line":131,"column":16},"end":{"line":131,"column":38}},"33":{"start":{"line":133,"column":14},"end":{"line":138,"column":15}},"34":{"start":{"line":134,"column":16},"end":{"line":136,"column":17}},"35":{"start":{"line":135,"column":18},"end":{"line":135,"column":66}},"36":{"start":{"line":137,"column":16},"end":{"line":137,"column":32}},"37":{"start":{"line":139,"column":14},"end":{"line":148,"column":15}},"38":{"start":{"line":140,"column":16},"end":{"line":146,"column":17}},"39":{"start":{"line":143,"column":18},"end":{"line":145,"column":20}},"40":{"start":{"line":147,"column":16},"end":{"line":147,"column":80}},"41":{"start":{"line":147,"column":61},"end":{"line":147,"column":79}},"42":{"start":{"line":149,"column":14},"end":{"line":164,"column":15}},"43":{"start":{"line":150,"column":16},"end":{"line":152,"column":17}},"44":{"start":{"line":151,"column":18},"end":{"line":151,"column":78}},"45":{"start":{"line":153,"column":16},"end":{"line":163,"column":21}},"46":{"start":{"line":154,"column":18},"end":{"line":162,"column":19}},"47":{"start":{"line":156,"column":22},"end":{"line":159,"column":50}},"48":{"start":{"line":158,"column":35},"end":{"line":158,"column":59}},"49":{"start":{"line":159,"column":35},"end":{"line":159,"column":49}},"50":{"start":{"line":161,"column":22},"end":{"line":161,"column":54}},"51":{"start":{"line":161,"column":38},"end":{"line":161,"column":53}},"52":{"start":{"line":166,"column":14},"end":{"line":166,"column":24}},"53":{"start":{"line":167,"column":14},"end":{"line":167,"column":31}},"54":{"start":{"line":168,"column":14},"end":{"line":168,"column":22}},"55":{"start":{"line":170,"column":12},"end":{"line":196,"column":14}},"56":{"start":{"line":198,"column":10},"end":{"line":200,"column":12}},"57":{"start":{"line":199,"column":12},"end":{"line":199,"column":24}},"58":{"start":{"line":201,"column":10},"end":{"line":247,"column":12}},"59":{"start":{"line":203,"column":12},"end":{"line":203,"column":53}},"60":{"start":{"line":204,"column":12},"end":{"line":204,"column":31}},"61":{"start":{"line":205,"column":12},"end":{"line":205,"column":30}},"62":{"start":{"line":206,"column":12},"end":{"line":206,"column":79}},"63":{"start":{"line":207,"column":12},"end":{"line":209,"column":13}},"64":{"start":{"line":208,"column":14},"end":{"line":208,"column":55}},"65":{"start":{"line":210,"column":12},"end":{"line":246,"column":14}},"66":{"start":{"line":214,"column":18},"end":{"line":241,"column":20}},"67":{"start":{"line":221,"column":26},"end":{"line":236,"column":27}},"68":{"start":{"line":223,"column":28},"end":{"line":223,"column":43}},"69":{"start":{"line":224,"column":28},"end":{"line":234,"column":29}},"70":{"start":{"line":225,"column":30},"end":{"line":233,"column":32}},"71":{"start":{"line":226,"column":51},"end":{"line":226,"column":60}},"72":{"start":{"line":227,"column":34},"end":{"line":227,"column":64}},"73":{"start":{"line":228,"column":34},"end":{"line":231,"column":51}},"74":{"start":{"line":235,"column":28},"end":{"line":235,"column":40}},"75":{"start":{"line":237,"column":26},"end":{"line":237,"column":39}},"76":{"start":{"line":245,"column":14},"end":{"line":245,"column":65}},"77":{"start":{"line":248,"column":10},"end":{"line":266,"column":12}},"78":{"start":{"line":250,"column":12},"end":{"line":250,"column":53}},"79":{"start":{"line":251,"column":12},"end":{"line":251,"column":68}},"80":{"start":{"line":251,"column":66},"end":{"line":251,"column":67}},"81":{"start":{"line":252,"column":12},"end":{"line":265,"column":14}},"82":{"start":{"line":255,"column":18},"end":{"line":257,"column":22}},"83":{"start":{"line":256,"column":20},"end":{"line":256,"column":50}},"84":{"start":{"line":261,"column":16},"end":{"line":264,"column":20}},"85":{"start":{"line":263,"column":18},"end":{"line":263,"column":30}},"86":{"start":{"line":267,"column":10},"end":{"line":284,"column":12}},"87":{"start":{"line":269,"column":12},"end":{"line":269,"column":53}},"88":{"start":{"line":270,"column":12},"end":{"line":274,"column":27}},"89":{"start":{"line":274,"column":25},"end":{"line":274,"column":26}},"90":{"start":{"line":275,"column":12},"end":{"line":275,"column":53}},"91":{"start":{"line":275,"column":30},"end":{"line":275,"column":52}},"92":{"start":{"line":276,"column":12},"end":{"line":276,"column":45}},"93":{"start":{"line":276,"column":27},"end":{"line":276,"column":44}},"94":{"start":{"line":277,"column":12},"end":{"line":283,"column":14}},"95":{"start":{"line":281,"column":18},"end":{"line":281,"column":69}},"96":{"start":{"line":285,"column":10},"end":{"line":303,"column":12}},"97":{"start":{"line":287,"column":12},"end":{"line":287,"column":53}},"98":{"start":{"line":288,"column":12},"end":{"line":288,"column":68}},"99":{"start":{"line":288,"column":66},"end":{"line":288,"column":67}},"100":{"start":{"line":289,"column":12},"end":{"line":290,"column":75}},"101":{"start":{"line":290,"column":71},"end":{"line":290,"column":74}},"102":{"start":{"line":291,"column":12},"end":{"line":291,"column":52}},"103":{"start":{"line":291,"column":33},"end":{"line":291,"column":50}},"104":{"start":{"line":292,"column":12},"end":{"line":302,"column":14}},"105":{"start":{"line":297,"column":18},"end":{"line":300,"column":32}},"106":{"start":{"line":304,"column":10},"end":{"line":895,"column":12}},"107":{"start":{"line":347,"column":12},"end":{"line":347,"column":53}},"108":{"start":{"line":348,"column":12},"end":{"line":348,"column":34}},"109":{"start":{"line":349,"column":12},"end":{"line":350,"column":74}},"110":{"start":{"line":351,"column":12},"end":{"line":351,"column":34}},"111":{"start":{"line":352,"column":12},"end":{"line":352,"column":36}},"112":{"start":{"line":353,"column":12},"end":{"line":353,"column":44}},"113":{"start":{"line":354,"column":12},"end":{"line":354,"column":36}},"114":{"start":{"line":355,"column":12},"end":{"line":355,"column":36}},"115":{"start":{"line":356,"column":12},"end":{"line":356,"column":38}},"116":{"start":{"line":357,"column":12},"end":{"line":357,"column":40}},"117":{"start":{"line":358,"column":12},"end":{"line":358,"column":77}},"118":{"start":{"line":358,"column":75},"end":{"line":358,"column":76}},"119":{"start":{"line":359,"column":12},"end":{"line":359,"column":73}},"120":{"start":{"line":360,"column":12},"end":{"line":360,"column":54}},"121":{"start":{"line":361,"column":12},"end":{"line":362,"column":76}},"122":{"start":{"line":363,"column":12},"end":{"line":363,"column":46}},"123":{"start":{"line":364,"column":12},"end":{"line":364,"column":30}},"124":{"start":{"line":365,"column":12},"end":{"line":365,"column":38}},"125":{"start":{"line":366,"column":12},"end":{"line":366,"column":44}},"126":{"start":{"line":367,"column":12},"end":{"line":367,"column":46}},"127":{"start":{"line":368,"column":12},"end":{"line":368,"column":54}},"128":{"start":{"line":369,"column":12},"end":{"line":369,"column":40}},"129":{"start":{"line":370,"column":12},"end":{"line":370,"column":34}},"130":{"start":{"line":371,"column":12},"end":{"line":372,"column":79}},"131":{"start":{"line":373,"column":12},"end":{"line":376,"column":57}},"132":{"start":{"line":377,"column":12},"end":{"line":381,"column":13}},"133":{"start":{"line":378,"column":14},"end":{"line":380,"column":16}},"134":{"start":{"line":382,"column":12},"end":{"line":382,"column":37}},"135":{"start":{"line":383,"column":12},"end":{"line":383,"column":73}},"136":{"start":{"line":384,"column":12},"end":{"line":384,"column":40}},"137":{"start":{"line":385,"column":12},"end":{"line":385,"column":51}},"138":{"start":{"line":386,"column":12},"end":{"line":422,"column":13}},"139":{"start":{"line":387,"column":14},"end":{"line":420,"column":16}},"140":{"start":{"line":389,"column":16},"end":{"line":389,"column":55}},"141":{"start":{"line":390,"column":16},"end":{"line":390,"column":55}},"142":{"start":{"line":391,"column":16},"end":{"line":391,"column":79}},"143":{"start":{"line":392,"column":16},"end":{"line":419,"column":18}},"144":{"start":{"line":421,"column":14},"end":{"line":421,"column":56}},"145":{"start":{"line":423,"column":12},"end":{"line":549,"column":14}},"146":{"start":{"line":429,"column":14},"end":{"line":429,"column":41}},"147":{"start":{"line":430,"column":14},"end":{"line":548,"column":42}},"148":{"start":{"line":452,"column":16},"end":{"line":547,"column":21}},"149":{"start":{"line":453,"column":18},"end":{"line":546,"column":19}},"150":{"start":{"line":455,"column":22},"end":{"line":504,"column":28}},"151":{"start":{"line":463,"column":34},"end":{"line":470,"column":35}},"152":{"start":{"line":465,"column":36},"end":{"line":465,"column":51}},"153":{"start":{"line":466,"column":36},"end":{"line":468,"column":37}},"154":{"start":{"line":467,"column":38},"end":{"line":467,"column":54}},"155":{"start":{"line":469,"column":36},"end":{"line":469,"column":48}},"156":{"start":{"line":471,"column":34},"end":{"line":471,"column":47}},"157":{"start":{"line":484,"column":34},"end":{"line":491,"column":35}},"158":{"start":{"line":486,"column":36},"end":{"line":486,"column":53}},"159":{"start":{"line":487,"column":36},"end":{"line":489,"column":37}},"160":{"start":{"line":488,"column":38},"end":{"line":488,"column":55}},"161":{"start":{"line":490,"column":36},"end":{"line":490,"column":49}},"162":{"start":{"line":492,"column":34},"end":{"line":492,"column":47}},"163":{"start":{"line":506,"column":22},"end":{"line":526,"column":24}},"164":{"start":{"line":513,"column":30},"end":{"line":521,"column":31}},"165":{"start":{"line":515,"column":32},"end":{"line":515,"column":49}},"166":{"start":{"line":516,"column":32},"end":{"line":519,"column":33}},"167":{"start":{"line":517,"column":34},"end":{"line":517,"column":50}},"168":{"start":{"line":518,"column":34},"end":{"line":518,"column":44}},"169":{"start":{"line":520,"column":32},"end":{"line":520,"column":45}},"170":{"start":{"line":522,"column":30},"end":{"line":522,"column":43}},"171":{"start":{"line":528,"column":22},"end":{"line":545,"column":24}},"172":{"start":{"line":535,"column":30},"end":{"line":540,"column":31}},"173":{"start":{"line":537,"column":32},"end":{"line":537,"column":49}},"174":{"start":{"line":538,"column":32},"end":{"line":538,"column":42}},"175":{"start":{"line":539,"column":32},"end":{"line":539,"column":45}},"176":{"start":{"line":541,"column":30},"end":{"line":541,"column":43}},"177":{"start":{"line":548,"column":28},"end":{"line":548,"column":40}},"178":{"start":{"line":550,"column":12},"end":{"line":550,"column":26}},"179":{"start":{"line":551,"column":12},"end":{"line":560,"column":16}},"180":{"start":{"line":552,"column":14},"end":{"line":560,"column":15}},"181":{"start":{"line":553,"column":16},"end":{"line":559,"column":29}},"182":{"start":{"line":556,"column":22},"end":{"line":556,"column":34}},"183":{"start":{"line":557,"column":22},"end":{"line":557,"column":47}},"184":{"start":{"line":561,"column":12},"end":{"line":825,"column":14}},"185":{"start":{"line":568,"column":14},"end":{"line":570,"column":15}},"186":{"start":{"line":569,"column":16},"end":{"line":569,"column":42}},"187":{"start":{"line":571,"column":14},"end":{"line":571,"column":76}},"188":{"start":{"line":572,"column":14},"end":{"line":574,"column":15}},"189":{"start":{"line":573,"column":16},"end":{"line":573,"column":25}},"190":{"start":{"line":575,"column":14},"end":{"line":586,"column":18}},"191":{"start":{"line":587,"column":14},"end":{"line":587,"column":50}},"192":{"start":{"line":588,"column":14},"end":{"line":588,"column":34}},"193":{"start":{"line":589,"column":14},"end":{"line":824,"column":18}},"194":{"start":{"line":591,"column":18},"end":{"line":591,"column":36}},"195":{"start":{"line":592,"column":18},"end":{"line":592,"column":80}},"196":{"start":{"line":593,"column":18},"end":{"line":642,"column":21}},"197":{"start":{"line":594,"column":36},"end":{"line":594,"column":74}},"198":{"start":{"line":596,"column":22},"end":{"line":596,"column":71}},"199":{"start":{"line":600,"column":20},"end":{"line":601,"column":70}},"200":{"start":{"line":602,"column":20},"end":{"line":603,"column":72}},"201":{"start":{"line":604,"column":20},"end":{"line":641,"column":22}},"202":{"start":{"line":611,"column":28},"end":{"line":618,"column":29}},"203":{"start":{"line":613,"column":30},"end":{"line":613,"column":45}},"204":{"start":{"line":614,"column":30},"end":{"line":616,"column":31}},"205":{"start":{"line":615,"column":32},"end":{"line":615,"column":48}},"206":{"start":{"line":617,"column":30},"end":{"line":617,"column":42}},"207":{"start":{"line":619,"column":28},"end":{"line":619,"column":41}},"208":{"start":{"line":629,"column":28},"end":{"line":636,"column":29}},"209":{"start":{"line":631,"column":30},"end":{"line":631,"column":47}},"210":{"start":{"line":632,"column":30},"end":{"line":634,"column":31}},"211":{"start":{"line":633,"column":32},"end":{"line":633,"column":49}},"212":{"start":{"line":635,"column":30},"end":{"line":635,"column":43}},"213":{"start":{"line":637,"column":28},"end":{"line":637,"column":41}},"214":{"start":{"line":644,"column":32},"end":{"line":644,"column":48}},"215":{"start":{"line":647,"column":18},"end":{"line":682,"column":21}},"216":{"start":{"line":694,"column":20},"end":{"line":711,"column":23}},"217":{"start":{"line":712,"column":20},"end":{"line":717,"column":22}},"218":{"start":{"line":730,"column":18},"end":{"line":730,"column":51}},"219":{"start":{"line":731,"column":18},"end":{"line":731,"column":53}},"220":{"start":{"line":732,"column":18},"end":{"line":732,"column":47}},"221":{"start":{"line":733,"column":18},"end":{"line":733,"column":41}},"222":{"start":{"line":734,"column":18},"end":{"line":734,"column":49}},"223":{"start":{"line":735,"column":18},"end":{"line":735,"column":39}},"224":{"start":{"line":736,"column":18},"end":{"line":736,"column":57}},"225":{"start":{"line":737,"column":18},"end":{"line":746,"column":19}},"226":{"start":{"line":738,"column":20},"end":{"line":738,"column":39}},"227":{"start":{"line":739,"column":20},"end":{"line":739,"column":47}},"228":{"start":{"line":740,"column":20},"end":{"line":740,"column":50}},"229":{"start":{"line":741,"column":20},"end":{"line":744,"column":22}},"230":{"start":{"line":745,"column":20},"end":{"line":745,"column":51}},"231":{"start":{"line":747,"column":18},"end":{"line":751,"column":30}},"232":{"start":{"line":752,"column":18},"end":{"line":792,"column":19}},"233":{"start":{"line":753,"column":20},"end":{"line":791,"column":22}},"234":{"start":{"line":793,"column":18},"end":{"line":811,"column":79}},"235":{"start":{"line":794,"column":48},"end":{"line":794,"column":67}},"236":{"start":{"line":801,"column":38},"end":{"line":801,"column":51}},"237":{"start":{"line":809,"column":38},"end":{"line":809,"column":52}},"238":{"start":{"line":811,"column":55},"end":{"line":811,"column":77}},"239":{"start":{"line":814,"column":18},"end":{"line":823,"column":31}},"240":{"start":{"line":826,"column":12},"end":{"line":894,"column":17}},"241":{"start":{"line":828,"column":22},"end":{"line":828,"column":77}},"242":{"start":{"line":837,"column":16},"end":{"line":837,"column":50}},"243":{"start":{"line":838,"column":16},"end":{"line":838,"column":55}},"244":{"start":{"line":839,"column":16},"end":{"line":839,"column":55}},"245":{"start":{"line":840,"column":16},"end":{"line":842,"column":17}},"246":{"start":{"line":841,"column":18},"end":{"line":841,"column":54}},"247":{"start":{"line":843,"column":16},"end":{"line":843,"column":79}},"248":{"start":{"line":844,"column":16},"end":{"line":846,"column":17}},"249":{"start":{"line":845,"column":18},"end":{"line":845,"column":60}},"250":{"start":{"line":847,"column":16},"end":{"line":848,"column":63}},"251":{"start":{"line":849,"column":16},"end":{"line":851,"column":17}},"252":{"start":{"line":850,"column":18},"end":{"line":850,"column":70}},"253":{"start":{"line":852,"column":16},"end":{"line":861,"column":19}},"254":{"start":{"line":862,"column":16},"end":{"line":893,"column":28}},"255":{"start":{"line":869,"column":22},"end":{"line":869,"column":30}},"256":{"start":{"line":877,"column":37},"end":{"line":877,"column":51}},"257":{"start":{"line":891,"column":30},"end":{"line":891,"column":79}},"258":{"start":{"line":896,"column":10},"end":{"line":925,"column":12}},"259":{"start":{"line":898,"column":12},"end":{"line":924,"column":14}},"260":{"start":{"line":903,"column":18},"end":{"line":920,"column":20}},"261":{"start":{"line":910,"column":26},"end":{"line":915,"column":27}},"262":{"start":{"line":912,"column":28},"end":{"line":912,"column":40}},"263":{"start":{"line":913,"column":28},"end":{"line":913,"column":41}},"264":{"start":{"line":914,"column":28},"end":{"line":914,"column":39}},"265":{"start":{"line":916,"column":26},"end":{"line":916,"column":38}}},"fnMap":{"0":{"name":"(anonymous_0)","decl":{"start":{"line":3,"column":19},"end":{"line":3,"column":20}},"loc":{"start":{"line":3,"column":25},"end":{"line":930,"column":1}},"line":3},"1":{"name":"(anonymous_1)","decl":{"start":{"line":35,"column":4},"end":{"line":35,"column":5}},"loc":{"start":{"line":56,"column":9},"end":{"line":928,"column":5}},"line":56},"2":{"name":"(anonymous_2)","decl":{"start":{"line":60,"column":8},"end":{"line":60,"column":9}},"loc":{"start":{"line":60,"column":63},"end":{"line":926,"column":9}},"line":60},"3":{"name":"(anonymous_3)","decl":{"start":{"line":62,"column":34},"end":{"line":62,"column":35}},"loc":{"start":{"line":62,"column":47},"end":{"line":197,"column":11}},"line":62},"4":{"name":"(anonymous_4)","decl":{"start":{"line":147,"column":48},"end":{"line":147,"column":49}},"loc":{"start":{"line":147,"column":61},"end":{"line":147,"column":79}},"line":147},"5":{"name":"(anonymous_5)","decl":{"start":{"line":153,"column":25},"end":{"line":153,"column":26}},"loc":{"start":{"line":153,"column":31},"end":{"line":163,"column":17}},"line":153},"6":{"name":"(anonymous_6)","decl":{"start":{"line":158,"column":26},"end":{"line":158,"column":27}},"loc":{"start":{"line":158,"column":35},"end":{"line":158,"column":59}},"line":158},"7":{"name":"(anonymous_7)","decl":{"start":{"line":159,"column":26},"end":{"line":159,"column":27}},"loc":{"start":{"line":159,"column":35},"end":{"line":159,"column":49}},"line":159},"8":{"name":"(anonymous_8)","decl":{"start":{"line":161,"column":29},"end":{"line":161,"column":30}},"loc":{"start":{"line":161,"column":38},"end":{"line":161,"column":53}},"line":161},"9":{"name":"(anonymous_9)","decl":{"start":{"line":198,"column":23},"end":{"line":198,"column":24}},"loc":{"start":{"line":198,"column":35},"end":{"line":200,"column":11}},"line":198},"10":{"name":"(anonymous_10)","decl":{"start":{"line":201,"column":30},"end":{"line":201,"column":31}},"loc":{"start":{"line":201,"column":43},"end":{"line":247,"column":11}},"line":201},"11":{"name":"(anonymous_11)","decl":{"start":{"line":212,"column":25},"end":{"line":212,"column":26}},"loc":{"start":{"line":212,"column":36},"end":{"line":242,"column":17}},"line":212},"12":{"name":"(anonymous_12)","decl":{"start":{"line":220,"column":25},"end":{"line":220,"column":26}},"loc":{"start":{"line":220,"column":31},"end":{"line":238,"column":25}},"line":220},"13":{"name":"(anonymous_13)","decl":{"start":{"line":226,"column":45},"end":{"line":226,"column":46}},"loc":{"start":{"line":226,"column":51},"end":{"line":226,"column":60}},"line":226},"14":{"name":"(anonymous_14)","decl":{"start":{"line":226,"column":68},"end":{"line":226,"column":69}},"loc":{"start":{"line":226,"column":79},"end":{"line":232,"column":33}},"line":226},"15":{"name":"(anonymous_15)","decl":{"start":{"line":244,"column":19},"end":{"line":244,"column":20}},"loc":{"start":{"line":245,"column":14},"end":{"line":245,"column":65}},"line":245},"16":{"name":"(anonymous_16)","decl":{"start":{"line":248,"column":22},"end":{"line":248,"column":23}},"loc":{"start":{"line":248,"column":35},"end":{"line":266,"column":11}},"line":248},"17":{"name":"(anonymous_17)","decl":{"start":{"line":251,"column":59},"end":{"line":251,"column":60}},"loc":{"start":{"line":251,"column":66},"end":{"line":251,"column":67}},"line":251},"18":{"name":"(anonymous_18)","decl":{"start":{"line":254,"column":21},"end":{"line":254,"column":22}},"loc":{"start":{"line":255,"column":18},"end":{"line":257,"column":22}},"line":255},"19":{"name":"(anonymous_19)","decl":{"start":{"line":255,"column":19},"end":{"line":255,"column":20}},"loc":{"start":{"line":255,"column":25},"end":{"line":257,"column":19}},"line":255},"20":{"name":"(anonymous_20)","decl":{"start":{"line":260,"column":14},"end":{"line":260,"column":15}},"loc":{"start":{"line":261,"column":16},"end":{"line":264,"column":20}},"line":261},"21":{"name":"(anonymous_21)","decl":{"start":{"line":262,"column":17},"end":{"line":262,"column":18}},"loc":{"start":{"line":262,"column":23},"end":{"line":264,"column":17}},"line":262},"22":{"name":"(anonymous_22)","decl":{"start":{"line":267,"column":23},"end":{"line":267,"column":24}},"loc":{"start":{"line":267,"column":36},"end":{"line":284,"column":11}},"line":267},"23":{"name":"(anonymous_23)","decl":{"start":{"line":274,"column":18},"end":{"line":274,"column":19}},"loc":{"start":{"line":274,"column":25},"end":{"line":274,"column":26}},"line":274},"24":{"name":"(anonymous_24)","decl":{"start":{"line":275,"column":20},"end":{"line":275,"column":21}},"loc":{"start":{"line":275,"column":30},"end":{"line":275,"column":52}},"line":275},"25":{"name":"(anonymous_25)","decl":{"start":{"line":276,"column":20},"end":{"line":276,"column":21}},"loc":{"start":{"line":276,"column":27},"end":{"line":276,"column":44}},"line":276},"26":{"name":"(anonymous_26)","decl":{"start":{"line":280,"column":22},"end":{"line":280,"column":23}},"loc":{"start":{"line":281,"column":18},"end":{"line":281,"column":69}},"line":281},"27":{"name":"(anonymous_27)","decl":{"start":{"line":285,"column":24},"end":{"line":285,"column":25}},"loc":{"start":{"line":285,"column":37},"end":{"line":303,"column":11}},"line":285},"28":{"name":"(anonymous_28)","decl":{"start":{"line":288,"column":59},"end":{"line":288,"column":60}},"loc":{"start":{"line":288,"column":66},"end":{"line":288,"column":67}},"line":288},"29":{"name":"(anonymous_29)","decl":{"start":{"line":290,"column":58},"end":{"line":290,"column":59}},"loc":{"start":{"line":290,"column":71},"end":{"line":290,"column":74}},"line":290},"30":{"name":"(anonymous_30)","decl":{"start":{"line":291,"column":20},"end":{"line":291,"column":21}},"loc":{"start":{"line":291,"column":33},"end":{"line":291,"column":50}},"line":291},"31":{"name":"(anonymous_31)","decl":{"start":{"line":296,"column":22},"end":{"line":296,"column":23}},"loc":{"start":{"line":297,"column":18},"end":{"line":300,"column":32}},"line":297},"32":{"name":"(anonymous_32)","decl":{"start":{"line":304,"column":22},"end":{"line":304,"column":23}},"loc":{"start":{"line":304,"column":35},"end":{"line":895,"column":11}},"line":304},"33":{"name":"(anonymous_33)","decl":{"start":{"line":358,"column":68},"end":{"line":358,"column":69}},"loc":{"start":{"line":358,"column":75},"end":{"line":358,"column":76}},"line":358},"34":{"name":"(anonymous_34)","decl":{"start":{"line":387,"column":23},"end":{"line":387,"column":24}},"loc":{"start":{"line":387,"column":36},"end":{"line":420,"column":15}},"line":387},"35":{"name":"(anonymous_35)","decl":{"start":{"line":423,"column":21},"end":{"line":423,"column":22}},"loc":{"start":{"line":428,"column":17},"end":{"line":549,"column":13}},"line":428},"36":{"name":"(anonymous_36)","decl":{"start":{"line":430,"column":34},"end":{"line":430,"column":35}},"loc":{"start":{"line":430,"column":40},"end":{"line":548,"column":15}},"line":430},"37":{"name":"(anonymous_37)","decl":{"start":{"line":452,"column":24},"end":{"line":452,"column":25}},"loc":{"start":{"line":452,"column":30},"end":{"line":547,"column":17}},"line":452},"38":{"name":"(anonymous_38)","decl":{"start":{"line":462,"column":33},"end":{"line":462,"column":34}},"loc":{"start":{"line":462,"column":39},"end":{"line":472,"column":33}},"line":462},"39":{"name":"(anonymous_39)","decl":{"start":{"line":483,"column":33},"end":{"line":483,"column":34}},"loc":{"start":{"line":483,"column":39},"end":{"line":493,"column":33}},"line":483},"40":{"name":"(anonymous_40)","decl":{"start":{"line":512,"column":29},"end":{"line":512,"column":30}},"loc":{"start":{"line":512,"column":35},"end":{"line":523,"column":29}},"line":512},"41":{"name":"(anonymous_41)","decl":{"start":{"line":534,"column":29},"end":{"line":534,"column":30}},"loc":{"start":{"line":534,"column":35},"end":{"line":542,"column":29}},"line":534},"42":{"name":"(anonymous_42)","decl":{"start":{"line":548,"column":22},"end":{"line":548,"column":23}},"loc":{"start":{"line":548,"column":28},"end":{"line":548,"column":40}},"line":548},"43":{"name":"(anonymous_43)","decl":{"start":{"line":551,"column":30},"end":{"line":551,"column":31}},"loc":{"start":{"line":552,"column":14},"end":{"line":560,"column":15}},"line":552},"44":{"name":"(anonymous_44)","decl":{"start":{"line":552,"column":27},"end":{"line":552,"column":28}},"loc":{"start":{"line":553,"column":16},"end":{"line":559,"column":29}},"line":553},"45":{"name":"(anonymous_45)","decl":{"start":{"line":555,"column":39},"end":{"line":555,"column":40}},"loc":{"start":{"line":555,"column":45},"end":{"line":558,"column":21}},"line":555},"46":{"name":"(anonymous_46)","decl":{"start":{"line":561,"column":28},"end":{"line":561,"column":29}},"loc":{"start":{"line":566,"column":17},"end":{"line":825,"column":13}},"line":566},"47":{"name":"(anonymous_47)","decl":{"start":{"line":590,"column":22},"end":{"line":590,"column":23}},"loc":{"start":{"line":590,"column":28},"end":{"line":643,"column":17}},"line":590},"48":{"name":"(anonymous_48)","decl":{"start":{"line":594,"column":30},"end":{"line":594,"column":31}},"loc":{"start":{"line":594,"column":36},"end":{"line":594,"column":74}},"line":594},"49":{"name":"(anonymous_49)","decl":{"start":{"line":595,"column":30},"end":{"line":595,"column":31}},"loc":{"start":{"line":596,"column":22},"end":{"line":596,"column":71}},"line":596},"50":{"name":"(anonymous_50)","decl":{"start":{"line":598,"column":26},"end":{"line":598,"column":27}},"loc":{"start":{"line":598,"column":61},"end":{"line":642,"column":19}},"line":598},"51":{"name":"(anonymous_51)","decl":{"start":{"line":610,"column":27},"end":{"line":610,"column":28}},"loc":{"start":{"line":610,"column":33},"end":{"line":620,"column":27}},"line":610},"52":{"name":"(anonymous_52)","decl":{"start":{"line":628,"column":27},"end":{"line":628,"column":28}},"loc":{"start":{"line":628,"column":33},"end":{"line":638,"column":27}},"line":628},"53":{"name":"(anonymous_53)","decl":{"start":{"line":644,"column":25},"end":{"line":644,"column":26}},"loc":{"start":{"line":644,"column":32},"end":{"line":644,"column":48}},"line":644},"54":{"name":"(anonymous_54)","decl":{"start":{"line":645,"column":22},"end":{"line":645,"column":23}},"loc":{"start":{"line":645,"column":51},"end":{"line":683,"column":17}},"line":645},"55":{"name":"(anonymous_55)","decl":{"start":{"line":685,"column":18},"end":{"line":685,"column":19}},"loc":{"start":{"line":692,"column":24},"end":{"line":718,"column":19}},"line":692},"56":{"name":"(anonymous_56)","decl":{"start":{"line":720,"column":22},"end":{"line":720,"column":23}},"loc":{"start":{"line":720,"column":78},"end":{"line":812,"column":17}},"line":720},"57":{"name":"(anonymous_57)","decl":{"start":{"line":794,"column":41},"end":{"line":794,"column":42}},"loc":{"start":{"line":794,"column":48},"end":{"line":794,"column":67}},"line":794},"58":{"name":"(anonymous_58)","decl":{"start":{"line":801,"column":31},"end":{"line":801,"column":32}},"loc":{"start":{"line":801,"column":38},"end":{"line":801,"column":51}},"line":801},"59":{"name":"(anonymous_59)","decl":{"start":{"line":809,"column":31},"end":{"line":809,"column":32}},"loc":{"start":{"line":809,"column":38},"end":{"line":809,"column":52}},"line":809},"60":{"name":"(anonymous_60)","decl":{"start":{"line":811,"column":26},"end":{"line":811,"column":27}},"loc":{"start":{"line":811,"column":55},"end":{"line":811,"column":77}},"line":811},"61":{"name":"(anonymous_61)","decl":{"start":{"line":813,"column":26},"end":{"line":813,"column":27}},"loc":{"start":{"line":814,"column":18},"end":{"line":823,"column":31}},"line":814},"62":{"name":"(anonymous_62)","decl":{"start":{"line":828,"column":16},"end":{"line":828,"column":17}},"loc":{"start":{"line":828,"column":22},"end":{"line":828,"column":77}},"line":828},"63":{"name":"(anonymous_63)","decl":{"start":{"line":830,"column":20},"end":{"line":830,"column":21}},"loc":{"start":{"line":830,"column":31},"end":{"line":894,"column":15}},"line":830},"64":{"name":"(anonymous_64)","decl":{"start":{"line":868,"column":21},"end":{"line":868,"column":22}},"loc":{"start":{"line":868,"column":27},"end":{"line":870,"column":21}},"line":868},"65":{"name":"(anonymous_65)","decl":{"start":{"line":877,"column":30},"end":{"line":877,"column":31}},"loc":{"start":{"line":877,"column":37},"end":{"line":877,"column":51}},"line":877},"66":{"name":"(anonymous_66)","decl":{"start":{"line":890,"column":28},"end":{"line":890,"column":29}},"loc":{"start":{"line":891,"column":30},"end":{"line":891,"column":79}},"line":891},"67":{"name":"(anonymous_67)","decl":{"start":{"line":896,"column":30},"end":{"line":896,"column":31}},"loc":{"start":{"line":896,"column":43},"end":{"line":925,"column":11}},"line":896},"68":{"name":"(anonymous_68)","decl":{"start":{"line":901,"column":25},"end":{"line":901,"column":26}},"loc":{"start":{"line":901,"column":32},"end":{"line":921,"column":17}},"line":901},"69":{"name":"(anonymous_69)","decl":{"start":{"line":909,"column":25},"end":{"line":909,"column":26}},"loc":{"start":{"line":909,"column":31},"end":{"line":917,"column":25}},"line":909}},"branchMap":{"0":{"loc":{"start":{"line":90,"column":21},"end":{"line":90,"column":70}},"type":"cond-expr","locations":[{"start":{"line":90,"column":61},"end":{"line":90,"column":65}},{"start":{"line":90,"column":68},"end":{"line":90,"column":70}}],"line":90},"1":{"loc":{"start":{"line":92,"column":22},"end":{"line":92,"column":78}},"type":"cond-expr","locations":[{"start":{"line":92,"column":64},"end":{"line":92,"column":69}},{"start":{"line":92,"column":72},"end":{"line":92,"column":78}}],"line":92},"2":{"loc":{"start":{"line":99,"column":14},"end":{"line":99,"column":69}},"type":"cond-expr","locations":[{"start":{"line":99,"column":59},"end":{"line":99,"column":64}},{"start":{"line":99,"column":67},"end":{"line":99,"column":69}}],"line":99},"3":{"loc":{"start":{"line":104,"column":14},"end":{"line":104,"column":72}},"type":"cond-expr","locations":[{"start":{"line":104,"column":52},"end":{"line":104,"column":57}},{"start":{"line":104,"column":60},"end":{"line":104,"column":72}}],"line":104},"4":{"loc":{"start":{"line":105,"column":12},"end":{"line":119,"column":13}},"type":"if","locations":[{"start":{"line":105,"column":12},"end":{"line":119,"column":13}},{"start":{"line":105,"column":12},"end":{"line":119,"column":13}}],"line":105},"5":{"loc":{"start":{"line":107,"column":16},"end":{"line":115,"column":33}},"type":"binary-expr","locations":[{"start":{"line":107,"column":16},"end":{"line":107,"column":22}},{"start":{"line":108,"column":16},"end":{"line":108,"column":24}},{"start":{"line":109,"column":16},"end":{"line":109,"column":22}},{"start":{"line":110,"column":16},"end":{"line":110,"column":23}},{"start":{"line":111,"column":16},"end":{"line":111,"column":26}},{"start":{"line":112,"column":16},"end":{"line":112,"column":22}},{"start":{"line":113,"column":16},"end":{"line":113,"column":30}},{"start":{"line":114,"column":16},"end":{"line":114,"column":37}},{"start":{"line":115,"column":16},"end":{"line":115,"column":33}}],"line":107},"6":{"loc":{"start":{"line":122,"column":14},"end":{"line":124,"column":15}},"type":"if","locations":[{"start":{"line":122,"column":14},"end":{"line":124,"column":15}},{"start":{"line":122,"column":14},"end":{"line":124,"column":15}}],"line":122},"7":{"loc":{"start":{"line":126,"column":14},"end":{"line":128,"column":15}},"type":"if","locations":[{"start":{"line":126,"column":14},"end":{"line":128,"column":15}},{"start":{"line":126,"column":14},"end":{"line":128,"column":15}}],"line":126},"8":{"loc":{"start":{"line":129,"column":50},"end":{"line":129,"column":78}},"type":"cond-expr","locations":[{"start":{"line":129,"column":67},"end":{"line":129,"column":73}},{"start":{"line":129,"column":76},"end":{"line":129,"column":78}}],"line":129},"9":{"loc":{"start":{"line":130,"column":14},"end":{"line":132,"column":15}},"type":"if","locations":[{"start":{"line":130,"column":14},"end":{"line":132,"column":15}},{"start":{"line":130,"column":14},"end":{"line":132,"column":15}}],"line":130},"10":{"loc":{"start":{"line":130,"column":18},"end":{"line":130,"column":50}},"type":"binary-expr","locations":[{"start":{"line":130,"column":18},"end":{"line":130,"column":25}},{"start":{"line":130,"column":29},"end":{"line":130,"column":50}}],"line":130},"11":{"loc":{"start":{"line":133,"column":14},"end":{"line":138,"column":15}},"type":"if","locations":[{"start":{"line":133,"column":14},"end":{"line":138,"column":15}},{"start":{"line":133,"column":14},"end":{"line":138,"column":15}}],"line":133},"12":{"loc":{"start":{"line":134,"column":16},"end":{"line":136,"column":17}},"type":"if","locations":[{"start":{"line":134,"column":16},"end":{"line":136,"column":17}},{"start":{"line":134,"column":16},"end":{"line":136,"column":17}}],"line":134},"13":{"loc":{"start":{"line":139,"column":14},"end":{"line":148,"column":15}},"type":"if","locations":[{"start":{"line":139,"column":14},"end":{"line":148,"column":15}},{"start":{"line":139,"column":14},"end":{"line":148,"column":15}}],"line":139},"14":{"loc":{"start":{"line":139,"column":18},"end":{"line":139,"column":35}},"type":"binary-expr","locations":[{"start":{"line":139,"column":18},"end":{"line":139,"column":24}},{"start":{"line":139,"column":28},"end":{"line":139,"column":35}}],"line":139},"15":{"loc":{"start":{"line":140,"column":16},"end":{"line":146,"column":17}},"type":"if","locations":[{"start":{"line":140,"column":16},"end":{"line":146,"column":17}},{"start":{"line":140,"column":16},"end":{"line":146,"column":17}}],"line":140},"16":{"loc":{"start":{"line":147,"column":22},"end":{"line":147,"column":79}},"type":"cond-expr","locations":[{"start":{"line":147,"column":39},"end":{"line":147,"column":45}},{"start":{"line":147,"column":48},"end":{"line":147,"column":79}}],"line":147},"17":{"loc":{"start":{"line":149,"column":14},"end":{"line":164,"column":15}},"type":"if","locations":[{"start":{"line":149,"column":14},"end":{"line":164,"column":15}},{"start":{"line":149,"column":14},"end":{"line":164,"column":15}}],"line":149},"18":{"loc":{"start":{"line":149,"column":18},"end":{"line":149,"column":39}},"type":"binary-expr","locations":[{"start":{"line":149,"column":18},"end":{"line":149,"column":26}},{"start":{"line":149,"column":30},"end":{"line":149,"column":39}}],"line":149},"19":{"loc":{"start":{"line":150,"column":16},"end":{"line":152,"column":17}},"type":"if","locations":[{"start":{"line":150,"column":16},"end":{"line":152,"column":17}},{"start":{"line":150,"column":16},"end":{"line":152,"column":17}}],"line":150},"20":{"loc":{"start":{"line":154,"column":18},"end":{"line":162,"column":19}},"type":"switch","locations":[{"start":{"line":155,"column":20},"end":{"line":159,"column":50}},{"start":{"line":160,"column":20},"end":{"line":161,"column":54}}],"line":154},"21":{"loc":{"start":{"line":156,"column":29},"end":{"line":159,"column":49}},"type":"cond-expr","locations":[{"start":{"line":157,"column":27},"end":{"line":158,"column":59}},{"start":{"line":159,"column":26},"end":{"line":159,"column":49}}],"line":156},"22":{"loc":{"start":{"line":185,"column":18},"end":{"line":185,"column":77}},"type":"cond-expr","locations":[{"start":{"line":185,"column":62},"end":{"line":185,"column":67}},{"start":{"line":185,"column":70},"end":{"line":185,"column":77}}],"line":185},"23":{"loc":{"start":{"line":206,"column":21},"end":{"line":206,"column":78}},"type":"cond-expr","locations":[{"start":{"line":206,"column":61},"end":{"line":206,"column":65}},{"start":{"line":206,"column":68},"end":{"line":206,"column":78}}],"line":206},"24":{"loc":{"start":{"line":207,"column":12},"end":{"line":209,"column":13}},"type":"if","locations":[{"start":{"line":207,"column":12},"end":{"line":209,"column":13}},{"start":{"line":207,"column":12},"end":{"line":209,"column":13}}],"line":207},"25":{"loc":{"start":{"line":217,"column":20},"end":{"line":239,"column":33}},"type":"cond-expr","locations":[{"start":{"line":218,"column":25},"end":{"line":238,"column":28}},{"start":{"line":239,"column":24},"end":{"line":239,"column":33}}],"line":217},"26":{"loc":{"start":{"line":224,"column":28},"end":{"line":234,"column":29}},"type":"if","locations":[{"start":{"line":224,"column":28},"end":{"line":234,"column":29}},{"start":{"line":224,"column":28},"end":{"line":234,"column":29}}],"line":224},"27":{"loc":{"start":{"line":228,"column":42},"end":{"line":230,"column":51}},"type":"cond-expr","locations":[{"start":{"line":229,"column":38},"end":{"line":229,"column":44}},{"start":{"line":230,"column":39},"end":{"line":230,"column":50}}],"line":228},"28":{"loc":{"start":{"line":245,"column":14},"end":{"line":245,"column":65}},"type":"cond-expr","locations":[{"start":{"line":245,"column":31},"end":{"line":245,"column":56}},{"start":{"line":245,"column":59},"end":{"line":245,"column":65}}],"line":245},"29":{"loc":{"start":{"line":251,"column":21},"end":{"line":251,"column":67}},"type":"cond-expr","locations":[{"start":{"line":251,"column":52},"end":{"line":251,"column":56}},{"start":{"line":251,"column":59},"end":{"line":251,"column":67}}],"line":251},"30":{"loc":{"start":{"line":261,"column":16},"end":{"line":264,"column":20}},"type":"binary-expr","locations":[{"start":{"line":261,"column":16},"end":{"line":261,"column":27}},{"start":{"line":262,"column":16},"end":{"line":264,"column":20}}],"line":261},"31":{"loc":{"start":{"line":271,"column":14},"end":{"line":274,"column":26}},"type":"cond-expr","locations":[{"start":{"line":273,"column":18},"end":{"line":273,"column":22}},{"start":{"line":274,"column":18},"end":{"line":274,"column":26}}],"line":271},"32":{"loc":{"start":{"line":271,"column":22},"end":{"line":271,"column":74}},"type":"cond-expr","locations":[{"start":{"line":271,"column":55},"end":{"line":271,"column":60}},{"start":{"line":271,"column":63},"end":{"line":271,"column":74}}],"line":271},"33":{"loc":{"start":{"line":279,"column":35},"end":{"line":279,"column":78}},"type":"cond-expr","locations":[{"start":{"line":279,"column":68},"end":{"line":279,"column":73}},{"start":{"line":279,"column":76},"end":{"line":279,"column":78}}],"line":279},"34":{"loc":{"start":{"line":288,"column":21},"end":{"line":288,"column":67}},"type":"cond-expr","locations":[{"start":{"line":288,"column":52},"end":{"line":288,"column":56}},{"start":{"line":288,"column":59},"end":{"line":288,"column":67}}],"line":288},"35":{"loc":{"start":{"line":290,"column":14},"end":{"line":290,"column":74}},"type":"cond-expr","locations":[{"start":{"line":290,"column":50},"end":{"line":290,"column":55}},{"start":{"line":290,"column":58},"end":{"line":290,"column":74}}],"line":290},"36":{"loc":{"start":{"line":295,"column":18},"end":{"line":295,"column":61}},"type":"cond-expr","locations":[{"start":{"line":295,"column":51},"end":{"line":295,"column":56}},{"start":{"line":295,"column":59},"end":{"line":295,"column":61}}],"line":295},"37":{"loc":{"start":{"line":350,"column":14},"end":{"line":350,"column":73}},"type":"cond-expr","locations":[{"start":{"line":350,"column":60},"end":{"line":350,"column":64}},{"start":{"line":350,"column":67},"end":{"line":350,"column":73}}],"line":350},"38":{"loc":{"start":{"line":358,"column":20},"end":{"line":358,"column":76}},"type":"cond-expr","locations":[{"start":{"line":358,"column":60},"end":{"line":358,"column":65}},{"start":{"line":358,"column":68},"end":{"line":358,"column":76}}],"line":358},"39":{"loc":{"start":{"line":359,"column":20},"end":{"line":359,"column":72}},"type":"cond-expr","locations":[{"start":{"line":359,"column":60},"end":{"line":359,"column":65}},{"start":{"line":359,"column":68},"end":{"line":359,"column":72}}],"line":359},"40":{"loc":{"start":{"line":362,"column":14},"end":{"line":362,"column":75}},"type":"cond-expr","locations":[{"start":{"line":362,"column":64},"end":{"line":362,"column":69}},{"start":{"line":362,"column":72},"end":{"line":362,"column":75}}],"line":362},"41":{"loc":{"start":{"line":372,"column":14},"end":{"line":372,"column":78}},"type":"cond-expr","locations":[{"start":{"line":372,"column":51},"end":{"line":372,"column":56}},{"start":{"line":372,"column":59},"end":{"line":372,"column":78}}],"line":372},"42":{"loc":{"start":{"line":374,"column":14},"end":{"line":376,"column":56}},"type":"cond-expr","locations":[{"start":{"line":375,"column":18},"end":{"line":375,"column":23}},{"start":{"line":376,"column":18},"end":{"line":376,"column":56}}],"line":374},"43":{"loc":{"start":{"line":377,"column":12},"end":{"line":381,"column":13}},"type":"if","locations":[{"start":{"line":377,"column":12},"end":{"line":381,"column":13}},{"start":{"line":377,"column":12},"end":{"line":381,"column":13}}],"line":377},"44":{"loc":{"start":{"line":377,"column":16},"end":{"line":377,"column":42}},"type":"binary-expr","locations":[{"start":{"line":377,"column":16},"end":{"line":377,"column":23}},{"start":{"line":377,"column":27},"end":{"line":377,"column":30}},{"start":{"line":377,"column":34},"end":{"line":377,"column":42}}],"line":377},"45":{"loc":{"start":{"line":385,"column":28},"end":{"line":385,"column":50}},"type":"cond-expr","locations":[{"start":{"line":385,"column":37},"end":{"line":385,"column":38}},{"start":{"line":385,"column":41},"end":{"line":385,"column":50}}],"line":385},"46":{"loc":{"start":{"line":386,"column":12},"end":{"line":422,"column":13}},"type":"if","locations":[{"start":{"line":386,"column":12},"end":{"line":422,"column":13}},{"start":{"line":386,"column":12},"end":{"line":422,"column":13}}],"line":386},"47":{"loc":{"start":{"line":399,"column":22},"end":{"line":401,"column":35}},"type":"cond-expr","locations":[{"start":{"line":400,"column":26},"end":{"line":400,"column":68}},{"start":{"line":401,"column":26},"end":{"line":401,"column":35}}],"line":399},"48":{"loc":{"start":{"line":402,"column":22},"end":{"line":404,"column":35}},"type":"cond-expr","locations":[{"start":{"line":403,"column":26},"end":{"line":403,"column":69}},{"start":{"line":404,"column":26},"end":{"line":404,"column":35}}],"line":402},"49":{"loc":{"start":{"line":405,"column":22},"end":{"line":407,"column":35}},"type":"cond-expr","locations":[{"start":{"line":406,"column":26},"end":{"line":406,"column":67}},{"start":{"line":407,"column":26},"end":{"line":407,"column":35}}],"line":405},"50":{"loc":{"start":{"line":408,"column":22},"end":{"line":412,"column":35}},"type":"cond-expr","locations":[{"start":{"line":409,"column":26},"end":{"line":409,"column":50}},{"start":{"line":410,"column":26},"end":{"line":412,"column":35}}],"line":408},"51":{"loc":{"start":{"line":410,"column":26},"end":{"line":412,"column":35}},"type":"cond-expr","locations":[{"start":{"line":411,"column":26},"end":{"line":411,"column":75}},{"start":{"line":412,"column":26},"end":{"line":412,"column":35}}],"line":410},"52":{"loc":{"start":{"line":413,"column":22},"end":{"line":415,"column":35}},"type":"cond-expr","locations":[{"start":{"line":414,"column":26},"end":{"line":414,"column":69}},{"start":{"line":415,"column":26},"end":{"line":415,"column":35}}],"line":413},"53":{"loc":{"start":{"line":416,"column":22},"end":{"line":416,"column":77}},"type":"binary-expr","locations":[{"start":{"line":416,"column":23},"end":{"line":416,"column":43}},{"start":{"line":416,"column":47},"end":{"line":416,"column":68}},{"start":{"line":416,"column":73},"end":{"line":416,"column":77}}],"line":416},"54":{"loc":{"start":{"line":453,"column":18},"end":{"line":546,"column":19}},"type":"switch","locations":[{"start":{"line":454,"column":20},"end":{"line":504,"column":28}},{"start":{"line":505,"column":20},"end":{"line":526,"column":24}},{"start":{"line":527,"column":20},"end":{"line":545,"column":24}}],"line":453},"55":{"loc":{"start":{"line":455,"column":29},"end":{"line":504,"column":27}},"type":"cond-expr","locations":[{"start":{"line":456,"column":27},"end":{"line":498,"column":27}},{"start":{"line":499,"column":26},"end":{"line":504,"column":27}}],"line":455},"56":{"loc":{"start":{"line":459,"column":28},"end":{"line":473,"column":41}},"type":"cond-expr","locations":[{"start":{"line":460,"column":33},"end":{"line":472,"column":36}},{"start":{"line":473,"column":32},"end":{"line":473,"column":41}}],"line":459},"57":{"loc":{"start":{"line":466,"column":36},"end":{"line":468,"column":37}},"type":"if","locations":[{"start":{"line":466,"column":36},"end":{"line":468,"column":37}},{"start":{"line":466,"column":36},"end":{"line":468,"column":37}}],"line":466},"58":{"loc":{"start":{"line":480,"column":28},"end":{"line":494,"column":41}},"type":"cond-expr","locations":[{"start":{"line":481,"column":33},"end":{"line":493,"column":36}},{"start":{"line":494,"column":32},"end":{"line":494,"column":41}}],"line":480},"59":{"loc":{"start":{"line":487,"column":36},"end":{"line":489,"column":37}},"type":"if","locations":[{"start":{"line":487,"column":36},"end":{"line":489,"column":37}},{"start":{"line":487,"column":36},"end":{"line":489,"column":37}}],"line":487},"60":{"loc":{"start":{"line":505,"column":27},"end":{"line":505,"column":40}},"type":"binary-expr","locations":[{"start":{"line":505,"column":27},"end":{"line":505,"column":30}},{"start":{"line":505,"column":34},"end":{"line":505,"column":40}}],"line":505},"61":{"loc":{"start":{"line":509,"column":24},"end":{"line":524,"column":37}},"type":"cond-expr","locations":[{"start":{"line":510,"column":29},"end":{"line":523,"column":32}},{"start":{"line":524,"column":28},"end":{"line":524,"column":37}}],"line":509},"62":{"loc":{"start":{"line":516,"column":32},"end":{"line":519,"column":33}},"type":"if","locations":[{"start":{"line":516,"column":32},"end":{"line":519,"column":33}},{"start":{"line":516,"column":32},"end":{"line":519,"column":33}}],"line":516},"63":{"loc":{"start":{"line":531,"column":24},"end":{"line":543,"column":37}},"type":"cond-expr","locations":[{"start":{"line":532,"column":29},"end":{"line":542,"column":32}},{"start":{"line":543,"column":28},"end":{"line":543,"column":37}}],"line":531},"64":{"loc":{"start":{"line":553,"column":16},"end":{"line":559,"column":29}},"type":"cond-expr","locations":[{"start":{"line":554,"column":21},"end":{"line":558,"column":22}},{"start":{"line":559,"column":20},"end":{"line":559,"column":29}}],"line":553},"65":{"loc":{"start":{"line":553,"column":16},"end":{"line":553,"column":47}},"type":"binary-expr","locations":[{"start":{"line":553,"column":16},"end":{"line":553,"column":33}},{"start":{"line":553,"column":37},"end":{"line":553,"column":47}}],"line":553},"66":{"loc":{"start":{"line":564,"column":14},"end":{"line":564,"column":37}},"type":"default-arg","locations":[{"start":{"line":564,"column":32},"end":{"line":564,"column":37}}],"line":564},"67":{"loc":{"start":{"line":568,"column":14},"end":{"line":570,"column":15}},"type":"if","locations":[{"start":{"line":568,"column":14},"end":{"line":570,"column":15}},{"start":{"line":568,"column":14},"end":{"line":570,"column":15}}],"line":568},"68":{"loc":{"start":{"line":568,"column":18},"end":{"line":568,"column":73}},"type":"binary-expr","locations":[{"start":{"line":568,"column":18},"end":{"line":568,"column":49}},{"start":{"line":568,"column":53},"end":{"line":568,"column":73}}],"line":568},"69":{"loc":{"start":{"line":572,"column":14},"end":{"line":574,"column":15}},"type":"if","locations":[{"start":{"line":572,"column":14},"end":{"line":574,"column":15}},{"start":{"line":572,"column":14},"end":{"line":574,"column":15}}],"line":572},"70":{"loc":{"start":{"line":575,"column":14},"end":{"line":586,"column":17}},"type":"binary-expr","locations":[{"start":{"line":575,"column":14},"end":{"line":575,"column":19}},{"start":{"line":576,"column":16},"end":{"line":586,"column":17}}],"line":575},"71":{"loc":{"start":{"line":578,"column":24},"end":{"line":578,"column":68}},"type":"cond-expr","locations":[{"start":{"line":578,"column":47},"end":{"line":578,"column":59}},{"start":{"line":578,"column":62},"end":{"line":578,"column":68}}],"line":578},"72":{"loc":{"start":{"line":601,"column":22},"end":{"line":601,"column":69}},"type":"binary-expr","locations":[{"start":{"line":601,"column":22},"end":{"line":601,"column":46}},{"start":{"line":601,"column":50},"end":{"line":601,"column":69}}],"line":601},"73":{"loc":{"start":{"line":603,"column":22},"end":{"line":603,"column":71}},"type":"binary-expr","locations":[{"start":{"line":603,"column":22},"end":{"line":603,"column":47}},{"start":{"line":603,"column":51},"end":{"line":603,"column":71}}],"line":603},"74":{"loc":{"start":{"line":607,"column":22},"end":{"line":621,"column":35}},"type":"cond-expr","locations":[{"start":{"line":608,"column":27},"end":{"line":620,"column":30}},{"start":{"line":621,"column":26},"end":{"line":621,"column":35}}],"line":607},"75":{"loc":{"start":{"line":614,"column":30},"end":{"line":616,"column":31}},"type":"if","locations":[{"start":{"line":614,"column":30},"end":{"line":616,"column":31}},{"start":{"line":614,"column":30},"end":{"line":616,"column":31}}],"line":614},"76":{"loc":{"start":{"line":625,"column":22},"end":{"line":639,"column":35}},"type":"cond-expr","locations":[{"start":{"line":626,"column":27},"end":{"line":638,"column":30}},{"start":{"line":639,"column":26},"end":{"line":639,"column":35}}],"line":625},"77":{"loc":{"start":{"line":632,"column":30},"end":{"line":634,"column":31}},"type":"if","locations":[{"start":{"line":632,"column":30},"end":{"line":634,"column":31}},{"start":{"line":632,"column":30},"end":{"line":634,"column":31}}],"line":632},"78":{"loc":{"start":{"line":650,"column":20},"end":{"line":664,"column":23}},"type":"binary-expr","locations":[{"start":{"line":650,"column":20},"end":{"line":650,"column":27}},{"start":{"line":651,"column":22},"end":{"line":651,"column":30}},{"start":{"line":652,"column":22},"end":{"line":664,"column":23}}],"line":650},"79":{"loc":{"start":{"line":659,"column":28},"end":{"line":661,"column":41}},"type":"cond-expr","locations":[{"start":{"line":660,"column":32},"end":{"line":660,"column":51}},{"start":{"line":661,"column":32},"end":{"line":661,"column":41}}],"line":659},"80":{"loc":{"start":{"line":665,"column":20},"end":{"line":679,"column":23}},"type":"binary-expr","locations":[{"start":{"line":665,"column":20},"end":{"line":665,"column":27}},{"start":{"line":666,"column":22},"end":{"line":666,"column":30}},{"start":{"line":667,"column":22},"end":{"line":679,"column":23}}],"line":665},"81":{"loc":{"start":{"line":674,"column":28},"end":{"line":676,"column":38}},"type":"cond-expr","locations":[{"start":{"line":675,"column":32},"end":{"line":675,"column":52}},{"start":{"line":676,"column":32},"end":{"line":676,"column":38}}],"line":674},"82":{"loc":{"start":{"line":698,"column":24},"end":{"line":699,"column":55}},"type":"binary-expr","locations":[{"start":{"line":698,"column":24},"end":{"line":698,"column":54}},{"start":{"line":699,"column":26},"end":{"line":699,"column":55}}],"line":698},"83":{"loc":{"start":{"line":700,"column":24},"end":{"line":701,"column":51}},"type":"binary-expr","locations":[{"start":{"line":700,"column":24},"end":{"line":700,"column":54}},{"start":{"line":701,"column":26},"end":{"line":701,"column":51}}],"line":700},"84":{"loc":{"start":{"line":706,"column":24},"end":{"line":707,"column":56}},"type":"binary-expr","locations":[{"start":{"line":706,"column":24},"end":{"line":706,"column":55}},{"start":{"line":707,"column":26},"end":{"line":707,"column":56}}],"line":706},"85":{"loc":{"start":{"line":708,"column":24},"end":{"line":709,"column":51}},"type":"binary-expr","locations":[{"start":{"line":708,"column":24},"end":{"line":708,"column":54}},{"start":{"line":709,"column":26},"end":{"line":709,"column":51}}],"line":708},"86":{"loc":{"start":{"line":715,"column":22},"end":{"line":715,"column":70}},"type":"binary-expr","locations":[{"start":{"line":715,"column":22},"end":{"line":715,"column":58}},{"start":{"line":715,"column":62},"end":{"line":715,"column":70}}],"line":715},"87":{"loc":{"start":{"line":716,"column":22},"end":{"line":716,"column":73}},"type":"binary-expr","locations":[{"start":{"line":716,"column":22},"end":{"line":716,"column":60}},{"start":{"line":716,"column":64},"end":{"line":716,"column":73}}],"line":716},"88":{"loc":{"start":{"line":737,"column":18},"end":{"line":746,"column":19}},"type":"if","locations":[{"start":{"line":737,"column":18},"end":{"line":746,"column":19}},{"start":{"line":737,"column":18},"end":{"line":746,"column":19}}],"line":737},"89":{"loc":{"start":{"line":737,"column":22},"end":{"line":737,"column":67}},"type":"binary-expr","locations":[{"start":{"line":737,"column":22},"end":{"line":737,"column":32}},{"start":{"line":737,"column":36},"end":{"line":737,"column":51}},{"start":{"line":737,"column":55},"end":{"line":737,"column":67}}],"line":737},"90":{"loc":{"start":{"line":747,"column":28},"end":{"line":751,"column":29}},"type":"cond-expr","locations":[{"start":{"line":748,"column":22},"end":{"line":750,"column":30}},{"start":{"line":751,"column":22},"end":{"line":751,"column":29}}],"line":747},"91":{"loc":{"start":{"line":748,"column":22},"end":{"line":750,"column":30}},"type":"cond-expr","locations":[{"start":{"line":749,"column":24},"end":{"line":749,"column":30}},{"start":{"line":750,"column":24},"end":{"line":750,"column":30}}],"line":748},"92":{"loc":{"start":{"line":752,"column":18},"end":{"line":792,"column":19}},"type":"if","locations":[{"start":{"line":752,"column":18},"end":{"line":792,"column":19}},{"start":{"line":752,"column":18},"end":{"line":792,"column":19}}],"line":752},"93":{"loc":{"start":{"line":763,"column":24},"end":{"line":767,"column":37}},"type":"cond-expr","locations":[{"start":{"line":764,"column":28},"end":{"line":764,"column":32}},{"start":{"line":765,"column":28},"end":{"line":767,"column":37}}],"line":763},"94":{"loc":{"start":{"line":765,"column":28},"end":{"line":767,"column":37}},"type":"cond-expr","locations":[{"start":{"line":766,"column":28},"end":{"line":766,"column":34}},{"start":{"line":767,"column":28},"end":{"line":767,"column":37}}],"line":765},"95":{"loc":{"start":{"line":781,"column":24},"end":{"line":781,"column":63}},"type":"binary-expr","locations":[{"start":{"line":781,"column":24},"end":{"line":781,"column":35}},{"start":{"line":781,"column":39},"end":{"line":781,"column":63}}],"line":781},"96":{"loc":{"start":{"line":783,"column":24},"end":{"line":783,"column":59}},"type":"binary-expr","locations":[{"start":{"line":783,"column":24},"end":{"line":783,"column":35}},{"start":{"line":783,"column":39},"end":{"line":783,"column":59}}],"line":783},"97":{"loc":{"start":{"line":785,"column":24},"end":{"line":785,"column":58}},"type":"binary-expr","locations":[{"start":{"line":785,"column":24},"end":{"line":785,"column":35}},{"start":{"line":785,"column":39},"end":{"line":785,"column":58}}],"line":785},"98":{"loc":{"start":{"line":787,"column":24},"end":{"line":787,"column":65}},"type":"binary-expr","locations":[{"start":{"line":787,"column":24},"end":{"line":787,"column":36}},{"start":{"line":787,"column":40},"end":{"line":787,"column":65}}],"line":787},"99":{"loc":{"start":{"line":789,"column":24},"end":{"line":789,"column":61}},"type":"binary-expr","locations":[{"start":{"line":789,"column":24},"end":{"line":789,"column":36}},{"start":{"line":789,"column":40},"end":{"line":789,"column":61}}],"line":789},"100":{"loc":{"start":{"line":795,"column":20},"end":{"line":802,"column":33}},"type":"cond-expr","locations":[{"start":{"line":796,"column":24},"end":{"line":801,"column":52}},{"start":{"line":802,"column":24},"end":{"line":802,"column":33}}],"line":795},"101":{"loc":{"start":{"line":800,"column":26},"end":{"line":800,"column":67}},"type":"cond-expr","locations":[{"start":{"line":800,"column":41},"end":{"line":800,"column":53}},{"start":{"line":800,"column":56},"end":{"line":800,"column":67}}],"line":800},"102":{"loc":{"start":{"line":803,"column":20},"end":{"line":810,"column":34}},"type":"cond-expr","locations":[{"start":{"line":804,"column":24},"end":{"line":809,"column":53}},{"start":{"line":810,"column":24},"end":{"line":810,"column":34}}],"line":803},"103":{"loc":{"start":{"line":808,"column":26},"end":{"line":808,"column":66}},"type":"cond-expr","locations":[{"start":{"line":808,"column":40},"end":{"line":808,"column":52}},{"start":{"line":808,"column":55},"end":{"line":808,"column":66}}],"line":808},"104":{"loc":{"start":{"line":814,"column":18},"end":{"line":823,"column":31}},"type":"cond-expr","locations":[{"start":{"line":815,"column":22},"end":{"line":822,"column":24}},{"start":{"line":823,"column":22},"end":{"line":823,"column":31}}],"line":814},"105":{"loc":{"start":{"line":828,"column":22},"end":{"line":828,"column":77}},"type":"binary-expr","locations":[{"start":{"line":828,"column":22},"end":{"line":828,"column":50}},{"start":{"line":828,"column":54},"end":{"line":828,"column":77}}],"line":828},"106":{"loc":{"start":{"line":837,"column":16},"end":{"line":837,"column":49}},"type":"binary-expr","locations":[{"start":{"line":837,"column":16},"end":{"line":837,"column":31}},{"start":{"line":837,"column":35},"end":{"line":837,"column":49}}],"line":837},"107":{"loc":{"start":{"line":840,"column":16},"end":{"line":842,"column":17}},"type":"if","locations":[{"start":{"line":840,"column":16},"end":{"line":842,"column":17}},{"start":{"line":840,"column":16},"end":{"line":842,"column":17}}],"line":840},"108":{"loc":{"start":{"line":843,"column":36},"end":{"line":843,"column":78}},"type":"binary-expr","locations":[{"start":{"line":843,"column":36},"end":{"line":843,"column":51}},{"start":{"line":843,"column":55},"end":{"line":843,"column":78}}],"line":843},"109":{"loc":{"start":{"line":844,"column":16},"end":{"line":846,"column":17}},"type":"if","locations":[{"start":{"line":844,"column":16},"end":{"line":846,"column":17}},{"start":{"line":844,"column":16},"end":{"line":846,"column":17}}],"line":844},"110":{"loc":{"start":{"line":848,"column":18},"end":{"line":848,"column":62}},"type":"binary-expr","locations":[{"start":{"line":848,"column":18},"end":{"line":848,"column":33}},{"start":{"line":848,"column":37},"end":{"line":848,"column":62}}],"line":848},"111":{"loc":{"start":{"line":849,"column":16},"end":{"line":851,"column":17}},"type":"if","locations":[{"start":{"line":849,"column":16},"end":{"line":851,"column":17}},{"start":{"line":849,"column":16},"end":{"line":851,"column":17}}],"line":849},"112":{"loc":{"start":{"line":859,"column":34},"end":{"line":859,"column":67}},"type":"binary-expr","locations":[{"start":{"line":859,"column":34},"end":{"line":859,"column":49}},{"start":{"line":859,"column":53},"end":{"line":859,"column":67}}],"line":859},"113":{"loc":{"start":{"line":862,"column":23},"end":{"line":893,"column":27}},"type":"cond-expr","locations":[{"start":{"line":863,"column":21},"end":{"line":870,"column":24}},{"start":{"line":871,"column":21},"end":{"line":893,"column":26}}],"line":862},"114":{"loc":{"start":{"line":871,"column":21},"end":{"line":882,"column":33}},"type":"cond-expr","locations":[{"start":{"line":872,"column":24},"end":{"line":881,"column":26}},{"start":{"line":882,"column":24},"end":{"line":882,"column":33}}],"line":871},"115":{"loc":{"start":{"line":871,"column":21},"end":{"line":871,"column":56}},"type":"binary-expr","locations":[{"start":{"line":871,"column":21},"end":{"line":871,"column":40}},{"start":{"line":871,"column":44},"end":{"line":871,"column":56}}],"line":871},"116":{"loc":{"start":{"line":883,"column":20},"end":{"line":893,"column":26}},"type":"cond-expr","locations":[{"start":{"line":884,"column":24},"end":{"line":884,"column":35}},{"start":{"line":885,"column":24},"end":{"line":893,"column":26}}],"line":883},"117":{"loc":{"start":{"line":891,"column":30},"end":{"line":891,"column":79}},"type":"binary-expr","locations":[{"start":{"line":891,"column":30},"end":{"line":891,"column":44}},{"start":{"line":891,"column":48},"end":{"line":891,"column":62}},{"start":{"line":891,"column":66},"end":{"line":891,"column":79}}],"line":891},"118":{"loc":{"start":{"line":906,"column":20},"end":{"line":918,"column":33}},"type":"cond-expr","locations":[{"start":{"line":907,"column":25},"end":{"line":917,"column":28}},{"start":{"line":918,"column":24},"end":{"line":918,"column":33}}],"line":906}},"s":{"0":7,"1":7,"2":7,"3":7,"4":7,"5":9,"6":9,"7":9,"8":9,"9":9,"10":9,"11":9,"12":9,"13":9,"14":9,"15":9,"16":9,"17":9,"18":9,"19":9,"20":9,"21":9,"22":0,"23":9,"24":9,"25":9,"26":0,"27":9,"28":9,"29":0,"30":9,"31":9,"32":9,"33":9,"34":0,"35":0,"36":0,"37":9,"38":0,"39":0,"40":0,"41":0,"42":9,"43":0,"44":0,"45":0,"46":0,"47":0,"48":0,"49":0,"50":0,"51":0,"52":0,"53":0,"54":0,"55":9,"56":7,"57":0,"58":7,"59":0,"60":0,"61":0,"62":0,"63":0,"64":0,"65":0,"66":0,"67":0,"68":0,"69":0,"70":0,"71":0,"72":0,"73":0,"74":0,"75":0,"76":0,"77":7,"78":0,"79":0,"80":0,"81":0,"82":0,"83":0,"84":0,"85":0,"86":7,"87":0,"88":0,"89":0,"90":0,"91":0,"92":0,"93":0,"94":0,"95":0,"96":7,"97":0,"98":0,"99":0,"100":0,"101":0,"102":0,"103":0,"104":0,"105":0,"106":7,"107":9,"108":9,"109":9,"110":9,"111":9,"112":9,"113":9,"114":9,"115":9,"116":9,"117":9,"118":0,"119":9,"120":9,"121":9,"122":9,"123":9,"124":9,"125":9,"126":9,"127":9,"128":9,"129":9,"130":9,"131":9,"132":9,"133":0,"134":9,"135":9,"136":9,"137":9,"138":9,"139":0,"140":0,"141":0,"142":0,"143":0,"144":0,"145":9,"146":222,"147":222,"148":222,"149":222,"150":0,"151":0,"152":0,"153":0,"154":0,"155":0,"156":0,"157":0,"158":0,"159":0,"160":0,"161":0,"162":0,"163":0,"164":0,"165":0,"166":0,"167":0,"168":0,"169":0,"170":0,"171":112,"172":112,"173":60016,"174":60016,"175":60016,"176":112,"177":222,"178":9,"179":9,"180":111,"181":111,"182":0,"183":0,"184":9,"185":111,"186":0,"187":111,"188":111,"189":0,"190":111,"191":111,"192":111,"193":111,"194":111,"195":111,"196":111,"197":111,"198":111,"199":111,"200":111,"201":111,"202":111,"203":93706,"204":93706,"205":74089,"206":93706,"207":111,"208":111,"209":83019,"210":83019,"211":45939,"212":83019,"213":111,"214":111,"215":111,"216":111,"217":111,"218":111,"219":111,"220":111,"221":111,"222":111,"223":111,"224":111,"225":111,"226":0,"227":0,"228":0,"229":0,"230":0,"231":111,"232":111,"233":0,"234":111,"235":111,"236":67,"237":35,"238":111,"239":0,"240":9,"241":9,"242":9,"243":9,"244":9,"245":9,"246":9,"247":9,"248":9,"249":0,"250":9,"251":9,"252":0,"253":9,"254":9,"255":0,"256":0,"257":31,"258":7,"259":0,"260":0,"261":0,"262":0,"263":0,"264":0,"265":0},"f":{"0":7,"1":7,"2":7,"3":9,"4":0,"5":0,"6":0,"7":0,"8":0,"9":0,"10":0,"11":0,"12":0,"13":0,"14":0,"15":0,"16":0,"17":0,"18":0,"19":0,"20":0,"21":0,"22":0,"23":0,"24":0,"25":0,"26":0,"27":0,"28":0,"29":0,"30":0,"31":0,"32":9,"33":0,"34":0,"35":222,"36":222,"37":222,"38":0,"39":0,"40":0,"41":112,"42":222,"43":111,"44":111,"45":0,"46":111,"47":111,"48":111,"49":111,"50":111,"51":111,"52":111,"53":111,"54":111,"55":111,"56":111,"57":111,"58":67,"59":35,"60":111,"61":0,"62":9,"63":9,"64":0,"65":0,"66":31,"67":0,"68":0,"69":0},"b":{"0":[0,9],"1":[0,9],"2":[0,9],"3":[0,9],"4":[0,9],"5":[9,9,9,9,9,9,9,0,0],"6":[0,9],"7":[0,9],"8":[9,0],"9":[9,0],"10":[9,0],"11":[0,9],"12":[0,0],"13":[0,9],"14":[9,9],"15":[0,0],"16":[0,0],"17":[0,9],"18":[9,9],"19":[0,0],"20":[0,0],"21":[0,0],"22":[0,9],"23":[0,0],"24":[0,0],"25":[0,0],"26":[0,0],"27":[0,0],"28":[0,0],"29":[0,0],"30":[0,0],"31":[0,0],"32":[0,0],"33":[0,0],"34":[0,0],"35":[0,0],"36":[0,0],"37":[0,9],"38":[0,9],"39":[7,2],"40":[0,9],"41":[9,0],"42":[0,9],"43":[0,9],"44":[9,0,0],"45":[0,9],"46":[0,9],"47":[0,0],"48":[0,0],"49":[0,0],"50":[0,0],"51":[0,0],"52":[0,0],"53":[0,0,0],"54":[0,0,112],"55":[0,0],"56":[0,0],"57":[0,0],"58":[0,0],"59":[0,0],"60":[222,112],"61":[0,0],"62":[0,0],"63":[112,0],"64":[0,111],"65":[111,0],"66":[9],"67":[0,111],"68":[111,111],"69":[0,111],"70":[111,0],"71":[0,0],"72":[111,111],"73":[111,111],"74":[111,0],"75":[74089,19617],"76":[111,0],"77":[45939,37080],"78":[111,0,0],"79":[0,0],"80":[111,0,0],"81":[0,0],"82":[111,0],"83":[111,0],"84":[111,0],"85":[111,0],"86":[111,101],"87":[111,70],"88":[0,111],"89":[111,0,0],"90":[67,44],"91":[28,39],"92":[0,111],"93":[0,0],"94":[0,0],"95":[0,0],"96":[0,0],"97":[0,0],"98":[0,0],"99":[0,0],"100":[67,44],"101":[28,39],"102":[35,76],"103":[28,7],"104":[0,0],"105":[9,0],"106":[9,0],"107":[9,0],"108":[9,0],"109":[0,9],"110":[9,0],"111":[0,9],"112":[9,0],"113":[0,9],"114":[0,9],"115":[9,0],"116":[0,9],"117":[31,6,6],"118":[0,0]},"_coverageSchema":"1a1c01bbd47fc00a2c39e90264f33305004495a9","hash":"2dc606e75126081db30f50830e21d01883bd5a44"}
,"/Users/shanebdavis/dev/genui/opensource/s3p/source/S3Parallel/S3P.js": {"path":"/Users/shanebdavis/dev/genui/opensource/s3p/source/S3Parallel/S3P.js","statementMap":{"0":{"start":{"line":2,"column":10},"end":{"line":2,"column":44}},"1":{"start":{"line":3,"column":0},"end":{"line":743,"column":3}},"2":{"start":{"line":4,"column":2},"end":{"line":742,"column":4}},"3":{"start":{"line":54,"column":6},"end":{"line":54,"column":42}},"4":{"start":{"line":55,"column":6},"end":{"line":75,"column":8}},"5":{"start":{"line":57,"column":8},"end":{"line":74,"column":10}},"6":{"start":{"line":64,"column":16},"end":{"line":69,"column":17}},"7":{"start":{"line":66,"column":18},"end":{"line":66,"column":44}},"8":{"start":{"line":67,"column":18},"end":{"line":67,"column":64}},"9":{"start":{"line":68,"column":18},"end":{"line":68,"column":29}},"10":{"start":{"line":70,"column":16},"end":{"line":70,"column":28}},"11":{"start":{"line":76,"column":6},"end":{"line":85,"column":8}},"12":{"start":{"line":86,"column":6},"end":{"line":95,"column":8}},"13":{"start":{"line":96,"column":6},"end":{"line":740,"column":10}},"14":{"start":{"line":101,"column":8},"end":{"line":129,"column":10}},"15":{"start":{"line":103,"column":10},"end":{"line":128,"column":12}},"16":{"start":{"line":108,"column":16},"end":{"line":125,"column":18}},"17":{"start":{"line":115,"column":24},"end":{"line":120,"column":25}},"18":{"start":{"line":117,"column":26},"end":{"line":117,"column":38}},"19":{"start":{"line":118,"column":26},"end":{"line":118,"column":39}},"20":{"start":{"line":119,"column":26},"end":{"line":119,"column":37}},"21":{"start":{"line":121,"column":24},"end":{"line":121,"column":36}},"22":{"start":{"line":130,"column":8},"end":{"line":264,"column":10}},"23":{"start":{"line":132,"column":10},"end":{"line":132,"column":54}},"24":{"start":{"line":133,"column":10},"end":{"line":141,"column":12}},"25":{"start":{"line":142,"column":10},"end":{"line":263,"column":13}},"26":{"start":{"line":145,"column":16},"end":{"line":159,"column":28}},"27":{"start":{"line":177,"column":16},"end":{"line":183,"column":18}},"28":{"start":{"line":184,"column":16},"end":{"line":190,"column":28}},"29":{"start":{"line":191,"column":16},"end":{"line":191,"column":67}},"30":{"start":{"line":192,"column":16},"end":{"line":206,"column":31}},"31":{"start":{"line":199,"column":26},"end":{"line":204,"column":27}},"32":{"start":{"line":201,"column":28},"end":{"line":201,"column":35}},"33":{"start":{"line":202,"column":28},"end":{"line":202,"column":58}},"34":{"start":{"line":203,"column":28},"end":{"line":203,"column":33}},"35":{"start":{"line":207,"column":16},"end":{"line":207,"column":29}},"36":{"start":{"line":208,"column":16},"end":{"line":208,"column":31}},"37":{"start":{"line":209,"column":16},"end":{"line":209,"column":54}},"38":{"start":{"line":210,"column":16},"end":{"line":221,"column":17}},"39":{"start":{"line":211,"column":18},"end":{"line":211,"column":43}},"40":{"start":{"line":212,"column":18},"end":{"line":220,"column":21}},"41":{"start":{"line":214,"column":20},"end":{"line":217,"column":70}},"42":{"start":{"line":218,"column":20},"end":{"line":218,"column":40}},"43":{"start":{"line":219,"column":20},"end":{"line":219,"column":42}},"44":{"start":{"line":222,"column":16},"end":{"line":222,"column":37}},"45":{"start":{"line":223,"column":16},"end":{"line":226,"column":17}},"46":{"start":{"line":224,"column":18},"end":{"line":224,"column":41}},"47":{"start":{"line":225,"column":18},"end":{"line":225,"column":43}},"48":{"start":{"line":227,"column":16},"end":{"line":230,"column":17}},"49":{"start":{"line":228,"column":18},"end":{"line":228,"column":41}},"50":{"start":{"line":229,"column":18},"end":{"line":229,"column":43}},"51":{"start":{"line":231,"column":16},"end":{"line":234,"column":19}},"52":{"start":{"line":239,"column":12},"end":{"line":242,"column":16}},"53":{"start":{"line":243,"column":12},"end":{"line":255,"column":13}},"54":{"start":{"line":244,"column":14},"end":{"line":253,"column":16}},"55":{"start":{"line":245,"column":16},"end":{"line":247,"column":17}},"56":{"start":{"line":246,"column":18},"end":{"line":246,"column":64}},"57":{"start":{"line":248,"column":16},"end":{"line":252,"column":18}},"58":{"start":{"line":250,"column":33},"end":{"line":250,"column":52}},"59":{"start":{"line":251,"column":33},"end":{"line":251,"column":58}},"60":{"start":{"line":254,"column":14},"end":{"line":254,"column":40}},"61":{"start":{"line":256,"column":12},"end":{"line":262,"column":15}},"62":{"start":{"line":259,"column":26},"end":{"line":259,"column":42}},"63":{"start":{"line":260,"column":26},"end":{"line":260,"column":42}},"64":{"start":{"line":265,"column":8},"end":{"line":455,"column":10}},"65":{"start":{"line":278,"column":10},"end":{"line":278,"column":50}},"66":{"start":{"line":279,"column":10},"end":{"line":279,"column":44}},"67":{"start":{"line":280,"column":10},"end":{"line":280,"column":40}},"68":{"start":{"line":281,"column":10},"end":{"line":281,"column":46}},"69":{"start":{"line":282,"column":10},"end":{"line":282,"column":36}},"70":{"start":{"line":283,"column":10},"end":{"line":283,"column":32}},"71":{"start":{"line":284,"column":10},"end":{"line":284,"column":34}},"72":{"start":{"line":285,"column":10},"end":{"line":285,"column":42}},"73":{"start":{"line":286,"column":10},"end":{"line":286,"column":38}},"74":{"start":{"line":287,"column":10},"end":{"line":287,"column":38}},"75":{"start":{"line":288,"column":10},"end":{"line":290,"column":11}},"76":{"start":{"line":289,"column":12},"end":{"line":289,"column":49}},"77":{"start":{"line":291,"column":10},"end":{"line":454,"column":13}},"78":{"start":{"line":319,"column":18},"end":{"line":362,"column":30}},"79":{"start":{"line":366,"column":18},"end":{"line":374,"column":22}},"80":{"start":{"line":370,"column":35},"end":{"line":370,"column":38}},"81":{"start":{"line":373,"column":35},"end":{"line":373,"column":45}},"82":{"start":{"line":375,"column":18},"end":{"line":441,"column":20}},"83":{"start":{"line":380,"column":22},"end":{"line":385,"column":32}},"84":{"start":{"line":386,"column":22},"end":{"line":394,"column":23}},"85":{"start":{"line":387,"column":24},"end":{"line":393,"column":26}},"86":{"start":{"line":395,"column":22},"end":{"line":395,"column":54}},"87":{"start":{"line":396,"column":22},"end":{"line":396,"column":42}},"88":{"start":{"line":397,"column":22},"end":{"line":397,"column":54}},"89":{"start":{"line":400,"column":22},"end":{"line":406,"column":23}},"90":{"start":{"line":401,"column":24},"end":{"line":405,"column":26}},"91":{"start":{"line":407,"column":22},"end":{"line":407,"column":56}},"92":{"start":{"line":408,"column":22},"end":{"line":408,"column":51}},"93":{"start":{"line":412,"column":22},"end":{"line":417,"column":32}},"94":{"start":{"line":418,"column":22},"end":{"line":428,"column":23}},"95":{"start":{"line":419,"column":24},"end":{"line":427,"column":26}},"96":{"start":{"line":429,"column":22},"end":{"line":429,"column":41}},"97":{"start":{"line":430,"column":22},"end":{"line":430,"column":45}},"98":{"start":{"line":431,"column":22},"end":{"line":431,"column":57}},"99":{"start":{"line":432,"column":22},"end":{"line":432,"column":61}},"100":{"start":{"line":433,"column":22},"end":{"line":435,"column":49}},"101":{"start":{"line":438,"column":22},"end":{"line":438,"column":42}},"102":{"start":{"line":439,"column":22},"end":{"line":439,"column":43}},"103":{"start":{"line":447,"column":12},"end":{"line":452,"column":16}},"104":{"start":{"line":448,"column":14},"end":{"line":452,"column":15}},"105":{"start":{"line":450,"column":24},"end":{"line":450,"column":61}},"106":{"start":{"line":451,"column":23},"end":{"line":451,"column":30}},"107":{"start":{"line":453,"column":12},"end":{"line":453,"column":37}},"108":{"start":{"line":456,"column":8},"end":{"line":459,"column":12}},"109":{"start":{"line":457,"column":10},"end":{"line":459,"column":11}},"110":{"start":{"line":458,"column":12},"end":{"line":458,"column":44}},"111":{"start":{"line":460,"column":8},"end":{"line":591,"column":13}},"112":{"start":{"line":461,"column":10},"end":{"line":591,"column":12}},"113":{"start":{"line":470,"column":12},"end":{"line":470,"column":36}},"114":{"start":{"line":471,"column":12},"end":{"line":471,"column":35}},"115":{"start":{"line":472,"column":12},"end":{"line":472,"column":43}},"116":{"start":{"line":473,"column":12},"end":{"line":473,"column":37}},"117":{"start":{"line":474,"column":12},"end":{"line":474,"column":78}},"118":{"start":{"line":475,"column":12},"end":{"line":475,"column":35}},"119":{"start":{"line":476,"column":12},"end":{"line":476,"column":41}},"120":{"start":{"line":477,"column":12},"end":{"line":477,"column":36}},"121":{"start":{"line":478,"column":12},"end":{"line":478,"column":36}},"122":{"start":{"line":479,"column":12},"end":{"line":479,"column":37}},"123":{"start":{"line":480,"column":12},"end":{"line":480,"column":37}},"124":{"start":{"line":481,"column":12},"end":{"line":481,"column":41}},"125":{"start":{"line":482,"column":12},"end":{"line":482,"column":36}},"126":{"start":{"line":483,"column":12},"end":{"line":483,"column":36}},"127":{"start":{"line":484,"column":12},"end":{"line":484,"column":37}},"128":{"start":{"line":485,"column":12},"end":{"line":485,"column":37}},"129":{"start":{"line":486,"column":12},"end":{"line":590,"column":14}},"130":{"start":{"line":490,"column":18},"end":{"line":503,"column":21}},"131":{"start":{"line":506,"column":18},"end":{"line":506,"column":36}},"132":{"start":{"line":507,"column":18},"end":{"line":515,"column":22}},"133":{"start":{"line":511,"column":35},"end":{"line":511,"column":38}},"134":{"start":{"line":514,"column":35},"end":{"line":514,"column":45}},"135":{"start":{"line":516,"column":18},"end":{"line":586,"column":20}},"136":{"start":{"line":521,"column":22},"end":{"line":526,"column":32}},"137":{"start":{"line":527,"column":22},"end":{"line":529,"column":24}},"138":{"start":{"line":532,"column":22},"end":{"line":540,"column":24}},"139":{"start":{"line":541,"column":22},"end":{"line":541,"column":57}},"140":{"start":{"line":542,"column":22},"end":{"line":542,"column":51}},"141":{"start":{"line":546,"column":22},"end":{"line":551,"column":32}},"142":{"start":{"line":552,"column":22},"end":{"line":580,"column":68}},"143":{"start":{"line":583,"column":22},"end":{"line":583,"column":52}},"144":{"start":{"line":584,"column":22},"end":{"line":584,"column":52}},"145":{"start":{"line":587,"column":18},"end":{"line":587,"column":51}},"146":{"start":{"line":592,"column":8},"end":{"line":730,"column":10}},"147":{"start":{"line":611,"column":10},"end":{"line":611,"column":50}},"148":{"start":{"line":612,"column":10},"end":{"line":612,"column":78}},"149":{"start":{"line":613,"column":10},"end":{"line":613,"column":32}},"150":{"start":{"line":614,"column":10},"end":{"line":614,"column":32}},"151":{"start":{"line":615,"column":10},"end":{"line":615,"column":36}},"152":{"start":{"line":616,"column":10},"end":{"line":616,"column":36}},"153":{"start":{"line":617,"column":10},"end":{"line":618,"column":74}},"154":{"start":{"line":619,"column":10},"end":{"line":620,"column":78}},"155":{"start":{"line":621,"column":10},"end":{"line":624,"column":38}},"156":{"start":{"line":625,"column":10},"end":{"line":628,"column":55}},"157":{"start":{"line":629,"column":10},"end":{"line":632,"column":60}},"158":{"start":{"line":633,"column":10},"end":{"line":636,"column":39}},"159":{"start":{"line":637,"column":10},"end":{"line":637,"column":47}},"160":{"start":{"line":638,"column":10},"end":{"line":638,"column":32}},"161":{"start":{"line":639,"column":10},"end":{"line":639,"column":41}},"162":{"start":{"line":640,"column":10},"end":{"line":640,"column":41}},"163":{"start":{"line":641,"column":10},"end":{"line":641,"column":40}},"164":{"start":{"line":642,"column":10},"end":{"line":642,"column":40}},"165":{"start":{"line":643,"column":10},"end":{"line":643,"column":32}},"166":{"start":{"line":644,"column":10},"end":{"line":646,"column":11}},"167":{"start":{"line":645,"column":12},"end":{"line":645,"column":61}},"168":{"start":{"line":647,"column":10},"end":{"line":729,"column":13}},"169":{"start":{"line":651,"column":16},"end":{"line":651,"column":74}},"170":{"start":{"line":653,"column":16},"end":{"line":694,"column":28}},"171":{"start":{"line":696,"column":16},"end":{"line":696,"column":44}},"172":{"start":{"line":697,"c
[...]
art":{"line":255,"column":20},"end":{"line":255,"column":73}},"type":"cond-expr","locations":[{"start":{"line":255,"column":62},"end":{"line":255,"column":67}},{"start":{"line":255,"column":70},"end":{"line":255,"column":73}}],"line":255},"16":{"loc":{"start":{"line":256,"column":18},"end":{"line":256,"column":69}},"type":"cond-expr","locations":[{"start":{"line":256,"column":58},"end":{"line":256,"column":63}},{"start":{"line":256,"column":66},"end":{"line":256,"column":69}}],"line":256},"17":{"loc":{"start":{"line":258,"column":10},"end":{"line":260,"column":11}},"type":"if","locations":[{"start":{"line":258,"column":10},"end":{"line":260,"column":11}},{"start":{"line":258,"column":10},"end":{"line":260,"column":11}}],"line":258},"18":{"loc":{"start":{"line":261,"column":10},"end":{"line":272,"column":11}},"type":"if","locations":[{"start":{"line":261,"column":10},"end":{"line":272,"column":11}},{"start":{"line":261,"column":10},"end":{"line":272,"column":11}}],"line":261},"19":{"loc":{"start":{"line":263,"column":14},"end":{"line":266,"column":28}},"type":"binary-expr","locations":[{"start":{"line":263,"column":14},"end":{"line":263,"column":33}},{"start":{"line":264,"column":14},"end":{"line":264,"column":31}},{"start":{"line":265,"column":14},"end":{"line":265,"column":30}},{"start":{"line":266,"column":14},"end":{"line":266,"column":28}}],"line":263},"20":{"loc":{"start":{"line":283,"column":12},"end":{"line":287,"column":17}},"type":"cond-expr","locations":[{"start":{"line":284,"column":16},"end":{"line":284,"column":20}},{"start":{"line":285,"column":16},"end":{"line":287,"column":17}}],"line":283},"21":{"loc":{"start":{"line":283,"column":12},"end":{"line":283,"column":60}},"type":"binary-expr","locations":[{"start":{"line":283,"column":12},"end":{"line":283,"column":43}},{"start":{"line":283,"column":47},"end":{"line":283,"column":60}}],"line":283},"22":{"loc":{"start":{"line":292,"column":12},"end":{"line":296,"column":33}},"type":"cond-expr","locations":[{"start":{"line":293,"column":16},"end":{"line":295,"column":17}},{"start":{"line":296,"column":16},"end":{"line":296,"column":33}}],"line":292}},"s":{"0":7,"1":7,"2":7,"3":7,"4":0,"5":7,"6":7,"7":7,"8":7,"9":0,"10":7,"11":0,"12":0,"13":0,"14":0,"15":7,"16":0,"17":0,"18":0,"19":0,"20":0,"21":0,"22":0,"23":0,"24":0,"25":0,"26":7,"27":0,"28":0,"29":0,"30":0,"31":0,"32":0,"33":0,"34":0,"35":0,"36":0,"37":0,"38":0,"39":0,"40":0,"41":0,"42":7,"43":0,"44":7,"45":0,"46":0,"47":0,"48":0,"49":0,"50":0,"51":0,"52":0,"53":0,"54":0,"55":0,"56":0,"57":0,"58":0,"59":7,"60":0,"61":7,"62":0,"63":0,"64":0,"65":0,"66":0,"67":0,"68":0,"69":0,"70":0,"71":0,"72":0,"73":0,"74":7,"75":0,"76":0,"77":0,"78":0,"79":0,"80":0,"81":0,"82":0,"83":7,"84":0,"85":0,"86":0},"f":{"0":7,"1":7,"2":0,"3":7,"4":0,"5":0,"6":0,"7":0,"8":0,"9":0,"10":0,"11":0,"12":0,"13":0,"14":0,"15":0,"16":0,"17":0,"18":0,"19":0,"20":0,"21":0,"22":0,"23":0,"24":0,"25":0,"26":0},"b":{"0":[0],"1":[0,0],"2":[0,0],"3":[0,0],"4":[0,0],"5":[0,0],"6":[0,0],"7":[0,0],"8":[0,0],"9":[0,0],"10":[0,0],"11":[0,0],"12":[0,0],"13":[0,0],"14":[0,0],"15":[0,0],"16":[0,0],"17":[0,0],"18":[0,0],"19":[0,0,0,0],"20":[0,0],"21":[0,0],"22":[0,0]},"_coverageSchema":"1a1c01bbd47fc00a2c39e90264f33305004495a9","hash":"f6e63ec86c39db94b65a0a890907812040414dad"}
,"/Users/shanebdavis/dev/genui/opensource/s3p/source/S3Parallel/Lib/S3Keys.js": {"path":"/Users/shanebdavis/dev/genui/opensource/s3p/source/S3Parallel/Lib/S3Keys.js","statementMap":{"0":{"start":{"line":2,"column":10},"end":{"line":2,"column":44}},"1":{"start":{"line":3,"column":0},"end":{"line":160,"column":3}},"2":{"start":{"line":4,"column":2},"end":{"line":159,"column":4}},"3":{"start":{"line":19,"column":6},"end":{"line":157,"column":8}},"4":{"start":{"line":27,"column":10},"end":{"line":27,"column":70}},"5":{"start":{"line":31,"column":10},"end":{"line":31,"column":60}},"6":{"start":{"line":32,"column":10},"end":{"line":34,"column":24}},"7":{"start":{"line":48,"column":10},"end":{"line":116,"column":24}},"8":{"start":{"line":52,"column":16},"end":{"line":57,"column":17}},"9":{"start":{"line":53,"column":18},"end":{"line":55,"column":19}},"10":{"start":{"line":54,"column":20},"end":{"line":54,"column":40}},"11":{"start":{"line":56,"column":18},"end":{"line":56,"column":22}},"12":{"start":{"line":64,"column":20},"end":{"line":74,"column":22}},"13":{"start":{"line":78,"column":16},"end":{"line":104,"column":17}},"14":{"start":{"line":87,"column":20},"end":{"line":87,"column":53}},"15":{"start":{"line":89,"column":20},"end":{"line":98,"column":22}},"16":{"start":{"line":100,"column":20},"end":{"line":103,"column":22}},"17":{"start":{"line":108,"column":20},"end":{"line":112,"column":22}},"18":{"start":{"line":119,"column":10},"end":{"line":119,"column":69}},"19":{"start":{"line":122,"column":10},"end":{"line":122,"column":59}},"20":{"start":{"line":125,"column":10},"end":{"line":127,"column":24}},"21":{"start":{"line":131,"column":10},"end":{"line":155,"column":44}},"22":{"start":{"line":135,"column":16},"end":{"line":137,"column":17}},"23":{"start":{"line":136,"column":18},"end":{"line":136,"column":22}},"24":{"start":{"line":140,"column":16},"end":{"line":152,"column":17}},"25":{"start":{"line":142,"column":20},"end":{"line":142,"column":32}},"26":{"start":{"line":144,"column":20},"end":{"line":149,"column":22}},"27":{"start":{"line":151,"column":20},"end":{"line":151,"column":42}}},"fnMap":{"0":{"name":"(anonymous_0)","decl":{"start":{"line":3,"column":19},"end":{"line":3,"column":20}},"loc":{"start":{"line":3,"column":25},"end":{"line":160,"column":1}},"line":3},"1":{"name":"(anonymous_1)","decl":{"start":{"line":7,"column":4},"end":{"line":7,"column":5}},"loc":{"start":{"line":7,"column":50},"end":{"line":158,"column":5}},"line":7},"2":{"name":"(anonymous_2)","decl":{"start":{"line":26,"column":44},"end":{"line":26,"column":45}},"loc":{"start":{"line":26,"column":65},"end":{"line":28,"column":9}},"line":26},"3":{"name":"(anonymous_3)","decl":{"start":{"line":29,"column":46},"end":{"line":29,"column":47}},"loc":{"start":{"line":29,"column":64},"end":{"line":35,"column":9}},"line":29},"4":{"name":"(anonymous_4)","decl":{"start":{"line":36,"column":38},"end":{"line":36,"column":39}},"loc":{"start":{"line":40,"column":10},"end":{"line":117,"column":9}},"line":40},"5":{"name":"(anonymous_5)","decl":{"start":{"line":51,"column":15},"end":{"line":51,"column":16}},"loc":{"start":{"line":51,"column":21},"end":{"line":58,"column":15}},"line":51},"6":{"name":"(anonymous_6)","decl":{"start":{"line":63,"column":19},"end":{"line":63,"column":20}},"loc":{"start":{"line":63,"column":25},"end":{"line":75,"column":19}},"line":63},"7":{"name":"(anonymous_7)","decl":{"start":{"line":77,"column":28},"end":{"line":77,"column":29}},"loc":{"start":{"line":77,"column":34},"end":{"line":105,"column":15}},"line":77},"8":{"name":"(anonymous_8)","decl":{"start":{"line":107,"column":19},"end":{"line":107,"column":20}},"loc":{"start":{"line":107,"column":25},"end":{"line":113,"column":19}},"line":107},"9":{"name":"(anonymous_9)","decl":{"start":{"line":118,"column":32},"end":{"line":118,"column":33}},"loc":{"start":{"line":118,"column":47},"end":{"line":120,"column":9}},"line":118},"10":{"name":"(anonymous_10)","decl":{"start":{"line":121,"column":26},"end":{"line":121,"column":27}},"loc":{"start":{"line":121,"column":41},"end":{"line":123,"column":9}},"line":121},"11":{"name":"(anonymous_11)","decl":{"start":{"line":124,"column":54},"end":{"line":124,"column":55}},"loc":{"start":{"line":124,"column":72},"end":{"line":128,"column":9}},"line":124},"12":{"name":"(anonymous_12)","decl":{"start":{"line":129,"column":30},"end":{"line":129,"column":31}},"loc":{"start":{"line":129,"column":63},"end":{"line":156,"column":9}},"line":129},"13":{"name":"(anonymous_13)","decl":{"start":{"line":134,"column":15},"end":{"line":134,"column":16}},"loc":{"start":{"line":134,"column":21},"end":{"line":138,"column":15}},"line":134},"14":{"name":"(anonymous_14)","decl":{"start":{"line":139,"column":22},"end":{"line":139,"column":23}},"loc":{"start":{"line":139,"column":28},"end":{"line":153,"column":15}},"line":139}},"branchMap":{"0":{"loc":{"start":{"line":27,"column":17},"end":{"line":27,"column":69}},"type":"cond-expr","locations":[{"start":{"line":27,"column":29},"end":{"line":27,"column":65}},{"start":{"line":27,"column":68},"end":{"line":27,"column":69}}],"line":27},"1":{"loc":{"start":{"line":32,"column":17},"end":{"line":34,"column":23}},"type":"cond-expr","locations":[{"start":{"line":33,"column":14},"end":{"line":33,"column":44}},{"start":{"line":34,"column":14},"end":{"line":34,"column":23}}],"line":32},"2":{"loc":{"start":{"line":32,"column":26},"end":{"line":32,"column":47}},"type":"binary-expr","locations":[{"start":{"line":32,"column":26},"end":{"line":32,"column":39}},{"start":{"line":32,"column":43},"end":{"line":32,"column":47}}],"line":32},"3":{"loc":{"start":{"line":48,"column":17},"end":{"line":116,"column":23}},"type":"cond-expr","locations":[{"start":{"line":49,"column":15},"end":{"line":115,"column":23}},{"start":{"line":116,"column":14},"end":{"line":116,"column":23}}],"line":48},"4":{"loc":{"start":{"line":53,"column":18},"end":{"line":55,"column":19}},"type":"if","locations":[{"start":{"line":53,"column":18},"end":{"line":55,"column":19}},{"start":{"line":53,"column":18},"end":{"line":55,"column":19}}],"line":53},"5":{"loc":{"start":{"line":60,"column":16},"end":{"line":60,"column":76}},"type":"cond-expr","locations":[{"start":{"line":60,"column":42},"end":{"line":60,"column":43}},{"start":{"line":60,"column":46},"end":{"line":60,"column":76}}],"line":60},"6":{"loc":{"start":{"line":62,"column":14},"end":{"line":76,"column":27}},"type":"cond-expr","locations":[{"start":{"line":63,"column":18},"end":{"line":75,"column":22}},{"start":{"line":76,"column":18},"end":{"line":76,"column":27}}],"line":62},"7":{"loc":{"start":{"line":62,"column":14},"end":{"line":62,"column":46}},"type":"binary-expr","locations":[{"start":{"line":62,"column":14},"end":{"line":62,"column":28}},{"start":{"line":62,"column":32},"end":{"line":62,"column":46}}],"line":62},"8":{"loc":{"start":{"line":78,"column":16},"end":{"line":104,"column":17}},"type":"switch","locations":[{"start":{"line":79,"column":18},"end":{"line":87,"column":53}},{"start":{"line":88,"column":18},"end":{"line":98,"column":22}},{"start":{"line":99,"column":18},"end":{"line":103,"column":22}}],"line":78},"9":{"loc":{"start":{"line":80,"column":20},"end":{"line":85,"column":22}},"type":"binary-expr","locations":[{"start":{"line":80,"column":20},"end":{"line":80,"column":32}},{"start":{"line":81,"column":20},"end":{"line":81,"column":75}},{"start":{"line":82,"column":21},"end":{"line":85,"column":21}}],"line":80},"10":{"loc":{"start":{"line":84,"column":22},"end":{"line":84,"column":71}},"type":"cond-expr","locations":[{"start":{"line":84,"column":48},"end":{"line":84,"column":67}},{"start":{"line":84,"column":70},"end":{"line":84,"column":71}}],"line":84},"11":{"loc":{"start":{"line":106,"column":14},"end":{"line":114,"column":27}},"type":"cond-expr","locations":[{"start":{"line":107,"column":18},"end":{"line":113,"column":22}},{"start":{"line":114,"column":18},"end":{"line":114,"column":27}}],"line":106},"12":{"loc":{"start":{"line":106,"column":16},"end":{"line":106,"column":62}},"type":"binary-expr","locations":[{"start":{"line":106,"column":16},"end":{"line":106,"column":39}},{"start":{"line":106,"column":43},"end":{"line":106,"column":62}}],"line":106},"13":{"loc":{"start":{"line":119,"column":17},"end":{"line":119,"column":68}},"type":"cond-expr","locations":[{"start":{"line":119,"column":38},"end":{"line":119,"column":62}},{"start":{"line":119,"column":65},"end":{"line":119,"column":68}}],"line":119},"14":{"loc":{"start":{"line":125,"column":17},"end":{"line":127,"column":23}},"type":"cond-expr","locations":[{"start":{"line":126,"column":14},"end":{"line":126,"column":71}},{"start":{"line":127,"column":14},"end":{"line":127,"column":23}}],"line":125},"15":{"loc":{"start":{"line":129,"column":45},"end":{"line":129,"column":61}},"type":"default-arg","locations":[{"start":{"line":129,"column":57},"end":{"line":129,"column":61}}],"line":129},"16":{"loc":{"start":{"line":131,"column":17},"end":{"line":155,"column":43}},"type":"cond-expr","locations":[{"start":{"line":132,"column":15},"end":{"line":154,"column":43}},{"start":{"line":155,"column":14},"end":{"line":155,"column":43}}],"line":131},"17":{"loc":{"start":{"line":140,"column":16},"end":{"line":152,"column":17}},"type":"switch","locations":[{"start":{"line":141,"column":18},"end":{"line":142,"column":32}},{"start":{"line":143,"column":18},"end":{"line":149,"column":22}},{"start":{"line":150,"column":18},"end":{"line":151,"column":42}}],"line":140},"18":{"loc":{"start":{"line":154,"column":14},"end":{"line":154,"column":43}},"type":"cond-expr","locations":[{"start":{"line":154,"column":26},"end":{"line":154,"column":37}},{"start":{"line":154,"column":40},"end":{"line":154,"column":43}}],"line":154}},"s":{"0":7,"1":7,"2":7,"3":7,"4":247,"5":42,"6":42,"7":129,"8":126,"9":1085,"10":152,"11":1085,"12":2,"13":124,"14":21,"15":7,"16":96,"17":0,"18":2,"19":3,"20":33,"21":3,"22":3,"23":10,"24":3,"25":1,"26":1,"27":1},"f":{"0":7,"1":7,"2":247,"3":42,"4":129,"5":126,"6":2,"7":124,"8":0,"9":2,"10":3,"11":33,"12":3,"13":3,"14":3},"b":{"0":[245,2],"1":[26,16],"2":[42,26],"3":[126,3],"4":[152,933],"5":[12,114],"6":[2,124],"7":[126,125],"8":[21,7,96],"9":[124,34,34],"10":[26,8],"11":[0,124],"12":[124,124],"13":[0,2],"14":[33,0],"15":[3],"16":[3,0],"17":[1,1,1],"18":[3,0]},"_coverageSchema":"1a1c01bbd47fc00a2c39e90264f33305004495a9","hash":"412cd9d6fcd83ac976967ff77b06e3fd1596367a"}
,"/Users/shanebdavis/dev/genui/opensource/s3p/source/S3Parallel/Lib/index.js": {"path":"/Users/shanebdavis/dev/genui/opensource/s3p/source/S3Parallel/Lib/index.js","statementMap":{"0":{"start":{"line":4,"column":0},"end":{"line":12,"column":3}}},"fnMap":{},"branchMap":{},"s":{"0":7},"f":{},"b":{},"_coverageSchema":"1a1c01bbd47fc00a2c39e90264f33305004495a9","hash":"551d640022f62b2f31b16ce4ca8b5f45e3c6ef2d"}
,"/Users/shanebdavis/dev/genui/opensource/s3p/source/S3Parallel/Lib/namespace.js": {"path":"/Users/shanebdavis/dev/genui/opensource/s3p/source/S3Parallel/Lib/namespace.js","statementMap":{"0":{"start":{"line":4,"column":0},"end":{"line":7,"column":2}}},"fnMap":{},"branchMap":{},"s":{"0":7},"f":{},"b":{},"_coverageSchema":"1a1c01bbd47fc00a2c39e90264f33305004495a9","hash":"553fe6bed53c86404e70dad86d0230b19287f782"}
,"/Users/shanebdavis/dev/genui/opensource/s3p/source/test/StandardImport.js": {"path":"/Users/shanebdavis/dev/genui/opensource/s3p/source/test/StandardImport.js","statementMap":{"0":{"start":{"line":2,"column":10},"end":{"line":2,"column":44}},"1":{"start":{"line":3,"column":0},"end":{"line":8,"column":3}},"2":{"start":{"line":4,"column":2},"end":{"line":7,"column":4}}},"fnMap":{"0":{"name":"(anonymous_0)","decl":{"start":{"line":3,"column":19},"end":{"line":3,"column":20}},"loc":{"start":{"line":3,"column":25},"end":{"line":8,"column":1}},"line":3}},"branchMap":{},"s":{"0":7,"1":7,"2":7},"f":{"0":7},"b":{},"_coverageSchema":"1a1c01bbd47fc00a2c39e90264f33305004495a9","hash":"375fdd215fae78fb6d42e794251e8be6259b319b"}
,"/Users/shanebdavis/dev/genui/opensource/s3p/source/test/TestLib.js": {"path":"/Users/shanebdavis/dev/genui/opensource/s3p/source/test/TestLib.js","statementMap":{"0":{"start":{"line":2,"column":10},"end":{"line":2,"column":44}},"1":{"start":{"line":3,"column":0},"end":{"line":72,"column":3}},"2":{"start":{"line":4,"column":2},"end":{"line":71,"column":4}},"3":{"start":{"line":9,"column":6},"end":{"line":9,"column":25}},"4":{"start":{"line":10,"column":6},"end":{"line":69,"column":8}},"5":{"start":{"line":12,"column":10},"end":{"line":12,"column":45}},"6":{"start":{"line":13,"column":10},"end":{"line":28,"column":12}},"7":{"start":{"line":16,"column":14},"end":{"line":16,"column":24}},"8":{"start":{"line":17,"column":14},"end":{"line":26,"column":16}},"9":{"start":{"line":18,"column":16},"end":{"line":25,"column":17}},"10":{"start":{"line":21,"column":20},"end":{"line":21,"column":28}},"11":{"start":{"line":22,"column":20},"end":{"line":22,"column":60}},"12":{"start":{"line":24,"column":28},"end":{"line":24,"column":62}},"13":{"start":{"line":32,"column":10},"end":{"line":39,"column":12}},"14":{"start":{"line":40,"column":10},"end":{"line":62,"column":19}},"15":{"start":{"line":44,"column":14},"end":{"line":58,"column":16}},"16":{"start":{"line":48,"column":18},"end":{"line":55,"column":19}},"17":{"start":{"line":50,"column":20},"end":{"line":50,"column":27}},"18":{"start":{"line":51,"column":20},"end":{"line":53,"column":22}},"19":{"start":{"line":54,"column":20},"end":{"line":54,"column":25}},"20":{"start":{"line":65,"column":10},"end":{"line":67,"column":66}}},"fnMap":{"0":{"name":"(anonymous_0)","decl":{"start":{"line":3,"column":19},"end":{"line":3,"column":20}},"loc":{"start":{"line":3,"column":25},"end":{"line":72,"column":1}},"line":3},"1":{"name":"(anonymous_1)","decl":{"start":{"line":7,"column":4},"end":{"line":7,"column":5}},"loc":{"start":{"line":7,"column":47},"end":{"line":70,"column":5}},"line":7},"2":{"name":"(anonymous_2)","decl":{"start":{"line":11,"column":26},"end":{"line":11,"column":27}},"loc":{"start":{"line":11,"column":45},"end":{"line":29,"column":9}},"line":11},"3":{"name":"(anonymous_3)","decl":{"start":{"line":14,"column":18},"end":{"line":14,"column":19}},"loc":{"start":{"line":14,"column":52},"end":{"line":27,"column":13}},"line":14},"4":{"name":"(anonymous_4)","decl":{"start":{"line":17,"column":34},"end":{"line":17,"column":35}},"loc":{"start":{"line":18,"column":16},"end":{"line":25,"column":17}},"line":18},"5":{"name":"(anonymous_5)","decl":{"start":{"line":20,"column":18},"end":{"line":20,"column":19}},"loc":{"start":{"line":20,"column":28},"end":{"line":23,"column":19}},"line":20},"6":{"name":"(anonymous_6)","decl":{"start":{"line":24,"column":18},"end":{"line":24,"column":19}},"loc":{"start":{"line":24,"column":28},"end":{"line":24,"column":62}},"line":24},"7":{"name":"(anonymous_7)","decl":{"start":{"line":30,"column":56},"end":{"line":30,"column":57}},"loc":{"start":{"line":30,"column":68},"end":{"line":63,"column":9}},"line":30},"8":{"name":"(anonymous_8)","decl":{"start":{"line":42,"column":12},"end":{"line":42,"column":13}},"loc":{"start":{"line":42,"column":22},"end":{"line":59,"column":13}},"line":42},"9":{"name":"(anonymous_9)","decl":{"start":{"line":47,"column":17},"end":{"line":47,"column":18}},"loc":{"start":{"line":47,"column":23},"end":{"line":56,"column":17}},"line":47},"10":{"name":"(anonymous_10)","decl":{"start":{"line":64,"column":46},"end":{"line":64,"column":47}},"loc":{"start":{"line":64,"column":58},"end":{"line":68,"column":9}},"line":64}},"branchMap":{"0":{"loc":{"start":{"line":14,"column":21},"end":{"line":14,"column":33}},"type":"default-arg","locations":[{"start":{"line":14,"column":29},"end":{"line":14,"column":33}}],"line":14},"1":{"loc":{"start":{"line":24,"column":28},"end":{"line":24,"column":62}},"type":"binary-expr","locations":[{"start":{"line":24,"column":28},"end":{"line":24,"column":45}},{"start":{"line":24,"column":49},"end":{"line":24,"column":62}}],"line":24},"2":{"loc":{"start":{"line":65,"column":17},"end":{"line":67,"column":65}},"type":"cond-expr","locations":[{"start":{"line":66,"column":14},"end":{"line":66,"column":25}},{"start":{"line":67,"column":15},"end":{"line":67,"column":64}}],"line":65}},"s":{"0":2,"1":2,"2":2,"3":2,"4":2,"5":9,"6":9,"7":222,"8":222,"9":222,"10":176725,"11":176725,"12":11400166,"13":2,"14":2,"15":12,"16":12,"17":120000,"18":120000,"19":120000,"20":2},"f":{"0":2,"1":2,"2":9,"3":222,"4":222,"5":176725,"6":11400166,"7":2,"8":12,"9":12,"10":2},"b":{"0":[0],"1":[11400166,5191733],"2":[0,2]},"_coverageSchema":"1a1c01bbd47fc00a2c39e90264f33305004495a9","hash":"060bd06bd75d676ca75516dbcdbe81155849c5c2"}
}
