{"/Users/shanebdavis/dev/genui/opensource/s3p/source/S3Parallel/S3Comprehensions.js": {"path":"/Users/shanebdavis/dev/genui/opensource/s3p/source/S3Parallel/S3Comprehensions.js","statementMap":{"0":{"start":{"line":2,"column":10},"end":{"line":2,"column":44}},"1":{"start":{"line":3,"column":0},"end":{"line":929,"column":3}},"2":{"start":{"line":4,"column":2},"end":{"line":928,"column":4}},"3":{"start":{"line":58,"column":6},"end":{"line":926,"column":9}},"4":{"start":{"line":62,"column":10},"end":{"line":196,"column":12}},"5":{"start":{"line":87,"column":12},"end":{"line":87,"column":36}},"6":{"start":{"line":88,"column":12},"end":{"line":88,"column":40}},"7":{"start":{"line":89,"column":12},"end":{"line":89,"column":42}},"8":{"start":{"line":90,"column":12},"end":{"line":90,"column":71}},"9":{"start":{"line":91,"column":12},"end":{"line":91,"column":38}},"10":{"start":{"line":92,"column":12},"end":{"line":92,"column":79}},"11":{"start":{"line":93,"column":12},"end":{"line":93,"column":34}},"12":{"start":{"line":94,"column":12},"end":{"line":94,"column":30}},"13":{"start":{"line":95,"column":12},"end":{"line":95,"column":38}},"14":{"start":{"line":96,"column":12},"end":{"line":96,"column":46}},"15":{"start":{"line":97,"column":12},"end":{"line":97,"column":36}},"16":{"start":{"line":98,"column":12},"end":{"line":99,"column":70}},"17":{"start":{"line":100,"column":12},"end":{"line":100,"column":36}},"18":{"start":{"line":101,"column":12},"end":{"line":101,"column":34}},"19":{"start":{"line":102,"column":12},"end":{"line":102,"column":34}},"20":{"start":{"line":103,"column":12},"end":{"line":104,"column":73}},"21":{"start":{"line":105,"column":12},"end":{"line":119,"column":13}},"22":{"start":{"line":118,"column":14},"end":{"line":118,"column":29}},"23":{"start":{"line":120,"column":12},"end":{"line":169,"column":13}},"24":{"start":{"line":121,"column":14},"end":{"line":121,"column":57}},"25":{"start":{"line":122,"column":14},"end":{"line":124,"column":15}},"26":{"start":{"line":123,"column":16},"end":{"line":123,"column":51}},"27":{"start":{"line":125,"column":14},"end":{"line":125,"column":49}},"28":{"start":{"line":126,"column":14},"end":{"line":128,"column":15}},"29":{"start":{"line":127,"column":16},"end":{"line":127,"column":36}},"30":{"start":{"line":129,"column":14},"end":{"line":129,"column":80}},"31":{"start":{"line":130,"column":14},"end":{"line":132,"column":15}},"32":{"start":{"line":131,"column":16},"end":{"line":131,"column":38}},"33":{"start":{"line":133,"column":14},"end":{"line":138,"column":15}},"34":{"start":{"line":134,"column":16},"end":{"line":136,"column":17}},"35":{"start":{"line":135,"column":18},"end":{"line":135,"column":66}},"36":{"start":{"line":137,"column":16},"end":{"line":137,"column":32}},"37":{"start":{"line":139,"column":14},"end":{"line":148,"column":15}},"38":{"start":{"line":140,"column":16},"end":{"line":146,"column":17}},"39":{"start":{"line":143,"column":18},"end":{"line":145,"column":20}},"40":{"start":{"line":147,"column":16},"end":{"line":147,"column":80}},"41":{"start":{"line":147,"column":61},"end":{"line":147,"column":79}},"42":{"start":{"line":149,"column":14},"end":{"line":164,"column":15}},"43":{"start":{"line":150,"column":16},"end":{"line":152,"column":17}},"44":{"start":{"line":151,"column":18},"end":{"line":151,"column":78}},"45":{"start":{"line":153,"column":16},"end":{"line":163,"column":21}},"46":{"start":{"line":154,"column":18},"end":{"line":162,"column":19}},"47":{"start":{"line":156,"column":22},"end":{"line":159,"column":50}},"48":{"start":{"line":158,"column":35},"end":{"line":158,"column":59}},"49":{"start":{"line":159,"column":35},"end":{"line":159,"column":49}},"50":{"start":{"line":161,"column":22},"end":{"line":161,"column":54}},"51":{"start":{"line":161,"column":38},"end":{"line":161,"column":53}},"52":{"start":{"line":166,"column":14},"end":{"line":166,"column":24}},"53":{"start":{"line":167,"column":14},"end":{"line":167,"column":31}},"54":{"start":{"line":168,"column":14},"end":{"line":168,"column":22}},"55":{"start":{"line":170,"column":12},"end":{"line":195,"column":14}},"56":{"start":{"line":197,"column":10},"end":{"line":199,"column":12}},"57":{"start":{"line":198,"column":12},"end":{"line":198,"column":24}},"58":{"start":{"line":200,"column":10},"end":{"line":246,"column":12}},"59":{"start":{"line":202,"column":12},"end":{"line":202,"column":53}},"60":{"start":{"line":203,"column":12},"end":{"line":203,"column":31}},"61":{"start":{"line":204,"column":12},"end":{"line":204,"column":30}},"62":{"start":{"line":205,"column":12},"end":{"line":205,"column":79}},"63":{"start":{"line":206,"column":12},"end":{"line":208,"column":13}},"64":{"start":{"line":207,"column":14},"end":{"line":207,"column":55}},"65":{"start":{"line":209,"column":12},"end":{"line":245,"column":14}},"66":{"start":{"line":213,"column":18},"end":{"line":240,"column":20}},"67":{"start":{"line":220,"column":26},"end":{"line":235,"column":27}},"68":{"start":{"line":222,"column":28},"end":{"line":222,"column":43}},"69":{"start":{"line":223,"column":28},"end":{"line":233,"column":29}},"70":{"start":{"line":224,"column":30},"end":{"line":232,"column":32}},"71":{"start":{"line":225,"column":51},"end":{"line":225,"column":60}},"72":{"start":{"line":226,"column":34},"end":{"line":226,"column":64}},"73":{"start":{"line":227,"column":34},"end":{"line":230,"column":51}},"74":{"start":{"line":234,"column":28},"end":{"line":234,"column":40}},"75":{"start":{"line":236,"column":26},"end":{"line":236,"column":39}},"76":{"start":{"line":244,"column":14},"end":{"line":244,"column":65}},"77":{"start":{"line":247,"column":10},"end":{"line":265,"column":12}},"78":{"start":{"line":249,"column":12},"end":{"line":249,"column":53}},"79":{"start":{"line":250,"column":12},"end":{"line":250,"column":68}},"80":{"start":{"line":250,"column":66},"end":{"line":250,"column":67}},"81":{"start":{"line":251,"column":12},"end":{"line":264,"column":14}},"82":{"start":{"line":254,"column":18},"end":{"line":256,"column":22}},"83":{"start":{"line":255,"column":20},"end":{"line":255,"column":50}},"84":{"start":{"line":260,"column":16},"end":{"line":263,"column":20}},"85":{"start":{"line":262,"column":18},"end":{"line":262,"column":30}},"86":{"start":{"line":266,"column":10},"end":{"line":283,"column":12}},"87":{"start":{"line":268,"column":12},"end":{"line":268,"column":53}},"88":{"start":{"line":269,"column":12},"end":{"line":273,"column":27}},"89":{"start":{"line":273,"column":25},"end":{"line":273,"column":26}},"90":{"start":{"line":274,"column":12},"end":{"line":274,"column":53}},"91":{"start":{"line":274,"column":30},"end":{"line":274,"column":52}},"92":{"start":{"line":275,"column":12},"end":{"line":275,"column":45}},"93":{"start":{"line":275,"column":27},"end":{"line":275,"column":44}},"94":{"start":{"line":276,"column":12},"end":{"line":282,"column":14}},"95":{"start":{"line":280,"column":18},"end":{"line":280,"column":69}},"96":{"start":{"line":284,"column":10},"end":{"line":302,"column":12}},"97":{"start":{"line":286,"column":12},"end":{"line":286,"column":53}},"98":{"start":{"line":287,"column":12},"end":{"line":287,"column":68}},"99":{"start":{"line":287,"column":66},"end":{"line":287,"column":67}},"100":{"start":{"line":288,"column":12},"end":{"line":289,"column":75}},"101":{"start":{"line":289,"column":71},"end":{"line":289,"column":74}},"102":{"start":{"line":290,"column":12},"end":{"line":290,"column":52}},"103":{"start":{"line":290,"column":33},"end":{"line":290,"column":50}},"104":{"start":{"line":291,"column":12},"end":{"line":301,"column":14}},"105":{"start":{"line":296,"column":18},"end":{"line":299,"column":32}},"106":{"start":{"line":303,"column":10},"end":{"line":894,"column":12}},"107":{"start":{"line":346,"column":12},"end":{"line":346,"column":53}},"108":{"start":{"line":347,"column":12},"end":{"line":347,"column":34}},"109":{"start":{"line":348,"column":12},"end":{"line":349,"column":74}},"110":{"start":{"line":350,"column":12},"end":{"line":350,"column":34}},"111":{"start":{"line":351,"column":12},"end":{"line":351,"column":36}},"112":{"start":{"line":352,"column":12},"end":{"line":352,"column":44}},"113":{"start":{"line":353,"column":12},"end":{"line":353,"column":36}},"114":{"start":{"line":354,"column":12},"end":{"line":354,"column":36}},"115":{"start":{"line":355,"column":12},"end":{"line":355,"column":38}},"116":{"start":{"line":356,"column":12},"end":{"line":356,"column":40}},"117":{"start":{"line":357,"column":12},"end":{"line":357,"column":77}},"118":{"start":{"line":357,"column":75},"end":{"line":357,"column":76}},"119":{"start":{"line":358,"column":12},"end":{"line":358,"column":73}},"120":{"start":{"line":359,"column":12},"end":{"line":359,"column":54}},"121":{"start":{"line":360,"column":12},"end":{"line":361,"column":76}},"122":{"start":{"line":362,"column":12},"end":{"line":362,"column":46}},"123":{"start":{"line":363,"column":12},"end":{"line":363,"column":30}},"124":{"start":{"line":364,"column":12},"end":{"line":364,"column":38}},"125":{"start":{"line":365,"column":12},"end":{"line":365,"column":44}},"126":{"start":{"line":366,"column":12},"end":{"line":366,"column":46}},"127":{"start":{"line":367,"column":12},"end":{"line":367,"column":54}},"128":{"start":{"line":368,"column":12},"end":{"line":368,"column":40}},"129":{"start":{"line":369,"column":12},"end":{"line":369,"column":34}},"130":{"start":{"line":370,"column":12},"end":{"line":371,"column":79}},"131":{"start":{"line":372,"column":12},"end":{"line":375,"column":57}},"132":{"start":{"line":376,"column":12},"end":{"line":380,"column":13}},"133":{"start":{"line":377,"column":14},"end":{"line":379,"column":16}},"134":{"start":{"line":381,"column":12},"end":{"line":381,"column":37}},"135":{"start":{"line":382,"column":12},"end":{"line":382,"column":73}},"136":{"start":{"line":383,"column":12},"end":{"line":383,"column":40}},"137":{"start":{"line":384,"column":12},"end":{"line":384,"column":51}},"138":{"start":{"line":385,"column":12},"end":{"line":421,"column":13}},"139":{"start":{"line":386,"column":14},"end":{"line":419,"column":16}},"140":{"start":{"line":388,"column":16},"end":{"line":388,"column":55}},"141":{"start":{"line":389,"column":16},"end":{"line":389,"column":55}},"142":{"start":{"line":390,"column":16},"end":{"line":390,"column":79}},"143":{"start":{"line":391,"column":16},"end":{"line":418,"column":18}},"144":{"start":{"line":420,"column":14},"end":{"line":420,"column":56}},"145":{"start":{"line":422,"column":12},"end":{"line":548,"column":14}},"146":{"start":{"line":428,"column":14},"end":{"line":428,"column":41}},"147":{"start":{"line":429,"column":14},"end":{"line":547,"column":42}},"148":{"start":{"line":451,"column":16},"end":{"line":546,"column":21}},"149":{"start":{"line":452,"column":18},"end":{"line":545,"column":19}},"150":{"start":{"line":454,"column":22},"end":{"line":503,"column":28}},"151":{"start":{"line":462,"column":34},"end":{"line":469,"column":35}},"152":{"start":{"line":464,"column":36},"end":{"line":464,"column":51}},"153":{"start":{"line":465,"column":36},"end":{"line":467,"column":37}},"154":{"start":{"line":466,"column":38},"end":{"line":466,"column":54}},"155":{"start":{"line":468,"column":36},"end":{"line":468,"column":48}},"156":{"start":{"line":470,"column":34},"end":{"line":470,"column":47}},"157":{"start":{"line":483,"column":34},"end":{"line":490,"column":35}},"158":{"start":{"line":485,"column":36},"end":{"line":485,"column":53}},"159":{"start":{"line":486,"column":36},"end":{"line":488,"column":37}},"160":{"start":{"line":487,"column":38},"end":{"line":487,"column":55}},"161":{"start":{"line":489,"column":36},"end":{"line":489,"column":49}},"162":{"start":{"line":491,"column":34},"end":{"line":491,"column":47}},"163":{"start":{"line":505,"column":22},"end":{"line":525,"column":24}},"164":{"start":{"line":512,"column":30},"end":{"line":520,"column":31}},"165":{"start":{"line":514,"column":32},"end":{"line":514,"column":49}},"166":{"start":{"line":515,"column":32},"end":{"line":518,"column":33}},"167":{"start":{"line":516,"column":34},"end":{"line":516,"column":50}},"168":{"start":{"line":517,"column":34},"end":{"line":517,"column":44}},"169":{"start":{"line":519,"column":32},"end":{"line":519,"column":45}},"170":{"start":{"line":521,"column":30},"end":{"line":521,"column":43}},"171":{"start":{"line":527,"column":22},"end":{"line":544,"column":24}},"172":{"start":{"line":534,"column":30},"end":{"line":539,"column":31}},"173":{"start":{"line":536,"column":32},"end":{"line":536,"column":49}},"174":{"start":{"line":537,"column":32},"end":{"line":537,"column":42}},"175":{"start":{"line":538,"column":32},"end":{"line":538,"column":45}},"176":{"start":{"line":540,"column":30},"end":{"line":540,"column":43}},"177":{"start":{"line":547,"column":28},"end":{"line":547,"column":40}},"178":{"start":{"line":549,"column":12},"end":{"line":549,"column":26}},"179":{"start":{"line":550,"column":12},"end":{"line":559,"column":16}},"180":{"start":{"line":551,"column":14},"end":{"line":559,"column":15}},"181":{"start":{"line":552,"column":16},"end":{"line":558,"column":29}},"182":{"start":{"line":555,"column":22},"end":{"line":555,"column":34}},"183":{"start":{"line":556,"column":22},"end":{"line":556,"column":47}},"184":{"start":{"line":560,"column":12},"end":{"line":824,"column":14}},"185":{"start":{"line":567,"column":14},"end":{"line":569,"column":15}},"186":{"start":{"line":568,"column":16},"end":{"line":568,"column":42}},"187":{"start":{"line":570,"column":14},"end":{"line":570,"column":76}},"188":{"start":{"line":571,"column":14},"end":{"line":573,"column":15}},"189":{"start":{"line":572,"column":16},"end":{"line":572,"column":25}},"190":{"start":{"line":574,"column":14},"end":{"line":585,"column":18}},"191":{"start":{"line":586,"column":14},"end":{"line":586,"column":50}},"192":{"start":{"line":587,"column":14},"end":{"line":587,"column":34}},"193":{"start":{"line":588,"column":14},"end":{"line":823,"column":18}},"194":{"start":{"line":590,"column":18},"end":{"line":590,"column":36}},"195":{"start":{"line":591,"column":18},"end":{"line":591,"column":80}},"196":{"start":{"line":592,"column":18},"end":{"line":641,"column":21}},"197":{"start":{"line":593,"column":36},"end":{"line":593,"column":74}},"198":{"start":{"line":595,"column":22},"end":{"line":595,"column":71}},"199":{"start":{"line":599,"column":20},"end":{"line":600,"column":70}},"200":{"start":{"line":601,"column":20},"end":{"line":602,"column":72}},"201":{"start":{"line":603,"column":20},"end":{"line":640,"column":22}},"202":{"start":{"line":610,"column":28},"end":{"line":617,"column":29}},"203":{"start":{"line":612,"column":30},"end":{"line":612,"column":45}},"204":{"start":{"line":613,"column":30},"end":{"line":615,"column":31}},"205":{"start":{"line":614,"column":32},"end":{"line":614,"column":48}},"206":{"start":{"line":616,"column":30},"end":{"line":616,"column":42}},"207":{"start":{"line":618,"column":28},"end":{"line":618,"column":41}},"208":{"start":{"line":628,"column":28},"end":{"line":635,"column":29}},"209":{"start":{"line":630,"column":30},"end":{"line":630,"column":47}},"210":{"start":{"line":631,"column":30},"end":{"line":633,"column":31}},"211":{"start":{"line":632,"column":32},"end":{"line":632,"column":49}},"212":{"start":{"line":634,"column":30},"end":{"line":634,"column":43}},"213":{"start":{"line":636,"column":28},"end":{"line":636,"column":41}},"214":{"start":{"line":643,"column":32},"end":{"line":643,"column":48}},"215":{"start":{"line":646,"column":18},"end":{"line":681,"column":21}},"216":{"start":{"line":693,"column":20},"end":{"line":710,"column":23}},"217":{"start":{"line":711,"column":20},"end":{"line":716,"column":22}},"218":{"start":{"line":729,"column":18},"end":{"line":729,"column":51}},"219":{"start":{"line":730,"column":18},"end":{"line":730,"column":53}},"220":{"start":{"line":731,"column":18},"end":{"line":731,"column":47}},"221":{"start":{"line":732,"column":18},"end":{"line":732,"column":41}},"222":{"start":{"line":733,"column":18},"end":{"line":733,"column":49}},"223":{"start":{"line":734,"column":18},"end":{"line":734,"column":39}},"224":{"start":{"line":735,"column":18},"end":{"line":735,"column":57}},"225":{"start":{"line":736,"column":18},"end":{"line":745,"column":19}},"226":{"start":{"line":737,"column":20},"end":{"line":737,"column":39}},"227":{"start":{"line":738,"column":20},"end":{"line":738,"column":47}},"228":{"start":{"line":739,"column":20},"end":{"line":739,"column":50}},"229":{"start":{"line":740,"column":20},"end":{"line":743,"column":22}},"230":{"start":{"line":744,"column":20},"end":{"line":744,"column":51}},"231":{"start":{"line":746,"column":18},"end":{"line":750,"column":30}},"232":{"start":{"line":751,"column":18},"end":{"line":791,"column":19}},"233":{"start":{"line":752,"column":20},"end":{"line":790,"column":22}},"234":{"start":{"line":792,"column":18},"end":{"line":810,"column":79}},"235":{"start":{"line":793,"column":48},"end":{"line":793,"column":67}},"236":{"start":{"line":800,"column":38},"end":{"line":800,"column":51}},"237":{"start":{"line":808,"column":38},"end":{"line":808,"column":52}},"238":{"start":{"line":810,"column":55},"end":{"line":810,"column":77}},"239":{"start":{"line":813,"column":18},"end":{"line":822,"column":31}},"240":{"start":{"line":825,"column":12},"end":{"line":893,"column":17}},"241":{"start":{"line":827,"column":22},"end":{"line":827,"column":77}},"242":{"start":{"line":836,"column":16},"end":{"line":836,"column":50}},"243":{"start":{"line":837,"column":16},"end":{"line":837,"column":55}},"244":{"start":{"line":838,"column":16},"end":{"line":838,"column":55}},"245":{"start":{"line":839,"column":16},"end":{"line":841,"column":17}},"246":{"start":{"line":840,"column":18},"end":{"line":840,"column":54}},"247":{"start":{"line":842,"column":16},"end":{"line":842,"column":79}},"248":{"start":{"line":843,"column":16},"end":{"line":845,"column":17}},"249":{"start":{"line":844,"column":18},"end":{"line":844,"column":60}},"250":{"start":{"line":846,"column":16},"end":{"line":847,"column":63}},"251":{"start":{"line":848,"column":16},"end":{"line":850,"column":17}},"252":{"start":{"line":849,"column":18},"end":{"line":849,"column":70}},"253":{"start":{"line":851,"column":16},"end":{"line":860,"column":19}},"254":{"start":{"line":861,"column":16},"end":{"line":892,"column":28}},"255":{"start":{"line":868,"column":22},"end":{"line":868,"column":30}},"256":{"start":{"line":876,"column":37},"end":{"line":876,"column":51}},"257":{"start":{"line":890,"column":30},"end":{"line":890,"column":79}},"258":{"start":{"line":895,"column":10},"end":{"line":924,"column":12}},"259":{"start":{"line":897,"column":12},"end":{"line":923,"column":14}},"260":{"start":{"line":902,"column":18},"end":{"line":919,"column":20}},"261":{"start":{"line":909,"column":26},"end":{"line":914,"column":27}},"262":{"start":{"line":911,"column":28},"end":{"line":911,"column":40}},"263":{"start":{"line":912,"column":28},"end":{"line":912,"column":41}},"264":{"start":{"line":913,"column":28},"end":{"line":913,"column":39}},"265":{"start":{"line":915,"column":26},"end":{"line":915,"column":38}}},"fnMap":{"0":{"name":"(anonymous_0)","decl":{"start":{"line":3,"column":19},"end":{"line":3,"column":20}},"loc":{"start":{"line":3,"column":25},"end":{"line":929,"column":1}},"line":3},"1":{"name":"(anonymous_1)","decl":{"start":{"line":35,"column":4},"end":{"line":35,"column":5}},"loc":{"start":{"line":56,"column":9},"end":{"line":927,"column":5}},"line":56},"2":{"name":"(anonymous_2)","decl":{"start":{"line":60,"column":8},"end":{"line":60,"column":9}},"loc":{"start":{"line":60,"column":63},"end":{"line":925,"column":9}},"line":60},"3":{"name":"(anonymous_3)","decl":{"start":{"line":62,"column":34},"end":{"line":62,"column":35}},"loc":{"start":{"line":62,"column":47},"end":{"line":196,"column":11}},"line":62},"4":{"name":"(anonymous_4)","decl":{"start":{"line":147,"column":48},"end":{"line":147,"column":49}},"loc":{"start":{"line":147,"column":61},"end":{"line":147,"column":79}},"line":147},"5":{"name":"(anonymous_5)","decl":{"start":{"line":153,"column":25},"end":{"line":153,"column":26}},"loc":{"start":{"line":153,"column":31},"end":{"line":163,"column":17}},"line":153},"6":{"name":"(anonymous_6)","decl":{"start":{"line":158,"column":26},"end":{"line":158,"column":27}},"loc":{"start":{"line":158,"column":35},"end":{"line":158,"column":59}},"line":158},"7":{"name":"(anonymous_7)","decl":{"start":{"line":159,"column":26},"end":{"line":159,"column":27}},"loc":{"start":{"line":159,"column":35},"end":{"line":159,"column":49}},"line":159},"8":{"name":"(anonymous_8)","decl":{"start":{"line":161,"column":29},"end":{"line":161,"column":30}},"loc":{"start":{"line":161,"column":38},"end":{"line":161,"column":53}},"line":161},"9":{"name":"(anonymous_9)","decl":{"start":{"line":197,"column":23},"end":{"line":197,"column":24}},"loc":{"start":{"line":197,"column":35},"end":{"line":199,"column":11}},"line":197},"10":{"name":"(anonymous_10)","decl":{"start":{"line":200,"column":30},"end":{"line":200,"column":31}},"loc":{"start":{"line":200,"column":43},"end":{"line":246,"column":11}},"line":200},"11":{"name":"(anonymous_11)","decl":{"start":{"line":211,"column":25},"end":{"line":211,"column":26}},"loc":{"start":{"line":211,"column":36},"end":{"line":241,"column":17}},"line":211},"12":{"name":"(anonymous_12)","decl":{"start":{"line":219,"column":25},"end":{"line":219,"column":26}},"loc":{"start":{"line":219,"column":31},"end":{"line":237,"column":25}},"line":219},"13":{"name":"(anonymous_13)","decl":{"start":{"line":225,"column":45},"end":{"line":225,"column":46}},"loc":{"start":{"line":225,"column":51},"end":{"line":225,"column":60}},"line":225},"14":{"name":"(anonymous_14)","decl":{"start":{"line":225,"column":68},"end":{"line":225,"column":69}},"loc":{"start":{"line":225,"column":79},"end":{"line":231,"column":33}},"line":225},"15":{"name":"(anonymous_15)","decl":{"start":{"line":243,"column":19},"end":{"line":243,"column":20}},"loc":{"start":{"line":244,"column":14},"end":{"line":244,"column":65}},"line":244},"16":{"name":"(anonymous_16)","decl":{"start":{"line":247,"column":22},"end":{"line":247,"column":23}},"loc":{"start":{"line":247,"column":35},"end":{"line":265,"column":11}},"line":247},"17":{"name":"(anonymous_17)","decl":{"start":{"line":250,"column":59},"end":{"line":250,"column":60}},"loc":{"start":{"line":250,"column":66},"end":{"line":250,"column":67}},"line":250},"18":{"name":"(anonymous_18)","decl":{"start":{"line":253,"column":21},"end":{"line":253,"column":22}},"loc":{"start":{"line":254,"column":18},"end":{"line":256,"column":22}},"line":254},"19":{"name":"(anonymous_19)","decl":{"start":{"line":254,"column":19},"end":{"line":254,"column":20}},"loc":{"start":{"line":254,"column":25},"end":{"line":256,"column":19}},"line":254},"20":{"name":"(anonymous_20)","decl":{"start":{"line":259,"column":14},"end":{"line":259,"column":15}},"loc":{"start":{"line":260,"column":16},"end":{"line":263,"column":20}},"line":260},"21":{"name":"(anonymous_21)","decl":{"start":{"line":261,"column":17},"end":{"line":261,"column":18}},"loc":{"start":{"line":261,"column":23},"end":{"line":263,"column":17}},"line":261},"22":{"name":"(anonymous_22)","decl":{"start":{"line":266,"column":23},"end":{"line":266,"column":24}},"loc":{"start":{"line":266,"column":36},"end":{"line":283,"column":11}},"line":266},"23":{"name":"(anonymous_23)","decl":{"start":{"line":273,"column":18},"end":{"line":273,"column":19}},"loc":{"start":{"line":273,"column":25},"end":{"line":273,"column":26}},"line":273},"24":{"name":"(anonymous_24)","decl":{"start":{"line":274,"column":20},"end":{"line":274,"column":21}},"loc":{"start":{"line":274,"column":30},"end":{"line":274,"column":52}},"line":274},"25":{"name":"(anonymous_25)","decl":{"start":{"line":275,"column":20},"end":{"line":275,"column":21}},"loc":{"start":{"line":275,"column":27},"end":{"line":275,"column":44}},"line":275},"26":{"name":"(anonymous_26)","decl":{"start":{"line":279,"column":22},"end":{"line":279,"column":23}},"loc":{"start":{"line":280,"column":18},"end":{"line":280,"column":69}},"line":280},"27":{"name":"(anonymous_27)","decl":{"start":{"line":284,"column":24},"end":{"line":284,"column":25}},"loc":{"start":{"line":284,"column":37},"end":{"line":302,"column":11}},"line":284},"28":{"name":"(anonymous_28)","decl":{"start":{"line":287,"column":59},"end":{"line":287,"column":60}},"loc":{"start":{"line":287,"column":66},"end":{"line":287,"column":67}},"line":287},"29":{"name":"(anonymous_29)","decl":{"start":{"line":289,"column":58},"end":{"line":289,"column":59}},"loc":{"start":{"line":289,"column":71},"end":{"line":289,"column":74}},"line":289},"30":{"name":"(anonymous_30)","decl":{"start":{"line":290,"column":20},"end":{"line":290,"column":21}},"loc":{"start":{"line":290,"column":33},"end":{"line":290,"column":50}},"line":290},"31":{"name":"(anonymous_31)","decl":{"start":{"line":295,"column":22},"end":{"line":295,"column":23}},"loc":{"start":{"line":296,"column":18},"end":{"line":299,"column":32}},"line":296},"32":{"name":"(anonymous_32)","decl":{"start":{"line":303,"column":22},"end":{"line":303,"column":23}},"loc":{"start":{"line":303,"column":35},"end":{"line":894,"column":11}},"line":303},"33":{"name":"(anonymous_33)","decl":{"start":{"line":357,"column":68},"end":{"line":357,"column":69}},"loc":{"start":{"line":357,"column":75},"end":{"line":357,"column":76}},"line":357},"34":{"name":"(anonymous_34)","decl":{"start":{"line":386,"column":23},"end":{"line":386,"column":24}},"loc":{"start":{"line":386,"column":36},"end":{"line":419,"column":15}},"line":386},"35":{"name":"(anonymous_35)","decl":{"start":{"line":422,"column":21},"end":{"line":422,"column":22}},"loc":{"start":{"line":427,"column":17},"end":{"line":548,"column":13}},"line":427},"36":{"name":"(anonymous_36)","decl":{"start":{"line":429,"column":34},"end":{"line":429,"column":35}},"loc":{"start":{"line":429,"column":40},"end":{"line":547,"column":15}},"line":429},"37":{"name":"(anonymous_37)","decl":{"start":{"line":451,"column":24},"end":{"line":451,"column":25}},"loc":{"start":{"line":451,"column":30},"end":{"line":546,"column":17}},"line":451},"38":{"name":"(anonymous_38)","decl":{"start":{"line":461,"column":33},"end":{"line":461,"column":34}},"loc":{"start":{"line":461,"column":39},"end":{"line":471,"column":33}},"line":461},"39":{"name":"(anonymous_39)","decl":{"start":{"line":482,"column":33},"end":{"line":482,"column":34}},"loc":{"start":{"line":482,"column":39},"end":{"line":492,"column":33}},"line":482},"40":{"name":"(anonymous_40)","decl":{"start":{"line":511,"column":29},"end":{"line":511,"column":30}},"loc":{"start":{"line":511,"column":35},"end":{"line":522,"column":29}},"line":511},"41":{"name":"(anonymous_41)","decl":{"start":{"line":533,"column":29},"end":{"line":533,"column":30}},"loc":{"start":{"line":533,"column":35},"end":{"line":541,"column":29}},"line":533},"42":{"name":"(anonymous_42)","decl":{"start":{"line":547,"column":22},"end":{"line":547,"column":23}},"loc":{"start":{"line":547,"column":28},"end":{"line":547,"column":40}},"line":547},"43":{"name":"(anonymous_43)","decl":{"start":{"line":550,"column":30},"end":{"line":550,"column":31}},"loc":{"start":{"line":551,"column":14},"end":{"line":559,"column":15}},"line":551},"44":{"name":"(anonymous_44)","decl":{"start":{"line":551,"column":27},"end":{"line":551,"column":28}},"loc":{"start":{"line":552,"column":16},"end":{"line":558,"column":29}},"line":552},"45":{"name":"(anonymous_45)","decl":{"start":{"line":554,"column":39},"end":{"line":554,"column":40}},"loc":{"start":{"line":554,"column":45},"end":{"line":557,"column":21}},"line":554},"46":{"name":"(anonymous_46)","decl":{"start":{"line":560,"column":28},"end":{"line":560,"column":29}},"loc":{"start":{"line":565,"column":17},"end":{"line":824,"column":13}},"line":565},"47":{"name":"(anonymous_47)","decl":{"start":{"line":589,"column":22},"end":{"line":589,"column":23}},"loc":{"start":{"line":589,"column":28},"end":{"line":642,"column":17}},"line":589},"48":{"name":"(anonymous_48)","decl":{"start":{"line":593,"column":30},"end":{"line":593,"column":31}},"loc":{"start":{"line":593,"column":36},"end":{"line":593,"column":74}},"line":593},"49":{"name":"(anonymous_49)","decl":{"start":{"line":594,"column":30},"end":{"line":594,"column":31}},"loc":{"start":{"line":595,"column":22},"end":{"line":595,"column":71}},"line":595},"50":{"name":"(anonymous_50)","decl":{"start":{"line":597,"column":26},"end":{"line":597,"column":27}},"loc":{"start":{"line":597,"column":61},"end":{"line":641,"column":19}},"line":597},"51":{"name":"(anonymous_51)","decl":{"start":{"line":609,"column":27},"end":{"line":609,"column":28}},"loc":{"start":{"line":609,"column":33},"end":{"line":619,"column":27}},"line":609},"52":{"name":"(anonymous_52)","decl":{"start":{"line":627,"column":27},"end":{"line":627,"column":28}},"loc":{"start":{"line":627,"column":33},"end":{"line":637,"column":27}},"line":627},"53":{"name":"(anonymous_53)","decl":{"start":{"line":643,"column":25},"end":{"line":643,"column":26}},"loc":{"start":{"line":643,"column":32},"end":{"line":643,"column":48}},"line":643},"54":{"name":"(anonymous_54)","decl":{"start":{"line":644,"column":22},"end":{"line":644,"column":23}},"loc":{"start":{"line":644,"column":51},"end":{"line":682,"column":17}},"line":644},"55":{"name":"(anonymous_55)","decl":{"start":{"line":684,"column":18},"end":{"line":684,"column":19}},"loc":{"start":{"line":691,"column":24},"end":{"line":717,"column":19}},"line":691},"56":{"name":"(anonymous_56)","decl":{"start":{"line":719,"column":22},"end":{"line":719,"column":23}},"loc":{"start":{"line":719,"column":78},"end":{"line":811,"column":17}},"line":719},"57":{"name":"(anonymous_57)","decl":{"start":{"line":793,"column":41},"end":{"line":793,"column":42}},"loc":{"start":{"line":793,"column":48},"end":{"line":793,"column":67}},"line":793},"58":{"name":"(anonymous_58)","decl":{"start":{"line":800,"column":31},"end":{"line":800,"column":32}},"loc":{"start":{"line":800,"column":38},"end":{"line":800,"column":51}},"line":800},"59":{"name":"(anonymous_59)","decl":{"start":{"line":808,"column":31},"end":{"line":808,"column":32}},"loc":{"start":{"line":808,"column":38},"end":{"line":808,"column":52}},"line":808},"60":{"name":"(anonymous_60)","decl":{"start":{"line":810,"column":26},"end":{"line":810,"column":27}},"loc":{"start":{"line":810,"column":55},"end":{"line":810,"column":77}},"line":810},"61":{"name":"(anonymous_61)","decl":{"start":{"line":812,"column":26},"end":{"line":812,"column":27}},"loc":{"start":{"line":813,"column":18},"end":{"line":822,"column":31}},"line":813},"62":{"name":"(anonymous_62)","decl":{"start":{"line":827,"column":16},"end":{"line":827,"column":17}},"loc":{"start":{"line":827,"column":22},"end":{"line":827,"column":77}},"line":827},"63":{"name":"(anonymous_63)","decl":{"start":{"line":829,"column":20},"end":{"line":829,"column":21}},"loc":{"start":{"line":829,"column":31},"end":{"line":893,"column":15}},"line":829},"64":{"name":"(anonymous_64)","decl":{"start":{"line":867,"column":21},"end":{"line":867,"column":22}},"loc":{"start":{"line":867,"column":27},"end":{"line":869,"column":21}},"line":867},"65":{"name":"(anonymous_65)","decl":{"start":{"line":876,"column":30},"end":{"line":876,"column":31}},"loc":{"start":{"line":876,"column":37},"end":{"line":876,"column":51}},"line":876},"66":{"name":"(anonymous_66)","decl":{"start":{"line":889,"column":28},"end":{"line":889,"column":29}},"loc":{"start":{"line":890,"column":30},"end":{"line":890,"column":79}},"line":890},"67":{"name":"(anonymous_67)","decl":{"start":{"line":895,"column":30},"end":{"line":895,"column":31}},"loc":{"start":{"line":895,"column":43},"end":{"line":924,"column":11}},"line":895},"68":{"name":"(anonymous_68)","decl":{"start":{"line":900,"column":25},"end":{"line":900,"column":26}},"loc":{"start":{"line":900,"column":32},"end":{"line":920,"column":17}},"line":900},"69":{"name":"(anonymous_69)","decl":{"start":{"line":908,"column":25},"end":{"line":908,"column":26}},"loc":{"start":{"line":908,"column":31},"end":{"line":916,"column":25}},"line":908}},"branchMap":{"0":{"loc":{"start":{"line":90,"column":21},"end":{"line":90,"column":70}},"type":"cond-expr","locations":[{"start":{"line":90,"column":61},"end":{"line":90,"column":65}},{"start":{"line":90,"column":68},"end":{"line":90,"column":70}}],"line":90},"1":{"loc":{"start":{"line":92,"column":22},"end":{"line":92,"column":78}},"type":"cond-expr","locations":[{"start":{"line":92,"column":64},"end":{"line":92,"column":69}},{"start":{"line":92,"column":72},"end":{"line":92,"column":78}}],"line":92},"2":{"loc":{"start":{"line":99,"column":14},"end":{"line":99,"column":69}},"type":"cond-expr","locations":[{"start":{"line":99,"column":59},"end":{"line":99,"column":64}},{"start":{"line":99,"column":67},"end":{"line":99,"column":69}}],"line":99},"3":{"loc":{"start":{"line":104,"column":14},"end":{"line":104,"column":72}},"type":"cond-expr","locations":[{"start":{"line":104,"column":52},"end":{"line":104,"column":57}},{"start":{"line":104,"column":60},"end":{"line":104,"column":72}}],"line":104},"4":{"loc":{"start":{"line":105,"column":12},"end":{"line":119,"column":13}},"type":"if","locations":[{"start":{"line":105,"column":12},"end":{"line":119,"column":13}},{"start":{"line":105,"column":12},"end":{"line":119,"column":13}}],"line":105},"5":{"loc":{"start":{"line":107,"column":16},"end":{"line":115,"column":33}},"type":"binary-expr","locations":[{"start":{"line":107,"column":16},"end":{"line":107,"column":22}},{"start":{"line":108,"column":16},"end":{"line":108,"column":24}},{"start":{"line":109,"column":16},"end":{"line":109,"column":22}},{"start":{"line":110,"column":16},"end":{"line":110,"column":23}},{"start":{"line":111,"column":16},"end":{"line":111,"column":26}},{"start":{"line":112,"column":16},"end":{"line":112,"column":22}},{"start":{"line":113,"column":16},"end":{"line":113,"column":30}},{"start":{"line":114,"column":16},"end":{"line":114,"column":37}},{"start":{"line":115,"column":16},"end":{"line":115,"column":33}}],"line":107},"6":{"loc":{"start":{"line":122,"column":14},"end":{"line":124,"column":15}},"type":"if","locations":[{"start":{"line":122,"column":14},"end":{"line":124,"column":15}},{"start":{"line":122,"column":14},"end":{"line":124,"column":15}}],"line":122},"7":{"loc":{"start":{"line":126,"column":14},"end":{"line":128,"column":15}},"type":"if","locations":[{"start":{"line":126,"column":14},"end":{"line":128,"column":15}},{"start":{"line":126,"column":14},"end":{"line":128,"column":15}}],"line":126},"8":{"loc":{"start":{"line":129,"column":50},"end":{"line":129,"column":78}},"type":"cond-expr","locations":[{"start":{"line":129,"column":67},"end":{"line":129,"column":73}},{"start":{"line":129,"column":76},"end":{"line":129,"column":78}}],"line":129},"9":{"loc":{"start":{"line":130,"column":14},"end":{"line":132,"column":15}},"type":"if","locations":[{"start":{"line":130,"column":14},"end":{"line":132,"column":15}},{"start":{"line":130,"column":14},"end":{"line":132,"column":15}}],"line":130},"10":{"loc":{"start":{"line":130,"column":18},"end":{"line":130,"column":50}},"type":"binary-expr","locations":[{"start":{"line":130,"column":18},"end":{"line":130,"column":25}},{"start":{"line":130,"column":29},"end":{"line":130,"column":50}}],"line":130},"11":{"loc":{"start":{"line":133,"column":14},"end":{"line":138,"column":15}},"type":"if","locations":[{"start":{"line":133,"column":14},"end":{"line":138,"column":15}},{"start":{"line":133,"column":14},"end":{"line":138,"column":15}}],"line":133},"12":{"loc":{"start":{"line":134,"column":16},"end":{"line":136,"column":17}},"type":"if","locations":[{"start":{"line":134,"column":16},"end":{"line":136,"column":17}},{"start":{"line":134,"column":16},"end":{"line":136,"column":17}}],"line":134},"13":{"loc":{"start":{"line":139,"column":14},"end":{"line":148,"column":15}},"type":"if","locations":[{"start":{"line":139,"column":14},"end":{"line":148,"column":15}},{"start":{"line":139,"column":14},"end":{"line":148,"column":15}}],"line":139},"14":{"loc":{"start":{"line":139,"column":18},"end":{"line":139,"column":35}},"type":"binary-expr","locations":[{"start":{"line":139,"column":18},"end":{"line":139,"column":24}},{"start":{"line":139,"column":28},"end":{"line":139,"column":35}}],"line":139},"15":{"loc":{"start":{"line":140,"column":16},"end":{"line":146,"column":17}},"type":"if","locations":[{"start":{"line":140,"column":16},"end":{"line":146,"column":17}},{"start":{"line":140,"column":16},"end":{"line":146,"column":17}}],"line":140},"16":{"loc":{"start":{"line":147,"column":22},"end":{"line":147,"column":79}},"type":"cond-expr","locations":[{"start":{"line":147,"column":39},"end":{"line":147,"column":45}},{"start":{"line":147,"column":48},"end":{"line":147,"column":79}}],"line":147},"17":{"loc":{"start":{"line":149,"column":14},"end":{"line":164,"column":15}},"type":"if","locations":[{"start":{"line":149,"column":14},"end":{"line":164,"column":15}},{"start":{"line":149,"column":14},"end":{"line":164,"column":15}}],"line":149},"18":{"loc":{"start":{"line":149,"column":18},"end":{"line":149,"column":39}},"type":"binary-expr","locations":[{"start":{"line":149,"column":18},"end":{"line":149,"column":26}},{"start":{"line":149,"column":30},"end":{"line":149,"column":39}}],"line":149},"19":{"loc":{"start":{"line":150,"column":16},"end":{"line":152,"column":17}},"type":"if","locations":[{"start":{"line":150,"column":16},"end":{"line":152,"column":17}},{"start":{"line":150,"column":16},"end":{"line":152,"column":17}}],"line":150},"20":{"loc":{"start":{"line":154,"column":18},"end":{"line":162,"column":19}},"type":"switch","locations":[{"start":{"line":155,"column":20},"end":{"line":159,"column":50}},{"start":{"line":160,"column":20},"end":{"line":161,"column":54}}],"line":154},"21":{"loc":{"start":{"line":156,"column":29},"end":{"line":159,"column":49}},"type":"cond-expr","locations":[{"start":{"line":157,"column":27},"end":{"line":158,"column":59}},{"start":{"line":159,"column":26},"end":{"line":159,"column":49}}],"line":156},"22":{"loc":{"start":{"line":185,"column":18},"end":{"line":185,"column":77}},"type":"cond-expr","locations":[{"start":{"line":185,"column":62},"end":{"line":185,"column":67}},{"start":{"line":185,"column":70},"end":{"line":185,"column":77}}],"line":185},"23":{"loc":{"start":{"line":205,"column":21},"end":{"line":205,"column":78}},"type":"cond-expr","locations":[{"start":{"line":205,"column":61},"end":{"line":205,"column":65}},{"start":{"line":205,"column":68},"end":{"line":205,"column":78}}],"line":205},"24":{"loc":{"start":{"line":206,"column":12},"end":{"line":208,"column":13}},"type":"if","locations":[{"start":{"line":206,"column":12},"end":{"line":208,"column":13}},{"start":{"line":206,"column":12},"end":{"line":208,"column":13}}],"line":206},"25":{"loc":{"start":{"line":216,"column":20},"end":{"line":238,"column":33}},"type":"cond-expr","locations":[{"start":{"line":217,"column":25},"end":{"line":237,"column":28}},{"start":{"line":238,"column":24},"end":{"line":238,"column":33}}],"line":216},"26":{"loc":{"start":{"line":223,"column":28},"end":{"line":233,"column":29}},"type":"if","locations":[{"start":{"line":223,"column":28},"end":{"line":233,"column":29}},{"start":{"line":223,"column":28},"end":{"line":233,"column":29}}],"line":223},"27":{"loc":{"start":{"line":227,"column":42},"end":{"line":229,"column":51}},"type":"cond-expr","locations":[{"start":{"line":228,"column":38},"end":{"line":228,"column":44}},{"start":{"line":229,"column":39},"end":{"line":229,"column":50}}],"line":227},"28":{"loc":{"start":{"line":244,"column":14},"end":{"line":244,"column":65}},"type":"cond-expr","locations":[{"start":{"line":244,"column":31},"end":{"line":244,"column":56}},{"start":{"line":244,"column":59},"end":{"line":244,"column":65}}],"line":244},"29":{"loc":{"start":{"line":250,"column":21},"end":{"line":250,"column":67}},"type":"cond-expr","locations":[{"start":{"line":250,"column":52},"end":{"line":250,"column":56}},{"start":{"line":250,"column":59},"end":{"line":250,"column":67}}],"line":250},"30":{"loc":{"start":{"line":260,"column":16},"end":{"line":263,"column":20}},"type":"binary-expr","locations":[{"start":{"line":260,"column":16},"end":{"line":260,"column":27}},{"start":{"line":261,"column":16},"end":{"line":263,"column":20}}],"line":260},"31":{"loc":{"start":{"line":270,"column":14},"end":{"line":273,"column":26}},"type":"cond-expr","locations":[{"start":{"line":272,"column":18},"end":{"line":272,"column":22}},{"start":{"line":273,"column":18},"end":{"line":273,"column":26}}],"line":270},"32":{"loc":{"start":{"line":270,"column":22},"end":{"line":270,"column":74}},"type":"cond-expr","locations":[{"start":{"line":270,"column":55},"end":{"line":270,"column":60}},{"start":{"line":270,"column":63},"end":{"line":270,"column":74}}],"line":270},"33":{"loc":{"start":{"line":278,"column":35},"end":{"line":278,"column":78}},"type":"cond-expr","locations":[{"start":{"line":278,"column":68},"end":{"line":278,"column":73}},{"start":{"line":278,"column":76},"end":{"line":278,"column":78}}],"line":278},"34":{"loc":{"start":{"line":287,"column":21},"end":{"line":287,"column":67}},"type":"cond-expr","locations":[{"start":{"line":287,"column":52},"end":{"line":287,"column":56}},{"start":{"line":287,"column":59},"end":{"line":287,"column":67}}],"line":287},"35":{"loc":{"start":{"line":289,"column":14},"end":{"line":289,"column":74}},"type":"cond-expr","locations":[{"start":{"line":289,"column":50},"end":{"line":289,"column":55}},{"start":{"line":289,"column":58},"end":{"line":289,"column":74}}],"line":289},"36":{"loc":{"start":{"line":294,"column":18},"end":{"line":294,"column":61}},"type":"cond-expr","locations":[{"start":{"line":294,"column":51},"end":{"line":294,"column":56}},{"start":{"line":294,"column":59},"end":{"line":294,"column":61}}],"line":294},"37":{"loc":{"start":{"line":349,"column":14},"end":{"line":349,"column":73}},"type":"cond-expr","locations":[{"start":{"line":349,"column":60},"end":{"line":349,"column":64}},{"start":{"line":349,"column":67},"end":{"line":349,"column":73}}],"line":349},"38":{"loc":{"start":{"line":357,"column":20},"end":{"line":357,"column":76}},"type":"cond-expr","locations":[{"start":{"line":357,"column":60},"end":{"line":357,"column":65}},{"start":{"line":357,"column":68},"end":{"line":357,"column":76}}],"line":357},"39":{"loc":{"start":{"line":358,"column":20},"end":{"line":358,"column":72}},"type":"cond-expr","locations":[{"start":{"line":358,"column":60},"end":{"line":358,"column":65}},{"start":{"line":358,"column":68},"end":{"line":358,"column":72}}],"line":358},"40":{"loc":{"start":{"line":361,"column":14},"end":{"line":361,"column":75}},"type":"cond-expr","locations":[{"start":{"line":361,"column":64},"end":{"line":361,"column":69}},{"start":{"line":361,"column":72},"end":{"line":361,"column":75}}],"line":361},"41":{"loc":{"start":{"line":371,"column":14},"end":{"line":371,"column":78}},"type":"cond-expr","locations":[{"start":{"line":371,"column":51},"end":{"line":371,"column":56}},{"start":{"line":371,"column":59},"end":{"line":371,"column":78}}],"line":371},"42":{"loc":{"start":{"line":373,"column":14},"end":{"line":375,"column":56}},"type":"cond-expr","locations":[{"start":{"line":374,"column":18},"end":{"line":374,"column":23}},{"start":{"line":375,"column":18},"end":{"line":375,"column":56}}],"line":373},"43":{"loc":{"start":{"line":376,"column":12},"end":{"line":380,"column":13}},"type":"if","locations":[{"start":{"line":376,"column":12},"end":{"line":380,"column":13}},{"start":{"line":376,"column":12},"end":{"line":380,"column":13}}],"line":376},"44":{"loc":{"start":{"line":376,"column":16},"end":{"line":376,"column":42}},"type":"binary-expr","locations":[{"start":{"line":376,"column":16},"end":{"line":376,"column":23}},{"start":{"line":376,"column":27},"end":{"line":376,"column":30}},{"start":{"line":376,"column":34},"end":{"line":376,"column":42}}],"line":376},"45":{"loc":{"start":{"line":384,"column":28},"end":{"line":384,"column":50}},"type":"cond-expr","locations":[{"start":{"line":384,"column":37},"end":{"line":384,"column":38}},{"start":{"line":384,"column":41},"end":{"line":384,"column":50}}],"line":384},"46":{"loc":{"start":{"line":385,"column":12},"end":{"line":421,"column":13}},"type":"if","locations":[{"start":{"line":385,"column":12},"end":{"line":421,"column":13}},{"start":{"line":385,"column":12},"end":{"line":421,"column":13}}],"line":385},"47":{"loc":{"start":{"line":398,"column":22},"end":{"line":400,"column":35}},"type":"cond-expr","locations":[{"start":{"line":399,"column":26},"end":{"line":399,"column":68}},{"start":{"line":400,"column":26},"end":{"line":400,"column":35}}],"line":398},"48":{"loc":{"start":{"line":401,"column":22},"end":{"line":403,"column":35}},"type":"cond-expr","locations":[{"start":{"line":402,"column":26},"end":{"line":402,"column":69}},{"start":{"line":403,"column":26},"end":{"line":403,"column":35}}],"line":401},"49":{"loc":{"start":{"line":404,"column":22},"end":{"line":406,"column":35}},"type":"cond-expr","locations":[{"start":{"line":405,"column":26},"end":{"line":405,"column":67}},{"start":{"line":406,"column":26},"end":{"line":406,"column":35}}],"line":404},"50":{"loc":{"start":{"line":407,"column":22},"end":{"line":411,"column":35}},"type":"cond-expr","locations":[{"start":{"line":408,"column":26},"end":{"line":408,"column":50}},{"start":{"line":409,"column":26},"end":{"line":411,"column":35}}],"line":407},"51":{"loc":{"start":{"line":409,"column":26},"end":{"line":411,"column":35}},"type":"cond-expr","locations":[{"start":{"line":410,"column":26},"end":{"line":410,"column":75}},{"start":{"line":411,"column":26},"end":{"line":411,"column":35}}],"line":409},"52":{"loc":{"start":{"line":412,"column":22},"end":{"line":414,"column":35}},"type":"cond-expr","locations":[{"start":{"line":413,"column":26},"end":{"line":413,"column":69}},{"start":{"line":414,"column":26},"end":{"line":414,"column":35}}],"line":412},"53":{"loc":{"start":{"line":415,"column":22},"end":{"line":415,"column":77}},"type":"binary-expr","locations":[{"start":{"line":415,"column":23},"end":{"line":415,"column":43}},{"start":{"line":415,"column":47},"end":{"line":415,"column":68}},{"start":{"line":415,"column":73},"end":{"line":415,"column":77}}],"line":415},"54":{"loc":{"start":{"line":452,"column":18},"end":{"line":545,"column":19}},"type":"switch","locations":[{"start":{"line":453,"column":20},"end":{"line":503,"column":28}},{"start":{"line":504,"column":20},"end":{"line":525,"column":24}},{"start":{"line":526,"column":20},"end":{"line":544,"column":24}}],"line":452},"55":{"loc":{"start":{"line":454,"column":29},"end":{"line":503,"column":27}},"type":"cond-expr","locations":[{"start":{"line":455,"column":27},"end":{"line":497,"column":27}},{"start":{"line":498,"column":26},"end":{"line":503,"column":27}}],"line":454},"56":{"loc":{"start":{"line":458,"column":28},"end":{"line":472,"column":41}},"type":"cond-expr","locations":[{"start":{"line":459,"column":33},"end":{"line":471,"column":36}},{"start":{"line":472,"column":32},"end":{"line":472,"column":41}}],"line":458},"57":{"loc":{"start":{"line":465,"column":36},"end":{"line":467,"column":37}},"type":"if","locations":[{"start":{"line":465,"column":36},"end":{"line":467,"column":37}},{"start":{"line":465,"column":36},"end":{"line":467,"column":37}}],"line":465},"58":{"loc":{"start":{"line":479,"column":28},"end":{"line":493,"column":41}},"type":"cond-expr","locations":[{"start":{"line":480,"column":33},"end":{"line":492,"column":36}},{"start":{"line":493,"column":32},"end":{"line":493,"column":41}}],"line":479},"59":{"loc":{"start":{"line":486,"column":36},"end":{"line":488,"column":37}},"type":"if","locations":[{"start":{"line":486,"column":36},"end":{"line":488,"column":37}},{"start":{"line":486,"column":36},"end":{"line":488,"column":37}}],"line":486},"60":{"loc":{"start":{"line":504,"column":27},"end":{"line":504,"column":40}},"type":"binary-expr","locations":[{"start":{"line":504,"column":27},"end":{"line":504,"column":30}},{"start":{"line":504,"column":34},"end":{"line":504,"column":40}}],"line":504},"61":{"loc":{"start":{"line":508,"column":24},"end":{"line":523,"column":37}},"type":"cond-expr","locations":[{"start":{"line":509,"column":29},"end":{"line":522,"column":32}},{"start":{"line":523,"column":28},"end":{"line":523,"column":37}}],"line":508},"62":{"loc":{"start":{"line":515,"column":32},"end":{"line":518,"column":33}},"type":"if","locations":[{"start":{"line":515,"column":32},"end":{"line":518,"column":33}},{"start":{"line":515,"column":32},"end":{"line":518,"column":33}}],"line":515},"63":{"loc":{"start":{"line":530,"column":24},"end":{"line":542,"column":37}},"type":"cond-expr","locations":[{"start":{"line":531,"column":29},"end":{"line":541,"column":32}},{"start":{"line":542,"column":28},"end":{"line":542,"column":37}}],"line":530},"64":{"loc":{"start":{"line":552,"column":16},"end":{"line":558,"column":29}},"type":"cond-expr","locations":[{"start":{"line":553,"column":21},"end":{"line":557,"column":22}},{"start":{"line":558,"column":20},"end":{"line":558,"column":29}}],"line":552},"65":{"loc":{"start":{"line":552,"column":16},"end":{"line":552,"column":47}},"type":"binary-expr","locations":[{"start":{"line":552,"column":16},"end":{"line":552,"column":33}},{"start":{"line":552,"column":37},"end":{"line":552,"column":47}}],"line":552},"66":{"loc":{"start":{"line":563,"column":14},"end":{"line":563,"column":37}},"type":"default-arg","locations":[{"start":{"line":563,"column":32},"end":{"line":563,"column":37}}],"line":563},"67":{"loc":{"start":{"line":567,"column":14},"end":{"line":569,"column":15}},"type":"if","locations":[{"start":{"line":567,"column":14},"end":{"line":569,"column":15}},{"start":{"line":567,"column":14},"end":{"line":569,"column":15}}],"line":567},"68":{"loc":{"start":{"line":567,"column":18},"end":{"line":567,"column":73}},"type":"binary-expr","locations":[{"start":{"line":567,"column":18},"end":{"line":567,"column":49}},{"start":{"line":567,"column":53},"end":{"line":567,"column":73}}],"line":567},"69":{"loc":{"start":{"line":571,"column":14},"end":{"line":573,"column":15}},"type":"if","locations":[{"start":{"line":571,"column":14},"end":{"line":573,"column":15}},{"start":{"line":571,"column":14},"end":{"line":573,"column":15}}],"line":571},"70":{"loc":{"start":{"line":574,"column":14},"end":{"line":585,"column":17}},"type":"binary-expr","locations":[{"start":{"line":574,"column":14},"end":{"line":574,"column":19}},{"start":{"line":575,"column":16},"end":{"line":585,"column":17}}],"line":574},"71":{"loc":{"start":{"line":577,"column":24},"end":{"line":577,"column":68}},"type":"cond-expr","locations":[{"start":{"line":577,"column":47},"end":{"line":577,"column":59}},{"start":{"line":577,"column":62},"end":{"line":577,"column":68}}],"line":577},"72":{"loc":{"start":{"line":600,"column":22},"end":{"line":600,"column":69}},"type":"binary-expr","locations":[{"start":{"line":600,"column":22},"end":{"line":600,"column":46}},{"start":{"line":600,"column":50},"end":{"line":600,"column":69}}],"line":600},"73":{"loc":{"start":{"line":602,"column":22},"end":{"line":602,"column":71}},"type":"binary-expr","locations":[{"start":{"line":602,"column":22},"end":{"line":602,"column":47}},{"start":{"line":602,"column":51},"end":{"line":602,"column":71}}],"line":602},"74":{"loc":{"start":{"line":606,"column":22},"end":{"line":620,"column":35}},"type":"cond-expr","locations":[{"start":{"line":607,"column":27},"end":{"line":619,"column":30}},{"start":{"line":620,"column":26},"end":{"line":620,"column":35}}],"line":606},"75":{"loc":{"start":{"line":613,"column":30},"end":{"line":615,"column":31}},"type":"if","locations":[{"start":{"line":613,"column":30},"end":{"line":615,"column":31}},{"start":{"line":613,"column":30},"end":{"line":615,"column":31}}],"line":613},"76":{"loc":{"start":{"line":624,"column":22},"end":{"line":638,"column":35}},"type":"cond-expr","locations":[{"start":{"line":625,"column":27},"end":{"line":637,"column":30}},{"start":{"line":638,"column":26},"end":{"line":638,"column":35}}],"line":624},"77":{"loc":{"start":{"line":631,"column":30},"end":{"line":633,"column":31}},"type":"if","locations":[{"start":{"line":631,"column":30},"end":{"line":633,"column":31}},{"start":{"line":631,"column":30},"end":{"line":633,"column":31}}],"line":631},"78":{"loc":{"start":{"line":649,"column":20},"end":{"line":663,"column":23}},"type":"binary-expr","locations":[{"start":{"line":649,"column":20},"end":{"line":649,"column":27}},{"start":{"line":650,"column":22},"end":{"line":650,"column":30}},{"start":{"line":651,"column":22},"end":{"line":663,"column":23}}],"line":649},"79":{"loc":{"start":{"line":658,"column":28},"end":{"line":660,"column":41}},"type":"cond-expr","locations":[{"start":{"line":659,"column":32},"end":{"line":659,"column":51}},{"start":{"line":660,"column":32},"end":{"line":660,"column":41}}],"line":658},"80":{"loc":{"start":{"line":664,"column":20},"end":{"line":678,"column":23}},"type":"binary-expr","locations":[{"start":{"line":664,"column":20},"end":{"line":664,"column":27}},{"start":{"line":665,"column":22},"end":{"line":665,"column":30}},{"start":{"line":666,"column":22},"end":{"line":678,"column":23}}],"line":664},"81":{"loc":{"start":{"line":673,"column":28},"end":{"line":675,"column":38}},"type":"cond-expr","locations":[{"start":{"line":674,"column":32},"end":{"line":674,"column":52}},{"start":{"line":675,"column":32},"end":{"line":675,"column":38}}],"line":673},"82":{"loc":{"start":{"line":697,"column":24},"end":{"line":698,"column":55}},"type":"binary-expr","locations":[{"start":{"line":697,"column":24},"end":{"line":697,"column":54}},{"start":{"line":698,"column":26},"end":{"line":698,"column":55}}],"line":697},"83":{"loc":{"start":{"line":699,"column":24},"end":{"line":700,"column":51}},"type":"binary-expr","locations":[{"start":{"line":699,"column":24},"end":{"line":699,"column":54}},{"start":{"line":700,"column":26},"end":{"line":700,"column":51}}],"line":699},"84":{"loc":{"start":{"line":705,"column":24},"end":{"line":706,"column":56}},"type":"binary-expr","locations":[{"start":{"line":705,"column":24},"end":{"line":705,"column":55}},{"start":{"line":706,"column":26},"end":{"line":706,"column":56}}],"line":705},"85":{"loc":{"start":{"line":707,"column":24},"end":{"line":708,"column":51}},"type":"binary-expr","locations":[{"start":{"line":707,"column":24},"end":{"line":707,"column":54}},{"start":{"line":708,"column":26},"end":{"line":708,"column":51}}],"line":707},"86":{"loc":{"start":{"line":714,"column":22},"end":{"line":714,"column":70}},"type":"binary-expr","locations":[{"start":{"line":714,"column":22},"end":{"line":714,"column":58}},{"start":{"line":714,"column":62},"end":{"line":714,"column":70}}],"line":714},"87":{"loc":{"start":{"line":715,"column":22},"end":{"line":715,"column":73}},"type":"binary-expr","locations":[{"start":{"line":715,"column":22},"end":{"line":715,"column":60}},{"start":{"line":715,"column":64},"end":{"line":715,"column":73}}],"line":715},"88":{"loc":{"start":{"line":736,"column":18},"end":{"line":745,"column":19}},"type":"if","locations":[{"start":{"line":736,"column":18},"end":{"line":745,"column":19}},{"start":{"line":736,"column":18},"end":{"line":745,"column":19}}],"line":736},"89":{"loc":{"start":{"line":736,"column":22},"end":{"line":736,"column":67}},"type":"binary-expr","locations":[{"start":{"line":736,"column":22},"end":{"line":736,"column":32}},{"start":{"line":736,"column":36},"end":{"line":736,"column":51}},{"start":{"line":736,"column":55},"end":{"line":736,"column":67}}],"line":736},"90":{"loc":{"start":{"line":746,"column":28},"end":{"line":750,"column":29}},"type":"cond-expr","locations":[{"start":{"line":747,"column":22},"end":{"line":749,"column":30}},{"start":{"line":750,"column":22},"end":{"line":750,"column":29}}],"line":746},"91":{"loc":{"start":{"line":747,"column":22},"end":{"line":749,"column":30}},"type":"cond-expr","locations":[{"start":{"line":748,"column":24},"end":{"line":748,"column":30}},{"start":{"line":749,"column":24},"end":{"line":749,"column":30}}],"line":747},"92":{"loc":{"start":{"line":751,"column":18},"end":{"line":791,"column":19}},"type":"if","locations":[{"start":{"line":751,"column":18},"end":{"line":791,"column":19}},{"start":{"line":751,"column":18},"end":{"line":791,"column":19}}],"line":751},"93":{"loc":{"start":{"line":762,"column":24},"end":{"line":766,"column":37}},"type":"cond-expr","locations":[{"start":{"line":763,"column":28},"end":{"line":763,"column":32}},{"start":{"line":764,"column":28},"end":{"line":766,"column":37}}],"line":762},"94":{"loc":{"start":{"line":764,"column":28},"end":{"line":766,"column":37}},"type":"cond-expr","locations":[{"start":{"line":765,"column":28},"end":{"line":765,"column":34}},{"start":{"line":766,"column":28},"end":{"line":766,"column":37}}],"line":764},"95":{"loc":{"start":{"line":780,"column":24},"end":{"line":780,"column":63}},"type":"binary-expr","locations":[{"start":{"line":780,"column":24},"end":{"line":780,"column":35}},{"start":{"line":780,"column":39},"end":{"line":780,"column":63}}],"line":780},"96":{"loc":{"start":{"line":782,"column":24},"end":{"line":782,"column":59}},"type":"binary-expr","locations":[{"start":{"line":782,"column":24},"end":{"line":782,"column":35}},{"start":{"line":782,"column":39},"end":{"line":782,"column":59}}],"line":782},"97":{"loc":{"start":{"line":784,"column":24},"end":{"line":784,"column":58}},"type":"binary-expr","locations":[{"start":{"line":784,"column":24},"end":{"line":784,"column":35}},{"start":{"line":784,"column":39},"end":{"line":784,"column":58}}],"line":784},"98":{"loc":{"start":{"line":786,"column":24},"end":{"line":786,"column":65}},"type":"binary-expr","locations":[{"start":{"line":786,"column":24},"end":{"line":786,"column":36}},{"start":{"line":786,"column":40},"end":{"line":786,"column":65}}],"line":786},"99":{"loc":{"start":{"line":788,"column":24},"end":{"line":788,"column":61}},"type":"binary-expr","locations":[{"start":{"line":788,"column":24},"end":{"line":788,"column":36}},{"start":{"line":788,"column":40},"end":{"line":788,"column":61}}],"line":788},"100":{"loc":{"start":{"line":794,"column":20},"end":{"line":801,"column":33}},"type":"cond-expr","locations":[{"start":{"line":795,"column":24},"end":{"line":800,"column":52}},{"start":{"line":801,"column":24},"end":{"line":801,"column":33}}],"line":794},"101":{"loc":{"start":{"line":799,"column":26},"end":{"line":799,"column":67}},"type":"cond-expr","locations":[{"start":{"line":799,"column":41},"end":{"line":799,"column":53}},{"start":{"line":799,"column":56},"end":{"line":799,"column":67}}],"line":799},"102":{"loc":{"start":{"line":802,"column":20},"end":{"line":809,"column":34}},"type":"cond-expr","locations":[{"start":{"line":803,"column":24},"end":{"line":808,"column":53}},{"start":{"line":809,"column":24},"end":{"line":809,"column":34}}],"line":802},"103":{"loc":{"start":{"line":807,"column":26},"end":{"line":807,"column":66}},"type":"cond-expr","locations":[{"start":{"line":807,"column":40},"end":{"line":807,"column":52}},{"start":{"line":807,"column":55},"end":{"line":807,"column":66}}],"line":807},"104":{"loc":{"start":{"line":813,"column":18},"end":{"line":822,"column":31}},"type":"cond-expr","locations":[{"start":{"line":814,"column":22},"end":{"line":821,"column":24}},{"start":{"line":822,"column":22},"end":{"line":822,"column":31}}],"line":813},"105":{"loc":{"start":{"line":827,"column":22},"end":{"line":827,"column":77}},"type":"binary-expr","locations":[{"start":{"line":827,"column":22},"end":{"line":827,"column":50}},{"start":{"line":827,"column":54},"end":{"line":827,"column":77}}],"line":827},"106":{"loc":{"start":{"line":836,"column":16},"end":{"line":836,"column":49}},"type":"binary-expr","locations":[{"start":{"line":836,"column":16},"end":{"line":836,"column":31}},{"start":{"line":836,"column":35},"end":{"line":836,"column":49}}],"line":836},"107":{"loc":{"start":{"line":839,"column":16},"end":{"line":841,"column":17}},"type":"if","locations":[{"start":{"line":839,"column":16},"end":{"line":841,"column":17}},{"start":{"line":839,"column":16},"end":{"line":841,"column":17}}],"line":839},"108":{"loc":{"start":{"line":842,"column":36},"end":{"line":842,"column":78}},"type":"binary-expr","locations":[{"start":{"line":842,"column":36},"end":{"line":842,"column":51}},{"start":{"line":842,"column":55},"end":{"line":842,"column":78}}],"line":842},"109":{"loc":{"start":{"line":843,"column":16},"end":{"line":845,"column":17}},"type":"if","locations":[{"start":{"line":843,"column":16},"end":{"line":845,"column":17}},{"start":{"line":843,"column":16},"end":{"line":845,"column":17}}],"line":843},"110":{"loc":{"start":{"line":847,"column":18},"end":{"line":847,"column":62}},"type":"binary-expr","locations":[{"start":{"line":847,"column":18},"end":{"line":847,"column":33}},{"start":{"line":847,"column":37},"end":{"line":847,"column":62}}],"line":847},"111":{"loc":{"start":{"line":848,"column":16},"end":{"line":850,"column":17}},"type":"if","locations":[{"start":{"line":848,"column":16},"end":{"line":850,"column":17}},{"start":{"line":848,"column":16},"end":{"line":850,"column":17}}],"line":848},"112":{"loc":{"start":{"line":858,"column":34},"end":{"line":858,"column":67}},"type":"binary-expr","locations":[{"start":{"line":858,"column":34},"end":{"line":858,"column":49}},{"start":{"line":858,"column":53},"end":{"line":858,"column":67}}],"line":858},"113":{"loc":{"start":{"line":861,"column":23},"end":{"line":892,"column":27}},"type":"cond-expr","locations":[{"start":{"line":862,"column":21},"end":{"line":869,"column":24}},{"start":{"line":870,"column":21},"end":{"line":892,"column":26}}],"line":861},"114":{"loc":{"start":{"line":870,"column":21},"end":{"line":881,"column":33}},"type":"cond-expr","locations":[{"start":{"line":871,"column":24},"end":{"line":880,"column":26}},{"start":{"line":881,"column":24},"end":{"line":881,"column":33}}],"line":870},"115":{"loc":{"start":{"line":870,"column":21},"end":{"line":870,"column":56}},"type":"binary-expr","locations":[{"start":{"line":870,"column":21},"end":{"line":870,"column":40}},{"start":{"line":870,"column":44},"end":{"line":870,"column":56}}],"line":870},"116":{"loc":{"start":{"line":882,"column":20},"end":{"line":892,"column":26}},"type":"cond-expr","locations":[{"start":{"line":883,"column":24},"end":{"line":883,"column":35}},{"start":{"line":884,"column":24},"end":{"line":892,"column":26}}],"line":882},"117":{"loc":{"start":{"line":890,"column":30},"end":{"line":890,"column":79}},"type":"binary-expr","locations":[{"start":{"line":890,"column":30},"end":{"line":890,"column":44}},{"start":{"line":890,"column":48},"end":{"line":890,"column":62}},{"start":{"line":890,"column":66},"end":{"line":890,"column":79}}],"line":890},"118":{"loc":{"start":{"line":905,"column":20},"end":{"line":917,"column":33}},"type":"cond-expr","locations":[{"start":{"line":906,"column":25},"end":{"line":916,"column":28}},{"start":{"line":917,"column":24},"end":{"line":917,"column":33}}],"line":905}},"s":{"0":7,"1":7,"2":7,"3":7,"4":7,"5":9,"6":9,"7":9,"8":9,"9":9,"10":9,"11":9,"12":9,"13":9,"14":9,"15":9,"16":9,"17":9,"18":9,"19":9,"20":9,"21":9,"22":0,"23":9,"24":9,"25":9,"26":0,"27":9,"28":9,"29":0,"30":9,"31":9,"32":9,"33":9,"34":0,"35":0,"36":0,"37":9,"38":0,"39":0,"40":0,"41":0,"42":9,"43":0,"44":0,"45":0,"46":0,"47":0,"48":0,"49":0,"50":0,"51":0,"52":0,"53":0,"54":0,"55":9,"56":7,"57":0,"58":7,"59":0,"60":0,"61":0,"62":0,"63":0,"64":0,"65":0,"66":0,"67":0,"68":0,"69":0,"70":0,"71":0,"72":0,"73":0,"74":0,"75":0,"76":0,"77":7,"78":0,"79":0,"80":0,"81":0,"82":0,"83":0,"84":0,"85":0,"86":7,"87":0,"88":0,"89":0,"90":0,"91":0,"92":0,"93":0,"94":0,"95":0,"96":7,"97":0,"98":0,"99":0,"100":0,"101":0,"102":0,"103":0,"104":0,"105":0,"106":7,"107":9,"108":9,"109":9,"110":9,"111":9,"112":9,"113":9,"114":9,"115":9,"116":9,"117":9,"118":0,"119":9,"120":9,"121":9,"122":9,"123":9,"124":9,"125":9,"126":9,"127":9,"128":9,"129":9,"130":9,"131":9,"132":9,"133":0,"134":9,"135":9,"136":9,"137":9,"138":9,"139":0,"140":0,"141":0,"142":0,"143":0,"144":0,"145":9,"146":218,"147":218,"148":218,"149":218,"150":0,"151":0,"152":0,"153":0,"154":0,"155":0,"156":0,"157":0,"158":0,"159":0,"160":0,"161":0,"162":0,"163":0,"164":0,"165":0,"166":0,"167":0,"168":0,"169":0,"170":0,"171":112,"172":112,"173":60016,"174":60016,"175":60016,"176":112,"177":218,"178":9,"179":9,"180":109,"181":109,"182":0,"183":0,"184":9,"185":109,"186":0,"187":109,"188":109,"189":0,"190":109,"191":109,"192":109,"193":109,"194":109,"195":109,"196":109,"197":109,"198":109,"199":109,"200":109,"201":109,"202":109,"203":91618,"204":91618,"205":73586,"206":91618,"207":109,"208":109,"209":81019,"210":81019,"211":46442,"212":81019,"213":109,"214":109,"215":109,"216":109,"217":109,"218":109,"219":109,"220":109,"221":109,"222":109,"223":109,"224":109,"225":109,"226":0,"227":0,"228":0,"229":0,"230":0,"231":109,"232":109,"233":0,"234":109,"235":109,"236":66,"237":34,"238":109,"239":0,"240":9,"241":9,"242":9,"243":9,"244":9,"245":9,"246":9,"247":9,"248":9,"249":0,"250":9,"251":9,"252":0,"253":9,"254":9,"255":0,"256":0,"257":31,"258":7,"259":0,"260":0,"261":0,"262":0,"263":0,"264":0,"265":0},"f":{"0":7,"1":7,"2":7,"3":9,"4":0,"5":0,"6":0,"7":0,"8":0,"9":0,"10":0,"11":0,"12":0,"13":0,"14":0,"15":0,"16":0,"17":0,"18":0,"19":0,"20":0,"21":0,"22":0,"23":0,"24":0,"25":0,"26":0,"27":0,"28":0,"29":0,"30":0,"31":0,"32":9,"33":0,"34":0,"35":218,"36":218,"37":218,"38":0,"39":0,"40":0,"41":112,"42":218,"43":109,"44":109,"45":0,"46":109,"47":109,"48":109,"49":109,"50":109,"51":109,"52":109,"53":109,"54":109,"55":109,"56":109,"57":109,"58":66,"59":34,"60":109,"61":0,"62":9,"63":9,"64":0,"65":0,"66":31,"67":0,"68":0,"69":0},"b":{"0":[0,9],"1":[0,9],"2":[0,9],"3":[0,9],"4":[0,9],"5":[9,9,9,9,9,9,9,0,0],"6":[0,9],"7":[0,9],"8":[9,0],"9":[9,0],"10":[9,0],"11":[0,9],"12":[0,0],"13":[0,9],"14":[9,9],"15":[0,0],"16":[0,0],"17":[0,9],"18":[9,9],"19":[0,0],"20":[0,0],"21":[0,0],"22":[0,9],"23":[0,0],"24":[0,0],"25":[0,0],"26":[0,0],"27":[0,0],"28":[0,0],"29":[0,0],"30":[0,0],"31":[0,0],"32":[0,0],"33":[0,0],"34":[0,0],"35":[0,0],"36":[0,0],"37":[0,9],"38":[0,9],"39":[7,2],"40":[0,9],"41":[9,0],"42":[0,9],"43":[0,9],"44":[9,0,0],"45":[0,9],"46":[0,9],"47":[0,0],"48":[0,0],"49":[0,0],"50":[0,0],"51":[0,0],"52":[0,0],"53":[0,0,0],"54":[0,0,112],"55":[0,0],"56":[0,0],"57":[0,0],"58":[0,0],"59":[0,0],"60":[218,112],"61":[0,0],"62":[0,0],"63":[112,0],"64":[0,109],"65":[109,0],"66":[9],"67":[0,109],"68":[109,109],"69":[0,109],"70":[109,0],"71":[0,0],"72":[109,109],"73":[109,109],"74":[109,0],"75":[73586,18032],"76":[109,0],"77":[46442,34577],"78":[109,0,0],"79":[0,0],"80":[109,0,0],"81":[0,0],"82":[109,0],"83":[109,0],"84":[109,0],"85":[109,0],"86":[109,99],"87":[109,69],"88":[0,109],"89":[109,0,0],"90":[66,43],"91":[27,39],"92":[0,109],"93":[0,0],"94":[0,0],"95":[0,0],"96":[0,0],"97":[0,0],"98":[0,0],"99":[0,0],"100":[66,43],"101":[27,39],"102":[34,75],"103":[27,7],"104":[0,0],"105":[9,0],"106":[9,0],"107":[9,0],"108":[9,0],"109":[0,9],"110":[9,0],"111":[0,9],"112":[9,0],"113":[0,9],"114":[0,9],"115":[9,0],"116":[0,9],"117":[31,6,6],"118":[0,0]},"_coverageSchema":"1a1c01bbd47fc00a2c39e90264f33305004495a9","hash":"c674ba3eb0cee9d1d077f793f4c88c785689f873"}
,"/Users/shanebdavis/dev/genui/opensource/s3p/source/S3Parallel/S3P.js": {"path":"/Users/shanebdavis/dev/genui/opensource/s3p/source/S3Parallel/S3P.js","statementMap":{"0":{"start":{"line":2,"column":10},"end":{"line":2,"column":44}},"1":{"start":{"line":3,"column":0},"end":{"line":743,"column":3}},"2":{"start":{"line":4,"column":2},"end":{"line":742,"column":4}},"3":{"start":{"line":54,"column":6},"end":{"line":54,"column":42}},"4":{"start":{"line":55,"column":6},"end":{"line":75,"column":8}},"5":{"start":{"line":57,"column":8},"end":{"line":74,"column":10}},"6":{"start":{"line":64,"column":16},"end":{"line":69,"column":17}},"7":{"start":{"line":66,"column":18},"end":{"line":66,"column":44}},"8":{"start":{"line":67,"column":18},"end":{"line":67,"column":64}},"9":{"start":{"line":68,"column":18},"end":{"line":68,"column":29}},"10":{"start":{"line":70,"column":16},"end":{"line":70,"column":28}},"11":{"start":{"line":76,"column":6},"end":{"line":85,"column":8}},"12":{"start":{"line":86,"column":6},"end":{"line":95,"column":8}},"13":{"start":{"line":96,"column":6},"end":{"line":740,"column":10}},"14":{"start":{"line":101,"column":8},"end":{"line":129,"column":10}},"15":{"start":{"line":103,"column":10},"end":{"line":128,"column":12}},"16":{"start":{"line":108,"column":16},"end":{"line":125,"column":18}},"17":{"start":{"line":115,"column":24},"end":{"line":120,"column":25}},"18":{"start":{"line":117,"column":26},"end":{"line":117,"column":38}},"19":{"start":{"line":118,"column":26},"end":{"line":118,"column":39}},"20":{"start":{"line":119,"column":26},"end":{"line":119,"column":37}},"21":{"start":{"line":121,"column":24},"end":{"line":121,"column":36}},"22":{"start":{"line":130,"column":8},"end":{"line":264,"column":10}},"23":{"start":{"line":132,"column":10},"end":{"line":132,"column":54}},"24":{"start":{"line":133,"column":10},"end":{"line":141,"column":12}},"25":{"start":{"line":142,"column":10},"end":{"line":263,"column":13}},"26":{"start":{"line":145,"column":16},"end":{"line":159,"column":28}},"27":{"start":{"line":177,"column":16},"end":{"line":183,"column":18}},"28":{"start":{"line":184,"column":16},"end":{"line":190,"column":28}},"29":{"start":{"line":191,"column":16},"end":{"line":191,"column":67}},"30":{"start":{"line":192,"column":16},"end":{"line":206,"column":31}},"31":{"start":{"line":199,"column":26},"end":{"line":204,"column":27}},"32":{"start":{"line":201,"column":28},"end":{"line":201,"column":35}},"33":{"start":{"line":202,"column":28},"end":{"line":202,"column":58}},"34":{"start":{"line":203,"column":28},"end":{"line":203,"column":33}},"35":{"start":{"line":207,"column":16},"end":{"line":207,"column":29}},"36":{"start":{"line":208,"column":16},"end":{"line":208,"column":31}},"37":{"start":{"line":209,"column":16},"end":{"line":209,"column":54}},"38":{"start":{"line":210,"column":16},"end":{"line":221,"column":17}},"39":{"start":{"line":211,"column":18},"end":{"line":211,"column":43}},"40":{"start":{"line":212,"column":18},"end":{"line":220,"column":21}},"41":{"start":{"line":214,"column":20},"end":{"line":217,"column":70}},"42":{"start":{"line":218,"column":20},"end":{"line":218,"column":40}},"43":{"start":{"line":219,"column":20},"end":{"line":219,"column":42}},"44":{"start":{"line":222,"column":16},"end":{"line":222,"column":37}},"45":{"start":{"line":223,"column":16},"end":{"line":226,"column":17}},"46":{"start":{"line":224,"column":18},"end":{"line":224,"column":41}},"47":{"start":{"line":225,"column":18},"end":{"line":225,"column":43}},"48":{"start":{"line":227,"column":16},"end":{"line":230,"column":17}},"49":{"start":{"line":228,"column":18},"end":{"line":228,"column":41}},"50":{"start":{"line":229,"column":18},"end":{"line":229,"column":43}},"51":{"start":{"line":231,"column":16},"end":{"line":234,"column":19}},"52":{"start":{"line":239,"column":12},"end":{"line":242,"column":16}},"53":{"start":{"line":243,"column":12},"end":{"line":255,"column":13}},"54":{"start":{"line":244,"column":14},"end":{"line":253,"column":16}},"55":{"start":{"line":245,"column":16},"end":{"line":247,"column":17}},"56":{"start":{"line":246,"column":18},"end":{"line":246,"column":64}},"57":{"start":{"line":248,"column":16},"end":{"line":252,"column":18}},"58":{"start":{"line":250,"column":33},"end":{"line":250,"column":52}},"59":{"start":{"line":251,"column":33},"end":{"line":251,"column":58}},"60":{"start":{"line":254,"column":14},"end":{"line":254,"column":40}},"61":{"start":{"line":256,"column":12},"end":{"line":262,"column":15}},"62":{"start":{"line":259,"column":26},"end":{"line":259,"column":42}},"63":{"start":{"line":260,"column":26},"end":{"line":260,"column":42}},"64":{"start":{"line":265,"column":8},"end":{"line":455,"column":10}},"65":{"start":{"line":278,"column":10},"end":{"line":278,"column":50}},"66":{"start":{"line":279,"column":10},"end":{"line":279,"column":44}},"67":{"start":{"line":280,"column":10},"end":{"line":280,"column":40}},"68":{"start":{"line":281,"column":10},"end":{"line":281,"column":46}},"69":{"start":{"line":282,"column":10},"end":{"line":282,"column":36}},"70":{"start":{"line":283,"column":10},"end":{"line":283,"column":32}},"71":{"start":{"line":284,"column":10},"end":{"line":284,"column":34}},"72":{"start":{"line":285,"column":10},"end":{"line":285,"column":42}},"73":{"start":{"line":286,"column":10},"end":{"line":286,"column":38}},"74":{"start":{"line":287,"column":10},"end":{"line":287,"column":38}},"75":{"start":{"line":288,"column":10},"end":{"line":290,"column":11}},"76":{"start":{"line":289,"column":12},"end":{"line":289,"column":49}},"77":{"start":{"line":291,"column":10},"end":{"line":454,"column":13}},"78":{"start":{"line":319,"column":18},"end":{"line":362,"column":30}},"79":{"start":{"line":366,"column":18},"end":{"line":374,"column":22}},"80":{"start":{"line":370,"column":35},"end":{"line":370,"column":38}},"81":{"start":{"line":373,"column":35},"end":{"line":373,"column":45}},"82":{"start":{"line":375,"column":18},"end":{"line":441,"column":20}},"83":{"start":{"line":380,"column":22},"end":{"line":385,"column":32}},"84":{"start":{"line":386,"column":22},"end":{"line":394,"column":23}},"85":{"start":{"line":387,"column":24},"end":{"line":393,"column":26}},"86":{"start":{"line":395,"column":22},"end":{"line":395,"column":54}},"87":{"start":{"line":396,"column":22},"end":{"line":396,"column":42}},"88":{"start":{"line":397,"column":22},"end":{"line":397,"column":54}},"89":{"start":{"line":400,"column":22},"end":{"line":406,"column":23}},"90":{"start":{"line":401,"column":24},"end":{"line":405,"column":26}},"91":{"start":{"line":407,"column":22},"end":{"line":407,"column":56}},"92":{"start":{"line":408,"column":22},"end":{"line":408,"column":51}},"93":{"start":{"line":412,"column":22},"end":{"line":417,"column":32}},"94":{"start":{"line":418,"column":22},"end":{"line":428,"column":23}},"95":{"start":{"line":419,"column":24},"end":{"line":427,"column":26}},"96":{"start":{"line":429,"column":22},"end":{"line":429,"column":41}},"97":{"start":{"line":430,"column":22},"end":{"line":430,"column":45}},"98":{"start":{"line":431,"column":22},"end":{"line":431,"column":57}},"99":{"start":{"line":432,"column":22},"end":{"line":432,"column":61}},"100":{"start":{"line":433,"column":22},"end":{"line":435,"column":49}},"101":{"start":{"line":438,"column":22},"end":{"line":438,"column":42}},"102":{"start":{"line":439,"column":22},"end":{"line":439,"column":43}},"103":{"start":{"line":447,"column":12},"end":{"line":452,"column":16}},"104":{"start":{"line":448,"column":14},"end":{"line":452,"column":15}},"105":{"start":{"line":450,"column":24},"end":{"line":450,"column":61}},"106":{"start":{"line":451,"column":23},"end":{"line":451,"column":30}},"107":{"start":{"line":453,"column":12},"end":{"line":453,"column":37}},"108":{"start":{"line":456,"column":8},"end":{"line":459,"column":12}},"109":{"start":{"line":457,"column":10},"end":{"line":459,"column":11}},"110":{"start":{"line":458,"column":12},"end":{"line":458,"column":44}},"111":{"start":{"line":460,"column":8},"end":{"line":591,"column":13}},"112":{"start":{"line":461,"column":10},"end":{"line":591,"column":12}},"113":{"start":{"line":470,"column":12},"end":{"line":470,"column":36}},"114":{"start":{"line":471,"column":12},"end":{"line":471,"column":35}},"115":{"start":{"line":472,"column":12},"end":{"line":472,"column":43}},"116":{"start":{"line":473,"column":12},"end":{"line":473,"column":37}},"117":{"start":{"line":474,"column":12},"end":{"line":474,"column":78}},"118":{"start":{"line":475,"column":12},"end":{"line":475,"column":35}},"119":{"start":{"line":476,"column":12},"end":{"line":476,"column":41}},"120":{"start":{"line":477,"column":12},"end":{"line":477,"column":36}},"121":{"start":{"line":478,"column":12},"end":{"line":478,"column":36}},"122":{"start":{"line":479,"column":12},"end":{"line":479,"column":37}},"123":{"start":{"line":480,"column":12},"end":{"line":480,"column":37}},"124":{"start":{"line":481,"column":12},"end":{"line":481,"column":41}},"125":{"start":{"line":482,"column":12},"end":{"line":482,"column":36}},"126":{"start":{"line":483,"column":12},"end":{"line":483,"column":36}},"127":{"start":{"line":484,"column":12},"end":{"line":484,"column":37}},"128":{"start":{"line":485,"column":12},"end":{"line":485,"column":37}},"129":{"start":{"line":486,"column":12},"end":{"line":590,"column":14}},"130":{"start":{"line":490,"column":18},"end":{"line":503,"column":21}},"131":{"start":{"line":506,"column":18},"end":{"line":506,"column":36}},"132":{"start":{"line":507,"column":18},"end":{"line":515,"column":22}},"133":{"start":{"line":511,"column":35},"end":{"line":511,"column":38}},"134":{"start":{"line":514,"column":35},"end":{"line":514,"column":45}},"135":{"start":{"line":516,"column":18},"end":{"line":586,"column":20}},"136":{"start":{"line":521,"column":22},"end":{"line":526,"column":32}},"137":{"start":{"line":527,"column":22},"end":{"line":529,"column":24}},"138":{"start":{"line":532,"column":22},"end":{"line":540,"column":24}},"139":{"start":{"line":541,"column":22},"end":{"line":541,"column":57}},"140":{"start":{"line":542,"column":22},"end":{"line":542,"column":51}},"141":{"start":{"line":546,"column":22},"end":{"line":551,"column":32}},"142":{"start":{"line":552,"column":22},"end":{"line":580,"column":68}},"143":{"start":{"line":583,"column":22},"end":{"line":583,"column":52}},"144":{"start":{"line":584,"column":22},"end":{"line":584,"column":52}},"145":{"start":{"line":587,"column":18},"end":{"line":587,"column":51}},"146":{"start":{"line":592,"column":8},"end":{"line":730,"column":10}},"147":{"start":{"line":611,"column":10},"end":{"line":611,"column":50}},"148":{"start":{"line":612,"column":10},"end":{"line":612,"column":78}},"149":{"start":{"line":613,"column":10},"end":{"line":613,"column":32}},"150":{"start":{"line":614,"column":10},"end":{"line":614,"column":32}},"151":{"start":{"line":615,"column":10},"end":{"line":615,"column":36}},"152":{"start":{"line":616,"column":10},"end":{"line":616,"column":36}},"153":{"start":{"line":617,"column":10},"end":{"line":618,"column":74}},"154":{"start":{"line":619,"column":10},"end":{"line":620,"column":78}},"155":{"start":{"line":621,"column":10},"end":{"line":624,"column":38}},"156":{"start":{"line":625,"column":10},"end":{"line":628,"column":55}},"157":{"start":{"line":629,"column":10},"end":{"line":632,"column":60}},"158":{"start":{"line":633,"column":10},"end":{"line":636,"column":39}},"159":{"start":{"line":637,"column":10},"end":{"line":637,"column":47}},"160":{"start":{"line":638,"column":10},"end":{"line":638,"column":32}},"161":{"start":{"line":639,"column":10},"end":{"line":639,"column":41}},"162":{"start":{"line":640,"column":10},"end":{"line":640,"column":41}},"163":{"start":{"line":641,"column":10},"end":{"line":641,"column":40}},"164":{"start":{"line":642,"column":10},"end":{"line":642,"column":40}},"165":{"start":{"line":643,"column":10},"end":{"line":643,"column":32}},"166":{"start":{"line":644,"column":10},"end":{"line":646,"column":11}},"167":{"start":{"line":645,"column":12},"end":{"line":645,"column":61}},"168":{"start":{"line":647,"column":10},"end":{"line":729,"column":13}},"169":{"start":{"line":651,"column":16},"end":{"line":651,"column":74}},"170":{"start":{"line":653,"column":16},"end":{"line":694,"column":28}},"171":{"start":{"line":696,"column":16},"end":{"line":696,"column":44}},"172":{"start":{"line":697,"co
[...]
":78}}],"line":242},"13":{"loc":{"start":{"line":243,"column":20},"end":{"line":243,"column":73}},"type":"cond-expr","locations":[{"start":{"line":243,"column":62},"end":{"line":243,"column":67}},{"start":{"line":243,"column":70},"end":{"line":243,"column":73}}],"line":243},"14":{"loc":{"start":{"line":244,"column":18},"end":{"line":244,"column":69}},"type":"cond-expr","locations":[{"start":{"line":244,"column":58},"end":{"line":244,"column":63}},{"start":{"line":244,"column":66},"end":{"line":244,"column":69}}],"line":244},"15":{"loc":{"start":{"line":246,"column":10},"end":{"line":248,"column":11}},"type":"if","locations":[{"start":{"line":246,"column":10},"end":{"line":248,"column":11}},{"start":{"line":246,"column":10},"end":{"line":248,"column":11}}],"line":246},"16":{"loc":{"start":{"line":249,"column":10},"end":{"line":260,"column":11}},"type":"if","locations":[{"start":{"line":249,"column":10},"end":{"line":260,"column":11}},{"start":{"line":249,"column":10},"end":{"line":260,"column":11}}],"line":249},"17":{"loc":{"start":{"line":251,"column":14},"end":{"line":254,"column":28}},"type":"binary-expr","locations":[{"start":{"line":251,"column":14},"end":{"line":251,"column":33}},{"start":{"line":252,"column":14},"end":{"line":252,"column":31}},{"start":{"line":253,"column":14},"end":{"line":253,"column":30}},{"start":{"line":254,"column":14},"end":{"line":254,"column":28}}],"line":251},"18":{"loc":{"start":{"line":271,"column":12},"end":{"line":275,"column":17}},"type":"cond-expr","locations":[{"start":{"line":272,"column":16},"end":{"line":272,"column":20}},{"start":{"line":273,"column":16},"end":{"line":275,"column":17}}],"line":271},"19":{"loc":{"start":{"line":271,"column":12},"end":{"line":271,"column":60}},"type":"binary-expr","locations":[{"start":{"line":271,"column":12},"end":{"line":271,"column":43}},{"start":{"line":271,"column":47},"end":{"line":271,"column":60}}],"line":271},"20":{"loc":{"start":{"line":280,"column":12},"end":{"line":284,"column":33}},"type":"cond-expr","locations":[{"start":{"line":281,"column":16},"end":{"line":283,"column":17}},{"start":{"line":284,"column":16},"end":{"line":284,"column":33}}],"line":280}},"s":{"0":7,"1":7,"2":7,"3":7,"4":0,"5":7,"6":7,"7":7,"8":7,"9":0,"10":7,"11":0,"12":0,"13":0,"14":0,"15":7,"16":0,"17":0,"18":0,"19":0,"20":0,"21":0,"22":0,"23":0,"24":0,"25":0,"26":7,"27":0,"28":0,"29":0,"30":0,"31":0,"32":0,"33":0,"34":0,"35":0,"36":0,"37":0,"38":0,"39":0,"40":7,"41":0,"42":7,"43":0,"44":0,"45":0,"46":0,"47":0,"48":0,"49":0,"50":0,"51":0,"52":0,"53":0,"54":0,"55":0,"56":0,"57":7,"58":0,"59":7,"60":0,"61":0,"62":0,"63":0,"64":0,"65":0,"66":0,"67":0,"68":0,"69":0,"70":0,"71":0,"72":7,"73":0,"74":0,"75":0,"76":0,"77":0,"78":0,"79":0,"80":0,"81":7,"82":0,"83":0,"84":0},"f":{"0":7,"1":7,"2":0,"3":7,"4":0,"5":0,"6":0,"7":0,"8":0,"9":0,"10":0,"11":0,"12":0,"13":0,"14":0,"15":0,"16":0,"17":0,"18":0,"19":0,"20":0,"21":0,"22":0,"23":0,"24":0,"25":0,"26":0},"b":{"0":[0],"1":[0,0],"2":[0,0],"3":[0,0],"4":[0,0],"5":[0,0],"6":[0,0],"7":[0,0],"8":[0,0],"9":[0,0],"10":[0,0],"11":[0,0],"12":[0,0],"13":[0,0],"14":[0,0],"15":[0,0],"16":[0,0],"17":[0,0,0,0],"18":[0,0],"19":[0,0],"20":[0,0]},"_coverageSchema":"1a1c01bbd47fc00a2c39e90264f33305004495a9","hash":"81b38cd1ec2461baec098930de156ea7433dba40"}
,"/Users/shanebdavis/dev/genui/opensource/s3p/source/S3Parallel/Lib/S3Keys.js": {"path":"/Users/shanebdavis/dev/genui/opensource/s3p/source/S3Parallel/Lib/S3Keys.js","statementMap":{"0":{"start":{"line":2,"column":10},"end":{"line":2,"column":44}},"1":{"start":{"line":3,"column":0},"end":{"line":160,"column":3}},"2":{"start":{"line":4,"column":2},"end":{"line":159,"column":4}},"3":{"start":{"line":19,"column":6},"end":{"line":157,"column":8}},"4":{"start":{"line":27,"column":10},"end":{"line":27,"column":70}},"5":{"start":{"line":31,"column":10},"end":{"line":31,"column":60}},"6":{"start":{"line":32,"column":10},"end":{"line":34,"column":24}},"7":{"start":{"line":48,"column":10},"end":{"line":116,"column":24}},"8":{"start":{"line":52,"column":16},"end":{"line":57,"column":17}},"9":{"start":{"line":53,"column":18},"end":{"line":55,"column":19}},"10":{"start":{"line":54,"column":20},"end":{"line":54,"column":40}},"11":{"start":{"line":56,"column":18},"end":{"line":56,"column":22}},"12":{"start":{"line":64,"column":20},"end":{"line":74,"column":22}},"13":{"start":{"line":78,"column":16},"end":{"line":104,"column":17}},"14":{"start":{"line":87,"column":20},"end":{"line":87,"column":53}},"15":{"start":{"line":89,"column":20},"end":{"line":98,"column":22}},"16":{"start":{"line":100,"column":20},"end":{"line":103,"column":22}},"17":{"start":{"line":108,"column":20},"end":{"line":112,"column":22}},"18":{"start":{"line":119,"column":10},"end":{"line":119,"column":69}},"19":{"start":{"line":122,"column":10},"end":{"line":122,"column":59}},"20":{"start":{"line":125,"column":10},"end":{"line":127,"column":24}},"21":{"start":{"line":131,"column":10},"end":{"line":155,"column":44}},"22":{"start":{"line":135,"column":16},"end":{"line":137,"column":17}},"23":{"start":{"line":136,"column":18},"end":{"line":136,"column":22}},"24":{"start":{"line":140,"column":16},"end":{"line":152,"column":17}},"25":{"start":{"line":142,"column":20},"end":{"line":142,"column":32}},"26":{"start":{"line":144,"column":20},"end":{"line":149,"column":22}},"27":{"start":{"line":151,"column":20},"end":{"line":151,"column":42}}},"fnMap":{"0":{"name":"(anonymous_0)","decl":{"start":{"line":3,"column":19},"end":{"line":3,"column":20}},"loc":{"start":{"line":3,"column":25},"end":{"line":160,"column":1}},"line":3},"1":{"name":"(anonymous_1)","decl":{"start":{"line":7,"column":4},"end":{"line":7,"column":5}},"loc":{"start":{"line":7,"column":50},"end":{"line":158,"column":5}},"line":7},"2":{"name":"(anonymous_2)","decl":{"start":{"line":26,"column":44},"end":{"line":26,"column":45}},"loc":{"start":{"line":26,"column":65},"end":{"line":28,"column":9}},"line":26},"3":{"name":"(anonymous_3)","decl":{"start":{"line":29,"column":46},"end":{"line":29,"column":47}},"loc":{"start":{"line":29,"column":64},"end":{"line":35,"column":9}},"line":29},"4":{"name":"(anonymous_4)","decl":{"start":{"line":36,"column":38},"end":{"line":36,"column":39}},"loc":{"start":{"line":40,"column":10},"end":{"line":117,"column":9}},"line":40},"5":{"name":"(anonymous_5)","decl":{"start":{"line":51,"column":15},"end":{"line":51,"column":16}},"loc":{"start":{"line":51,"column":21},"end":{"line":58,"column":15}},"line":51},"6":{"name":"(anonymous_6)","decl":{"start":{"line":63,"column":19},"end":{"line":63,"column":20}},"loc":{"start":{"line":63,"column":25},"end":{"line":75,"column":19}},"line":63},"7":{"name":"(anonymous_7)","decl":{"start":{"line":77,"column":28},"end":{"line":77,"column":29}},"loc":{"start":{"line":77,"column":34},"end":{"line":105,"column":15}},"line":77},"8":{"name":"(anonymous_8)","decl":{"start":{"line":107,"column":19},"end":{"line":107,"column":20}},"loc":{"start":{"line":107,"column":25},"end":{"line":113,"column":19}},"line":107},"9":{"name":"(anonymous_9)","decl":{"start":{"line":118,"column":32},"end":{"line":118,"column":33}},"loc":{"start":{"line":118,"column":47},"end":{"line":120,"column":9}},"line":118},"10":{"name":"(anonymous_10)","decl":{"start":{"line":121,"column":26},"end":{"line":121,"column":27}},"loc":{"start":{"line":121,"column":41},"end":{"line":123,"column":9}},"line":121},"11":{"name":"(anonymous_11)","decl":{"start":{"line":124,"column":54},"end":{"line":124,"column":55}},"loc":{"start":{"line":124,"column":72},"end":{"line":128,"column":9}},"line":124},"12":{"name":"(anonymous_12)","decl":{"start":{"line":129,"column":30},"end":{"line":129,"column":31}},"loc":{"start":{"line":129,"column":63},"end":{"line":156,"column":9}},"line":129},"13":{"name":"(anonymous_13)","decl":{"start":{"line":134,"column":15},"end":{"line":134,"column":16}},"loc":{"start":{"line":134,"column":21},"end":{"line":138,"column":15}},"line":134},"14":{"name":"(anonymous_14)","decl":{"start":{"line":139,"column":22},"end":{"line":139,"column":23}},"loc":{"start":{"line":139,"column":28},"end":{"line":153,"column":15}},"line":139}},"branchMap":{"0":{"loc":{"start":{"line":27,"column":17},"end":{"line":27,"column":69}},"type":"cond-expr","locations":[{"start":{"line":27,"column":29},"end":{"line":27,"column":65}},{"start":{"line":27,"column":68},"end":{"line":27,"column":69}}],"line":27},"1":{"loc":{"start":{"line":32,"column":17},"end":{"line":34,"column":23}},"type":"cond-expr","locations":[{"start":{"line":33,"column":14},"end":{"line":33,"column":44}},{"start":{"line":34,"column":14},"end":{"line":34,"column":23}}],"line":32},"2":{"loc":{"start":{"line":32,"column":26},"end":{"line":32,"column":47}},"type":"binary-expr","locations":[{"start":{"line":32,"column":26},"end":{"line":32,"column":39}},{"start":{"line":32,"column":43},"end":{"line":32,"column":47}}],"line":32},"3":{"loc":{"start":{"line":48,"column":17},"end":{"line":116,"column":23}},"type":"cond-expr","locations":[{"start":{"line":49,"column":15},"end":{"line":115,"column":23}},{"start":{"line":116,"column":14},"end":{"line":116,"column":23}}],"line":48},"4":{"loc":{"start":{"line":53,"column":18},"end":{"line":55,"column":19}},"type":"if","locations":[{"start":{"line":53,"column":18},"end":{"line":55,"column":19}},{"start":{"line":53,"column":18},"end":{"line":55,"column":19}}],"line":53},"5":{"loc":{"start":{"line":60,"column":16},"end":{"line":60,"column":76}},"type":"cond-expr","locations":[{"start":{"line":60,"column":42},"end":{"line":60,"column":43}},{"start":{"line":60,"column":46},"end":{"line":60,"column":76}}],"line":60},"6":{"loc":{"start":{"line":62,"column":14},"end":{"line":76,"column":27}},"type":"cond-expr","locations":[{"start":{"line":63,"column":18},"end":{"line":75,"column":22}},{"start":{"line":76,"column":18},"end":{"line":76,"column":27}}],"line":62},"7":{"loc":{"start":{"line":62,"column":14},"end":{"line":62,"column":46}},"type":"binary-expr","locations":[{"start":{"line":62,"column":14},"end":{"line":62,"column":28}},{"start":{"line":62,"column":32},"end":{"line":62,"column":46}}],"line":62},"8":{"loc":{"start":{"line":78,"column":16},"end":{"line":104,"column":17}},"type":"switch","locations":[{"start":{"line":79,"column":18},"end":{"line":87,"column":53}},{"start":{"line":88,"column":18},"end":{"line":98,"column":22}},{"start":{"line":99,"column":18},"end":{"line":103,"column":22}}],"line":78},"9":{"loc":{"start":{"line":80,"column":20},"end":{"line":85,"column":22}},"type":"binary-expr","locations":[{"start":{"line":80,"column":20},"end":{"line":80,"column":32}},{"start":{"line":81,"column":20},"end":{"line":81,"column":75}},{"start":{"line":82,"column":21},"end":{"line":85,"column":21}}],"line":80},"10":{"loc":{"start":{"line":84,"column":22},"end":{"line":84,"column":71}},"type":"cond-expr","locations":[{"start":{"line":84,"column":48},"end":{"line":84,"column":67}},{"start":{"line":84,"column":70},"end":{"line":84,"column":71}}],"line":84},"11":{"loc":{"start":{"line":106,"column":14},"end":{"line":114,"column":27}},"type":"cond-expr","locations":[{"start":{"line":107,"column":18},"end":{"line":113,"column":22}},{"start":{"line":114,"column":18},"end":{"line":114,"column":27}}],"line":106},"12":{"loc":{"start":{"line":106,"column":16},"end":{"line":106,"column":62}},"type":"binary-expr","locations":[{"start":{"line":106,"column":16},"end":{"line":106,"column":39}},{"start":{"line":106,"column":43},"end":{"line":106,"column":62}}],"line":106},"13":{"loc":{"start":{"line":119,"column":17},"end":{"line":119,"column":68}},"type":"cond-expr","locations":[{"start":{"line":119,"column":38},"end":{"line":119,"column":62}},{"start":{"line":119,"column":65},"end":{"line":119,"column":68}}],"line":119},"14":{"loc":{"start":{"line":125,"column":17},"end":{"line":127,"column":23}},"type":"cond-expr","locations":[{"start":{"line":126,"column":14},"end":{"line":126,"column":71}},{"start":{"line":127,"column":14},"end":{"line":127,"column":23}}],"line":125},"15":{"loc":{"start":{"line":129,"column":45},"end":{"line":129,"column":61}},"type":"default-arg","locations":[{"start":{"line":129,"column":57},"end":{"line":129,"column":61}}],"line":129},"16":{"loc":{"start":{"line":131,"column":17},"end":{"line":155,"column":43}},"type":"cond-expr","locations":[{"start":{"line":132,"column":15},"end":{"line":154,"column":43}},{"start":{"line":155,"column":14},"end":{"line":155,"column":43}}],"line":131},"17":{"loc":{"start":{"line":140,"column":16},"end":{"line":152,"column":17}},"type":"switch","locations":[{"start":{"line":141,"column":18},"end":{"line":142,"column":32}},{"start":{"line":143,"column":18},"end":{"line":149,"column":22}},{"start":{"line":150,"column":18},"end":{"line":151,"column":42}}],"line":140},"18":{"loc":{"start":{"line":154,"column":14},"end":{"line":154,"column":43}},"type":"cond-expr","locations":[{"start":{"line":154,"column":26},"end":{"line":154,"column":37}},{"start":{"line":154,"column":40},"end":{"line":154,"column":43}}],"line":154}},"s":{"0":7,"1":7,"2":7,"3":7,"4":242,"5":42,"6":42,"7":127,"8":124,"9":1057,"10":148,"11":1057,"12":2,"13":122,"14":21,"15":6,"16":95,"17":0,"18":2,"19":3,"20":33,"21":3,"22":3,"23":10,"24":3,"25":1,"26":1,"27":1},"f":{"0":7,"1":7,"2":242,"3":42,"4":127,"5":124,"6":2,"7":122,"8":0,"9":2,"10":3,"11":33,"12":3,"13":3,"14":3},"b":{"0":[240,2],"1":[26,16],"2":[42,26],"3":[124,3],"4":[148,909],"5":[12,112],"6":[2,122],"7":[124,123],"8":[21,6,95],"9":[122,34,34],"10":[26,8],"11":[0,122],"12":[122,122],"13":[0,2],"14":[33,0],"15":[3],"16":[3,0],"17":[1,1,1],"18":[3,0]},"_coverageSchema":"1a1c01bbd47fc00a2c39e90264f33305004495a9","hash":"412cd9d6fcd83ac976967ff77b06e3fd1596367a"}
,"/Users/shanebdavis/dev/genui/opensource/s3p/source/S3Parallel/Lib/index.js": {"path":"/Users/shanebdavis/dev/genui/opensource/s3p/source/S3Parallel/Lib/index.js","statementMap":{"0":{"start":{"line":4,"column":0},"end":{"line":12,"column":3}}},"fnMap":{},"branchMap":{},"s":{"0":7},"f":{},"b":{},"_coverageSchema":"1a1c01bbd47fc00a2c39e90264f33305004495a9","hash":"551d640022f62b2f31b16ce4ca8b5f45e3c6ef2d"}
,"/Users/shanebdavis/dev/genui/opensource/s3p/source/S3Parallel/Lib/namespace.js": {"path":"/Users/shanebdavis/dev/genui/opensource/s3p/source/S3Parallel/Lib/namespace.js","statementMap":{"0":{"start":{"line":4,"column":0},"end":{"line":7,"column":2}}},"fnMap":{},"branchMap":{},"s":{"0":7},"f":{},"b":{},"_coverageSchema":"1a1c01bbd47fc00a2c39e90264f33305004495a9","hash":"553fe6bed53c86404e70dad86d0230b19287f782"}
,"/Users/shanebdavis/dev/genui/opensource/s3p/source/test/StandardImport.js": {"path":"/Users/shanebdavis/dev/genui/opensource/s3p/source/test/StandardImport.js","statementMap":{"0":{"start":{"line":2,"column":10},"end":{"line":2,"column":44}},"1":{"start":{"line":3,"column":0},"end":{"line":8,"column":3}},"2":{"start":{"line":4,"column":2},"end":{"line":7,"column":4}}},"fnMap":{"0":{"name":"(anonymous_0)","decl":{"start":{"line":3,"column":19},"end":{"line":3,"column":20}},"loc":{"start":{"line":3,"column":25},"end":{"line":8,"column":1}},"line":3}},"branchMap":{},"s":{"0":7,"1":7,"2":7},"f":{"0":7},"b":{},"_coverageSchema":"1a1c01bbd47fc00a2c39e90264f33305004495a9","hash":"375fdd215fae78fb6d42e794251e8be6259b319b"}
,"/Users/shanebdavis/dev/genui/opensource/s3p/source/test/TestLib.js": {"path":"/Users/shanebdavis/dev/genui/opensource/s3p/source/test/TestLib.js","statementMap":{"0":{"start":{"line":2,"column":10},"end":{"line":2,"column":44}},"1":{"start":{"line":3,"column":0},"end":{"line":72,"column":3}},"2":{"start":{"line":4,"column":2},"end":{"line":71,"column":4}},"3":{"start":{"line":9,"column":6},"end":{"line":9,"column":25}},"4":{"start":{"line":10,"column":6},"end":{"line":69,"column":8}},"5":{"start":{"line":12,"column":10},"end":{"line":12,"column":45}},"6":{"start":{"line":13,"column":10},"end":{"line":28,"column":12}},"7":{"start":{"line":16,"column":14},"end":{"line":16,"column":24}},"8":{"start":{"line":17,"column":14},"end":{"line":26,"column":16}},"9":{"start":{"line":18,"column":16},"end":{"line":25,"column":17}},"10":{"start":{"line":21,"column":20},"end":{"line":21,"column":28}},"11":{"start":{"line":22,"column":20},"end":{"line":22,"column":60}},"12":{"start":{"line":24,"column":28},"end":{"line":24,"column":62}},"13":{"start":{"line":32,"column":10},"end":{"line":39,"column":12}},"14":{"start":{"line":40,"column":10},"end":{"line":62,"column":19}},"15":{"start":{"line":44,"column":14},"end":{"line":58,"column":16}},"16":{"start":{"line":48,"column":18},"end":{"line":55,"column":19}},"17":{"start":{"line":50,"column":20},"end":{"line":50,"column":27}},"18":{"start":{"line":51,"column":20},"end":{"line":53,"column":22}},"19":{"start":{"line":54,"column":20},"end":{"line":54,"column":25}},"20":{"start":{"line":65,"column":10},"end":{"line":67,"column":66}}},"fnMap":{"0":{"name":"(anonymous_0)","decl":{"start":{"line":3,"column":19},"end":{"line":3,"column":20}},"loc":{"start":{"line":3,"column":25},"end":{"line":72,"column":1}},"line":3},"1":{"name":"(anonymous_1)","decl":{"start":{"line":7,"column":4},"end":{"line":7,"column":5}},"loc":{"start":{"line":7,"column":47},"end":{"line":70,"column":5}},"line":7},"2":{"name":"(anonymous_2)","decl":{"start":{"line":11,"column":26},"end":{"line":11,"column":27}},"loc":{"start":{"line":11,"column":45},"end":{"line":29,"column":9}},"line":11},"3":{"name":"(anonymous_3)","decl":{"start":{"line":14,"column":18},"end":{"line":14,"column":19}},"loc":{"start":{"line":14,"column":52},"end":{"line":27,"column":13}},"line":14},"4":{"name":"(anonymous_4)","decl":{"start":{"line":17,"column":34},"end":{"line":17,"column":35}},"loc":{"start":{"line":18,"column":16},"end":{"line":25,"column":17}},"line":18},"5":{"name":"(anonymous_5)","decl":{"start":{"line":20,"column":18},"end":{"line":20,"column":19}},"loc":{"start":{"line":20,"column":28},"end":{"line":23,"column":19}},"line":20},"6":{"name":"(anonymous_6)","decl":{"start":{"line":24,"column":18},"end":{"line":24,"column":19}},"loc":{"start":{"line":24,"column":28},"end":{"line":24,"column":62}},"line":24},"7":{"name":"(anonymous_7)","decl":{"start":{"line":30,"column":56},"end":{"line":30,"column":57}},"loc":{"start":{"line":30,"column":68},"end":{"line":63,"column":9}},"line":30},"8":{"name":"(anonymous_8)","decl":{"start":{"line":42,"column":12},"end":{"line":42,"column":13}},"loc":{"start":{"line":42,"column":22},"end":{"line":59,"column":13}},"line":42},"9":{"name":"(anonymous_9)","decl":{"start":{"line":47,"column":17},"end":{"line":47,"column":18}},"loc":{"start":{"line":47,"column":23},"end":{"line":56,"column":17}},"line":47},"10":{"name":"(anonymous_10)","decl":{"start":{"line":64,"column":46},"end":{"line":64,"column":47}},"loc":{"start":{"line":64,"column":58},"end":{"line":68,"column":9}},"line":64}},"branchMap":{"0":{"loc":{"start":{"line":14,"column":21},"end":{"line":14,"column":33}},"type":"default-arg","locations":[{"start":{"line":14,"column":29},"end":{"line":14,"column":33}}],"line":14},"1":{"loc":{"start":{"line":24,"column":28},"end":{"line":24,"column":62}},"type":"binary-expr","locations":[{"start":{"line":24,"column":28},"end":{"line":24,"column":45}},{"start":{"line":24,"column":49},"end":{"line":24,"column":62}}],"line":24},"2":{"loc":{"start":{"line":65,"column":17},"end":{"line":67,"column":65}},"type":"cond-expr","locations":[{"start":{"line":66,"column":14},"end":{"line":66,"column":25}},{"start":{"line":67,"column":15},"end":{"line":67,"column":64}}],"line":65}},"s":{"0":2,"1":2,"2":2,"3":2,"4":2,"5":9,"6":9,"7":218,"8":218,"9":218,"10":172637,"11":172637,"12":11160166,"13":2,"14":2,"15":12,"16":12,"17":120000,"18":120000,"19":120000,"20":2},"f":{"0":2,"1":2,"2":9,"3":218,"4":218,"5":172637,"6":11160166,"7":2,"8":12,"9":12,"10":2},"b":{"0":[0],"1":[11160166,5050130],"2":[0,2]},"_coverageSchema":"1a1c01bbd47fc00a2c39e90264f33305004495a9","hash":"060bd06bd75d676ca75516dbcdbe81155849c5c2"}
}
