TN:
SF:source/S3Parallel/S3Comprehensions.js
FN:3,(anonymous_0)
FN:34,(anonymous_1)
FN:58,(anonymous_2)
FN:60,(anonymous_3)
FN:147,(anonymous_4)
FN:154,(anonymous_5)
FN:163,(anonymous_6)
FN:164,(anonymous_7)
FN:165,(anonymous_8)
FN:166,(anonymous_9)
FN:201,(anonymous_10)
FN:204,(anonymous_11)
FN:215,(anonymous_12)
FN:223,(anonymous_13)
FN:229,(anonymous_14)
FN:229,(anonymous_15)
FN:247,(anonymous_16)
FN:251,(anonymous_17)
FN:255,(anonymous_18)
FN:259,(anonymous_19)
FN:263,(anonymous_20)
FN:271,(anonymous_21)
FN:276,(anonymous_22)
FN:277,(anonymous_23)
FN:295,(anonymous_24)
FN:297,(anonymous_25)
FN:301,(anonymous_26)
FN:309,(anonymous_27)
FN:312,(anonymous_28)
FN:315,(anonymous_29)
FN:316,(anonymous_30)
FN:321,(anonymous_31)
FN:323,(anonymous_32)
FN:328,(anonymous_33)
FN:335,(anonymous_34)
FN:336,(anonymous_35)
FN:337,(anonymous_36)
FN:341,(anonymous_37)
FN:346,(anonymous_38)
FN:349,(anonymous_39)
FN:351,(anonymous_40)
FN:352,(anonymous_41)
FN:357,(anonymous_42)
FN:365,(anonymous_43)
FN:447,(anonymous_44)
FN:483,(anonymous_45)
FN:490,(anonymous_46)
FN:512,(anonymous_47)
FN:522,(anonymous_48)
FN:543,(anonymous_49)
FN:572,(anonymous_50)
FN:594,(anonymous_51)
FN:608,(anonymous_52)
FN:611,(anonymous_53)
FN:612,(anonymous_54)
FN:615,(anonymous_55)
FN:621,(anonymous_56)
FN:650,(anonymous_57)
FN:654,(anonymous_58)
FN:655,(anonymous_59)
FN:658,(anonymous_60)
FN:670,(anonymous_61)
FN:688,(anonymous_62)
FN:704,(anonymous_63)
FN:705,(anonymous_64)
FN:745,(anonymous_65)
FN:780,(anonymous_66)
FN:854,(anonymous_67)
FN:861,(anonymous_68)
FN:869,(anonymous_69)
FN:871,(anonymous_70)
FN:873,(anonymous_71)
FN:888,(anonymous_72)
FN:890,(anonymous_73)
FN:930,(anonymous_74)
FN:941,(anonymous_75)
FN:946,(anonymous_76)
FN:954,(anonymous_77)
FNF:78
FNH:37
FNDA:7,(anonymous_0)
FNDA:7,(anonymous_1)
FNDA:7,(anonymous_2)
FNDA:16,(anonymous_3)
FNDA:0,(anonymous_4)
FNDA:0,(anonymous_5)
FNDA:0,(anonymous_6)
FNDA:0,(anonymous_7)
FNDA:0,(anonymous_8)
FNDA:0,(anonymous_9)
FNDA:0,(anonymous_10)
FNDA:0,(anonymous_11)
FNDA:0,(anonymous_12)
FNDA:0,(anonymous_13)
FNDA:0,(anonymous_14)
FNDA:0,(anonymous_15)
FNDA:0,(anonymous_16)
FNDA:5,(anonymous_17)
FNDA:9,(anonymous_18)
FNDA:4,(anonymous_19)
FNDA:14,(anonymous_20)
FNDA:14,(anonymous_21)
FNDA:15,(anonymous_22)
FNDA:15,(anonymous_23)
FNDA:0,(anonymous_24)
FNDA:0,(anonymous_25)
FNDA:5,(anonymous_26)
FNDA:0,(anonymous_27)
FNDA:0,(anonymous_28)
FNDA:0,(anonymous_29)
FNDA:0,(anonymous_30)
FNDA:0,(anonymous_31)
FNDA:0,(anonymous_32)
FNDA:0,(anonymous_33)
FNDA:0,(anonymous_34)
FNDA:0,(anonymous_35)
FNDA:0,(anonymous_36)
FNDA:0,(anonymous_37)
FNDA:0,(anonymous_38)
FNDA:0,(anonymous_39)
FNDA:0,(anonymous_40)
FNDA:0,(anonymous_41)
FNDA:0,(anonymous_42)
FNDA:16,(anonymous_43)
FNDA:0,(anonymous_44)
FNDA:248,(anonymous_45)
FNDA:248,(anonymous_46)
FNDA:248,(anonymous_47)
FNDA:0,(anonymous_48)
FNDA:0,(anonymous_49)
FNDA:0,(anonymous_50)
FNDA:112,(anonymous_51)
FNDA:248,(anonymous_52)
FNDA:124,(anonymous_53)
FNDA:124,(anonymous_54)
FNDA:0,(anonymous_55)
FNDA:124,(anonymous_56)
FNDA:124,(anonymous_57)
FNDA:124,(anonymous_58)
FNDA:124,(anonymous_59)
FNDA:124,(anonymous_60)
FNDA:124,(anonymous_61)
FNDA:124,(anonymous_62)
FNDA:124,(anonymous_63)
FNDA:124,(anonymous_64)
FNDA:124,(anonymous_65)
FNDA:124,(anonymous_66)
FNDA:124,(anonymous_67)
FNDA:70,(anonymous_68)
FNDA:38,(anonymous_69)
FNDA:124,(anonymous_70)
FNDA:0,(anonymous_71)
FNDA:16,(anonymous_72)
FNDA:16,(anonymous_73)
FNDA:0,(anonymous_74)
FNDA:0,(anonymous_75)
FNDA:0,(anonymous_76)
FNDA:0,(anonymous_77)
DA:2,7
DA:3,7
DA:4,7
DA:56,7
DA:60,7
DA:86,16
DA:87,16
DA:88,16
DA:89,16
DA:90,16
DA:91,16
DA:92,16
DA:93,16
DA:94,16
DA:95,16
DA:96,16
DA:97,16
DA:98,16
DA:100,16
DA:101,16
DA:102,16
DA:103,16
DA:105,16
DA:118,0
DA:120,16
DA:121,16
DA:122,16
DA:123,0
DA:125,16
DA:126,16
DA:127,0
DA:129,16
DA:130,16
DA:131,16
DA:133,16
DA:134,0
DA:135,0
DA:137,0
DA:139,16
DA:140,0
DA:143,0
DA:147,0
DA:149,16
DA:155,0
DA:163,0
DA:164,0
DA:165,0
DA:166,0
DA:168,0
DA:169,0
DA:170,0
DA:172,16
DA:201,7
DA:202,0
DA:204,7
DA:206,0
DA:207,0
DA:208,0
DA:209,0
DA:210,0
DA:211,0
DA:213,0
DA:217,0
DA:224,0
DA:226,0
DA:227,0
DA:228,0
DA:229,0
DA:230,0
DA:231,0
DA:238,0
DA:240,0
DA:248,0
DA:251,7
DA:253,5
DA:255,9
DA:256,5
DA:259,4
DA:260,5
DA:261,5
DA:265,14
DA:272,14
DA:274,15
DA:275,15
DA:276,15
DA:278,15
DA:284,15
DA:286,14
DA:296,0
DA:298,0
DA:302,5
DA:309,7
DA:311,0
DA:312,0
DA:313,0
DA:316,0
DA:317,0
DA:322,0
DA:324,0
DA:328,7
DA:330,0
DA:331,0
DA:335,0
DA:336,0
DA:337,0
DA:338,0
DA:342,0
DA:346,7
DA:348,0
DA:349,0
DA:350,0
DA:351,0
DA:352,0
DA:353,0
DA:358,0
DA:365,7
DA:407,16
DA:408,16
DA:409,16
DA:411,16
DA:412,16
DA:413,16
DA:414,16
DA:415,16
DA:416,16
DA:417,16
DA:418,16
DA:419,16
DA:420,16
DA:421,16
DA:423,16
DA:424,16
DA:425,16
DA:426,16
DA:427,16
DA:428,16
DA:429,16
DA:430,16
DA:431,16
DA:433,16
DA:437,16
DA:438,0
DA:442,16
DA:443,16
DA:444,16
DA:445,16
DA:446,16
DA:447,0
DA:449,0
DA:450,0
DA:451,0
DA:452,0
DA:481,0
DA:483,16
DA:489,248
DA:490,248
DA:512,248
DA:513,248
DA:515,14
DA:523,0
DA:525,0
DA:526,0
DA:527,0
DA:529,0
DA:531,0
DA:544,0
DA:546,0
DA:547,0
DA:548,0
DA:550,0
DA:552,0
DA:566,0
DA:573,0
DA:575,0
DA:576,0
DA:577,0
DA:578,0
DA:580,0
DA:582,0
DA:588,112
DA:595,112
DA:597,60016
DA:598,60016
DA:599,60016
DA:601,112
DA:608,248
DA:610,16
DA:611,16
DA:612,124
DA:613,124
DA:616,0
DA:617,0
DA:621,16
DA:628,124
DA:629,0
DA:631,124
DA:632,124
DA:633,0
DA:635,124
DA:647,124
DA:648,124
DA:649,124
DA:651,124
DA:652,124
DA:653,124
DA:654,124
DA:656,124
DA:660,124
DA:662,124
DA:664,124
DA:671,124
DA:673,91725
DA:674,91725
DA:675,74043
DA:677,91725
DA:679,124
DA:689,124
DA:691,81036
DA:692,81036
DA:693,46013
DA:695,81036
DA:697,124
DA:704,124
DA:707,124
DA:754,124
DA:772,124
DA:790,124
DA:791,124
DA:792,124
DA:793,124
DA:794,124
DA:795,124
DA:796,124
DA:797,124
DA:798,0
DA:799,0
DA:800,0
DA:801,0
DA:805,0
DA:807,124
DA:812,124
DA:813,0
DA:853,124
DA:854,124
DA:861,70
DA:869,38
DA:871,124
DA:874,0
DA:886,16
DA:888,16
DA:897,16
DA:898,0
DA:900,16
DA:901,16
DA:902,16
DA:903,16
DA:905,16
DA:906,16
DA:907,0
DA:909,16
DA:911,16
DA:912,0
DA:914,16
DA:924,16
DA:931,0
DA:941,7
DA:943,0
DA:948,0
DA:955,0
DA:957,0
DA:958,0
DA:959,0
DA:961,0
LF:273
LH:165
BRDA:90,0,0,0
BRDA:90,0,1,16
BRDA:92,1,0,0
BRDA:92,1,1,16
BRDA:99,2,0,0
BRDA:99,2,1,16
BRDA:104,3,0,0
BRDA:104,3,1,16
BRDA:105,4,0,0
BRDA:105,4,1,16
BRDA:107,5,0,16
BRDA:107,5,1,16
BRDA:107,5,2,16
BRDA:107,5,3,16
BRDA:107,5,4,16
BRDA:107,5,5,16
BRDA:107,5,6,16
BRDA:107,5,7,0
BRDA:107,5,8,0
BRDA:122,6,0,0
BRDA:122,6,1,16
BRDA:126,7,0,0
BRDA:126,7,1,16
BRDA:129,8,0,16
BRDA:129,8,1,0
BRDA:130,9,0,16
BRDA:130,9,1,0
BRDA:130,10,0,16
BRDA:130,10,1,0
BRDA:133,11,0,0
BRDA:133,11,1,16
BRDA:134,12,0,0
BRDA:134,12,1,0
BRDA:139,13,0,0
BRDA:139,13,1,16
BRDA:139,14,0,16
BRDA:139,14,1,16
BRDA:140,15,0,0
BRDA:140,15,1,0
BRDA:147,16,0,0
BRDA:147,16,1,0
BRDA:149,17,0,0
BRDA:149,17,1,16
BRDA:152,18,0,0
BRDA:152,18,1,16
BRDA:152,19,0,16
BRDA:152,19,1,16
BRDA:153,20,0,0
BRDA:153,20,1,0
BRDA:160,21,0,0
BRDA:160,21,1,0
BRDA:161,22,0,0
BRDA:161,22,1,0
BRDA:187,23,0,0
BRDA:187,23,1,16
BRDA:209,24,0,0
BRDA:209,24,1,0
BRDA:210,25,0,0
BRDA:210,25,1,0
BRDA:220,26,0,0
BRDA:220,26,1,0
BRDA:227,27,0,0
BRDA:227,27,1,0
BRDA:231,28,0,0
BRDA:231,28,1,0
BRDA:248,29,0,0
BRDA:248,29,1,0
BRDA:253,30,0,0
BRDA:253,30,1,5
BRDA:255,31,0,2
BRDA:255,31,1,3
BRDA:257,32,0,3
BRDA:257,32,1,2
BRDA:268,33,0,14
BRDA:268,33,1,0
BRDA:279,34,0,5
BRDA:279,34,1,10
BRDA:296,35,0,0
BRDA:296,35,1,0
BRDA:302,36,0,0
BRDA:302,36,1,5
BRDA:304,37,0,1
BRDA:304,37,1,4
BRDA:312,38,0,0
BRDA:312,38,1,0
BRDA:322,39,0,0
BRDA:322,39,1,0
BRDA:332,40,0,0
BRDA:332,40,1,0
BRDA:332,41,0,0
BRDA:332,41,1,0
BRDA:340,42,0,0
BRDA:340,42,1,0
BRDA:349,43,0,0
BRDA:349,43,1,0
BRDA:351,44,0,0
BRDA:351,44,1,0
BRDA:356,45,0,0
BRDA:356,45,1,0
BRDA:410,46,0,0
BRDA:410,46,1,16
BRDA:419,47,0,11
BRDA:419,47,1,5
BRDA:422,48,0,0
BRDA:422,48,1,16
BRDA:432,49,0,16
BRDA:432,49,1,0
BRDA:434,50,0,0
BRDA:434,50,1,16
BRDA:437,51,0,0
BRDA:437,51,1,16
BRDA:437,52,0,16
BRDA:437,52,1,0
BRDA:437,52,2,0
BRDA:445,53,0,0
BRDA:445,53,1,16
BRDA:446,54,0,0
BRDA:446,54,1,16
BRDA:459,55,0,0
BRDA:459,55,1,0
BRDA:462,56,0,0
BRDA:462,56,1,0
BRDA:465,57,0,0
BRDA:465,57,1,0
BRDA:468,58,0,0
BRDA:468,58,1,0
BRDA:470,59,0,0
BRDA:470,59,1,0
BRDA:473,60,0,0
BRDA:473,60,1,0
BRDA:476,61,0,0
BRDA:476,61,1,0
BRDA:476,61,2,0
BRDA:513,62,0,14
BRDA:513,62,1,0
BRDA:513,62,2,112
BRDA:515,63,0,0
BRDA:515,63,1,14
BRDA:519,64,0,0
BRDA:519,64,1,0
BRDA:526,65,0,0
BRDA:526,65,1,0
BRDA:540,66,0,0
BRDA:540,66,1,0
BRDA:547,67,0,0
BRDA:547,67,1,0
BRDA:565,68,0,234
BRDA:565,68,1,112
BRDA:569,69,0,0
BRDA:569,69,1,0
BRDA:576,70,0,0
BRDA:576,70,1,0
BRDA:591,71,0,112
BRDA:591,71,1,0
BRDA:613,72,0,0
BRDA:613,72,1,124
BRDA:613,73,0,124
BRDA:613,73,1,0
BRDA:624,74,0,16
BRDA:628,75,0,0
BRDA:628,75,1,124
BRDA:628,76,0,124
BRDA:628,76,1,124
BRDA:632,77,0,0
BRDA:632,77,1,124
BRDA:635,78,0,124
BRDA:635,78,1,0
BRDA:638,79,0,0
BRDA:638,79,1,0
BRDA:661,80,0,124
BRDA:661,80,1,124
BRDA:663,81,0,124
BRDA:663,81,1,124
BRDA:667,82,0,124
BRDA:667,82,1,0
BRDA:674,83,0,74043
BRDA:674,83,1,17682
BRDA:685,84,0,124
BRDA:685,84,1,0
BRDA:692,85,0,46013
BRDA:692,85,1,35023
BRDA:710,86,0,124
BRDA:710,86,1,0
BRDA:710,86,2,0
BRDA:719,87,0,0
BRDA:719,87,1,0
BRDA:725,88,0,124
BRDA:725,88,1,0
BRDA:725,88,2,0
BRDA:734,89,0,0
BRDA:734,89,1,0
BRDA:758,90,0,124
BRDA:758,90,1,0
BRDA:760,91,0,124
BRDA:760,91,1,0
BRDA:766,92,0,124
BRDA:766,92,1,0
BRDA:768,93,0,124
BRDA:768,93,1,0
BRDA:775,94,0,124
BRDA:775,94,1,106
BRDA:776,95,0,124
BRDA:776,95,1,76
BRDA:797,96,0,0
BRDA:797,96,1,124
BRDA:797,97,0,124
BRDA:797,97,1,0
BRDA:797,97,2,0
BRDA:807,98,0,70
BRDA:807,98,1,54
BRDA:808,99,0,27
BRDA:808,99,1,43
BRDA:812,100,0,0
BRDA:812,100,1,124
BRDA:823,101,0,0
BRDA:823,101,1,0
BRDA:825,102,0,0
BRDA:825,102,1,0
BRDA:841,103,0,0
BRDA:841,103,1,0
BRDA:843,104,0,0
BRDA:843,104,1,0
BRDA:845,105,0,0
BRDA:845,105,1,0
BRDA:847,106,0,0
BRDA:847,106,1,0
BRDA:849,107,0,0
BRDA:849,107,1,0
BRDA:855,108,0,70
BRDA:855,108,1,54
BRDA:860,109,0,27
BRDA:860,109,1,43
BRDA:863,110,0,38
BRDA:863,110,1,86
BRDA:868,111,0,27
BRDA:868,111,1,11
BRDA:874,112,0,0
BRDA:874,112,1,0
BRDA:888,113,0,16
BRDA:888,113,1,0
BRDA:897,114,0,0
BRDA:897,114,1,16
BRDA:898,115,0,0
BRDA:898,115,1,0
BRDA:902,116,0,16
BRDA:902,116,1,0
BRDA:905,117,0,16
BRDA:905,117,1,0
BRDA:906,118,0,0
BRDA:906,118,1,16
BRDA:910,119,0,16
BRDA:910,119,1,0
BRDA:911,120,0,0
BRDA:911,120,1,16
BRDA:921,121,0,16
BRDA:921,121,1,0
BRDA:924,122,0,0
BRDA:924,122,1,16
BRDA:933,123,0,0
BRDA:933,123,1,16
BRDA:933,124,0,16
BRDA:933,124,1,0
BRDA:936,125,0,0
BRDA:936,125,1,16
BRDA:951,126,0,0
BRDA:951,126,1,0
BRF:266
BRH:108
end_of_record
TN:
SF:source/S3Parallel/S3P.js
FN:3,(anonymous_0)
FN:33,(anonymous_1)
FN:59,(anonymous_2)
FN:67,(anonymous_3)
FN:102,(anonymous_4)
FN:103,(anonymous_5)
FN:108,(anonymous_6)
FN:116,(anonymous_7)
FN:132,(anonymous_8)
FN:146,(anonymous_9)
FN:164,(anonymous_10)
FN:202,(anonymous_11)
FN:216,(anonymous_12)
FN:245,(anonymous_13)
FN:252,(anonymous_14)
FN:258,(anonymous_15)
FN:259,(anonymous_16)
FN:267,(anonymous_17)
FN:268,(anonymous_18)
FN:273,(anonymous_19)
FN:326,(anonymous_20)
FN:374,(anonymous_21)
FN:380,(anonymous_22)
FN:383,(anonymous_23)
FN:388,(anonymous_24)
FN:409,(anonymous_25)
FN:420,(anonymous_26)
FN:447,(anonymous_27)
FN:455,(anonymous_28)
FN:457,(anonymous_29)
FN:460,(anonymous_30)
FN:461,(anonymous_31)
FN:466,(anonymous_32)
FN:467,(anonymous_33)
FN:470,(anonymous_34)
FN:471,(anonymous_35)
FN:499,(anonymous_36)
FN:514,(anonymous_37)
FN:521,(anonymous_38)
FN:524,(anonymous_39)
FN:529,(anonymous_40)
FN:541,(anonymous_41)
FN:554,(anonymous_42)
FN:592,(anonymous_43)
FN:602,(anonymous_44)
FN:660,(anonymous_45)
FN:662,(anonymous_46)
FN:705,(anonymous_47)
FN:711,(anonymous_48)
FN:726,(anonymous_49)
FN:734,(anonymous_50)
FN:742,(anonymous_51)
FN:744,(anonymous_52)
FN:754,(anonymous_53)
FN:755,(anonymous_54)
FNF:55
FNH:9
FNDA:7,(anonymous_0)
FNDA:7,(anonymous_1)
FNDA:0,(anonymous_2)
FNDA:0,(anonymous_3)
FNDA:7,(anonymous_4)
FNDA:0,(anonymous_5)
FNDA:0,(anonymous_6)
FNDA:0,(anonymous_7)
FNDA:2,(anonymous_8)
FNDA:0,(anonymous_9)
FNDA:60003,(anonymous_10)
FNDA:2,(anonymous_11)
FNDA:0,(anonymous_12)
FNDA:2,(anonymous_13)
FNDA:0,(anonymous_14)
FNDA:0,(anonymous_15)
FNDA:0,(anonymous_16)
FNDA:8,(anonymous_17)
FNDA:16,(anonymous_18)
FNDA:0,(anonymous_19)
FNDA:0,(anonymous_20)
FNDA:0,(anonymous_21)
FNDA:0,(anonymous_22)
FNDA:0,(anonymous_23)
FNDA:0,(anonymous_24)
FNDA:0,(anonymous_25)
FNDA:0,(anonymous_26)
FNDA:0,(anonymous_27)
FNDA:0,(anonymous_28)
FNDA:0,(anonymous_29)
FNDA:0,(anonymous_30)
FNDA:0,(anonymous_31)
FNDA:0,(anonymous_32)
FNDA:0,(anonymous_33)
FNDA:0,(anonymous_34)
FNDA:0,(anonymous_35)
FNDA:0,(anonymous_36)
FNDA:0,(anonymous_37)
FNDA:0,(anonymous_38)
FNDA:0,(anonymous_39)
FNDA:0,(anonymous_40)
FNDA:0,(anonymous_41)
FNDA:0,(anonymous_42)
FNDA:0,(anonymous_43)
FNDA:0,(anonymous_44)
FNDA:0,(anonymous_45)
FNDA:0,(anonymous_46)
FNDA:0,(anonymous_47)
FNDA:0,(anonymous_48)
FNDA:0,(anonymous_49)
FNDA:0,(anonymous_50)
FNDA:0,(anonymous_51)
FNDA:0,(anonymous_52)
FNDA:0,(anonymous_53)
FNDA:0,(anonymous_54)
DA:2,7
DA:3,7
DA:4,7
DA:58,7
DA:59,7
DA:61,0
DA:68,0
DA:70,0
DA:71,0
DA:72,0
DA:74,0
DA:80,7
DA:90,7
DA:100,7
DA:103,7
DA:105,0
DA:110,0
DA:117,0
DA:119,0
DA:120,0
DA:121,0
DA:123,0
DA:132,7
DA:134,2
DA:135,2
DA:144,2
DA:147,0
DA:181,60003
DA:188,60003
DA:195,60003
DA:196,60003
DA:203,2
DA:205,20
DA:206,20
DA:207,20
DA:211,60003
DA:212,60003
DA:213,60003
DA:214,60003
DA:215,0
DA:216,0
DA:218,0
DA:222,0
DA:223,0
DA:226,60003
DA:227,60003
DA:230,18002
DA:231,18002
DA:233,60003
DA:236,23000
DA:237,23000
DA:239,60003
DA:247,2
DA:251,2
DA:252,0
DA:253,0
DA:254,0
DA:256,0
DA:258,0
DA:259,0
DA:262,0
DA:264,2
DA:267,8
DA:268,16
DA:273,7
DA:286,0
DA:287,0
DA:288,0
DA:289,0
DA:290,0
DA:291,0
DA:292,0
DA:293,0
DA:294,0
DA:295,0
DA:296,0
DA:297,0
DA:299,0
DA:327,0
DA:376,0
DA:380,0
DA:383,0
DA:385,0
DA:390,0
DA:396,0
DA:397,0
DA:405,0
DA:406,0
DA:407,0
DA:410,0
DA:411,0
DA:417,0
DA:418,0
DA:422,0
DA:428,0
DA:429,0
DA:439,0
DA:440,0
DA:441,0
DA:442,0
DA:443,0
DA:448,0
DA:449,0
DA:457,0
DA:458,0
DA:460,0
DA:461,0
DA:463,0
DA:466,7
DA:467,0
DA:468,0
DA:470,7
DA:471,0
DA:480,0
DA:481,0
DA:482,0
DA:483,0
DA:484,0
DA:485,0
DA:486,0
DA:487,0
DA:488,0
DA:489,0
DA:490,0
DA:491,0
DA:492,0
DA:493,0
DA:494,0
DA:495,0
DA:496,0
DA:500,0
DA:516,0
DA:517,0
DA:521,0
DA:524,0
DA:526,0
DA:531,0
DA:537,0
DA:542,0
DA:551,0
DA:552,0
DA:556,0
DA:562,0
DA:593,0
DA:594,0
DA:597,0
DA:602,7
DA:621,0
DA:622,0
DA:623,0
DA:624,0
DA:625,0
DA:626,0
DA:627,0
DA:629,0
DA:631,0
DA:635,0
DA:639,0
DA:643,0
DA:647,0
DA:648,0
DA:649,0
DA:650,0
DA:651,0
DA:652,0
DA:653,0
DA:654,0
DA:655,0
DA:657,0
DA:661,0
DA:663,0
DA:706,0
DA:707,0
DA:708,0
DA:712,0
DA:713,0
DA:723,0
DA:727,0
DA:728,0
DA:729,0
DA:735,0
DA:736,0
DA:737,0
DA:738,0
DA:739,0
DA:742,7
DA:743,0
DA:745,0
DA:754,0
DA:755,0
LF:190
LH:43
BRDA:64,0,0,0
BRDA:64,0,1,0
BRDA:71,1,0,0
BRDA:71,1,1,0
BRDA:113,2,0,0
BRDA:113,2,1,0
BRDA:142,3,0,2
BRDA:142,3,1,0
BRDA:189,4,0,60003
BRDA:189,4,1,0
BRDA:197,5,0,60001
BRDA:197,5,1,2
BRDA:214,6,0,0
BRDA:214,6,1,60003
BRDA:219,7,0,0
BRDA:219,7,1,0
BRDA:227,8,0,18002
BRDA:227,8,1,42001
BRDA:228,9,0,60003
BRDA:228,9,1,0
BRDA:233,10,0,23000
BRDA:233,10,1,37003
BRDA:234,11,0,60003
BRDA:234,11,1,0
BRDA:240,12,0,60001
BRDA:240,12,1,2
BRDA:249,13,0,0
BRDA:249,13,1,2
BRDA:251,14,0,0
BRDA:251,14,1,2
BRDA:253,15,0,0
BRDA:253,15,1,0
BRDA:296,16,0,0
BRDA:296,16,1,0
BRDA:328,17,0,0
BRDA:328,17,1,0
BRDA:337,18,0,0
BRDA:337,18,1,0
BRDA:348,19,0,0
BRDA:348,19,1,0
BRDA:361,20,0,0
BRDA:361,20,1,0
BRDA:377,21,0,0
BRDA:377,21,1,0
BRDA:391,22,0,0
BRDA:391,22,1,0
BRDA:392,23,0,0
BRDA:392,23,1,0
BRDA:396,24,0,0
BRDA:396,24,1,0
BRDA:396,25,0,0
BRDA:396,25,1,0
BRDA:410,26,0,0
BRDA:410,26,1,0
BRDA:410,27,0,0
BRDA:410,27,1,0
BRDA:423,28,0,0
BRDA:423,28,1,0
BRDA:424,29,0,0
BRDA:424,29,1,0
BRDA:428,30,0,0
BRDA:428,30,1,0
BRDA:428,31,0,0
BRDA:428,31,1,0
BRDA:443,32,0,0
BRDA:443,32,1,0
BRDA:460,33,0,0
BRDA:460,33,1,0
BRDA:484,34,0,0
BRDA:484,34,1,0
BRDA:518,35,0,0
BRDA:518,35,1,0
BRDA:532,36,0,0
BRDA:532,36,1,0
BRDA:533,37,0,0
BRDA:533,37,1,0
BRDA:557,38,0,0
BRDA:557,38,1,0
BRDA:558,39,0,0
BRDA:558,39,1,0
BRDA:562,40,0,0
BRDA:562,40,1,0
BRDA:622,41,0,0
BRDA:622,41,1,0
BRDA:628,42,0,0
BRDA:628,42,1,0
BRDA:630,43,0,0
BRDA:630,43,1,0
BRDA:632,44,0,0
BRDA:632,44,1,0
BRDA:636,45,0,0
BRDA:636,45,1,0
BRDA:640,46,0,0
BRDA:640,46,1,0
BRDA:644,47,0,0
BRDA:644,47,1,0
BRDA:647,48,0,0
BRDA:647,48,1,0
BRDA:654,49,0,0
BRDA:654,49,1,0
BRDA:654,50,0,0
BRDA:654,50,1,0
BRDA:694,51,0,0
BRDA:694,51,1,0
BRDA:703,52,0,0
BRDA:703,52,1,0
BRDA:708,53,0,0
BRDA:708,53,1,0
BRDA:723,54,0,0
BRDA:723,54,1,0
BRDA:745,55,0,0
BRDA:745,55,1,0
BRDA:746,56,0,0
BRDA:746,56,1,0
BRF:114
BRH:15
end_of_record
TN:
SF:source/S3Parallel/S3PCli.js
FN:3,(anonymous_0)
FN:7,(anonymous_1)
FN:117,(anonymous_2)
FN:147,(anonymous_3)
FNF:4
FNH:4
FNDA:7,(anonymous_0)
FNDA:7,(anonymous_1)
FNDA:1,(anonymous_2)
FNDA:1,(anonymous_3)
DA:2,7
DA:3,7
DA:4,7
DA:14,7
DA:43,7
DA:50,7
DA:69,7
DA:79,7
DA:92,7
DA:116,7
DA:118,1
DA:147,1
LF:12
LH:12
BRF:0
BRH:0
end_of_record
TN:
SF:source/S3Parallel/S3PCliCommands.js
FN:3,(anonymous_0)
FN:15,(anonymous_1)
FN:17,(anonymous_2)
FN:22,(anonymous_3)
FN:26,(anonymous_4)
FN:53,(anonymous_5)
FN:55,(anonymous_6)
FN:70,(anonymous_7)
FNF:8
FNH:2
FNDA:7,(anonymous_0)
FNDA:7,(anonymous_1)
FNDA:0,(anonymous_2)
FNDA:0,(anonymous_3)
FNDA:0,(anonymous_4)
FNDA:0,(anonymous_5)
FNDA:0,(anonymous_6)
FNDA:0,(anonymous_7)
DA:2,7
DA:3,7
DA:4,7
DA:16,7
DA:19,0
DA:22,0
DA:23,0
DA:28,0
DA:29,0
DA:30,0
DA:31,0
DA:32,0
DA:33,0
DA:35,0
DA:36,0
DA:45,0
DA:48,0
DA:49,0
DA:53,0
DA:57,0
DA:58,0
DA:59,0
DA:60,0
DA:62,0
DA:63,0
DA:65,0
DA:66,0
DA:68,0
DA:71,0
LF:29
LH:4
BRDA:20,0,0,0
BRDA:20,0,1,0
BRDA:30,1,0,0
BRDA:30,1,1,0
BRDA:37,2,0,0
BRDA:37,2,1,0
BRDA:53,3,0,0
BRDA:53,3,1,0
BRDA:59,4,0,0
BRDA:59,4,1,0
BRDA:59,5,0,0
BRDA:59,5,1,0
BRDA:62,6,0,0
BRDA:62,6,1,0
BRDA:62,7,0,0
BRDA:62,7,1,0
BRDA:65,8,0,0
BRDA:65,8,1,0
BRDA:65,9,0,0
BRDA:65,9,1,0
BRF:20
BRH:0
end_of_record
TN:
SF:source/S3Parallel/S3Parallel.js
FN:3,(anonymous_0)
FNF:1
FNH:1
FNDA:7,(anonymous_0)
DA:2,7
DA:3,7
DA:4,7
LF:3
LH:3
BRF:0
BRH:0
end_of_record
TN:
SF:source/S3Parallel/StandardImport.js
FN:3,(anonymous_0)
FNF:1
FNH:1
FNDA:7,(anonymous_0)
DA:2,7
DA:3,7
DA:4,7
LF:3
LH:3
BRF:0
BRH:0
end_of_record
TN:
SF:source/S3Parallel/index.js
FNF:0
FNH:0
DA:4,7
DA:13,7
LF:2
LH:2
BRF:0
BRH:0
end_of_record
TN:
SF:source/S3Parallel/namespace.js
FNF:0
FNH:0
DA:4,7
DA:9,7
LF:2
LH:2
BRF:0
BRH:0
end_of_record
TN:
SF:source/S3Parallel/Lib/FsEasy.js
FN:3,(anonymous_0)
FN:11,(anonymous_1)
FN:16,(anonymous_2)
FN:17,(anonymous_3)
FN:27,(anonymous_4)
FN:28,(anonymous_5)
FN:29,(anonymous_6)
FN:32,(anonymous_7)
FN:33,(anonymous_8)
FN:34,(anonymous_9)
FN:35,(anonymous_10)
FN:36,(anonymous_11)
FN:39,(anonymous_12)
FN:40,(anonymous_13)
FN:43,(anonymous_14)
FN:44,(anonymous_15)
FN:45,(anonymous_16)
FNF:17
FNH:14
FNDA:7,(anonymous_0)
FNDA:7,(anonymous_1)
FNDA:7,(anonymous_2)
FNDA:15,(anonymous_3)
FNDA:0,(anonymous_4)
FNDA:1,(anonymous_5)
FNDA:1,(anonymous_6)
FNDA:15,(anonymous_7)
FNDA:15,(anonymous_8)
FNDA:7,(anonymous_9)
FNDA:8,(anonymous_10)
FNDA:8,(anonymous_11)
FNDA:7,(anonymous_12)
FNDA:1,(anonymous_13)
FNDA:1,(anonymous_14)
FNDA:0,(anonymous_15)
FNDA:0,(anonymous_16)
DA:2,7
DA:3,7
DA:4,7
DA:13,7
DA:14,7
DA:17,7
DA:19,15
DA:20,15
DA:27,7
DA:28,7
DA:29,1
DA:30,1
DA:32,7
DA:33,15
DA:34,7
DA:36,8
DA:37,8
DA:39,7
DA:41,1
DA:43,1
DA:45,0
DA:46,0
LF:22
LH:20
BRDA:20,0,0,1
BRDA:20,0,1,14
BRDA:22,1,0,0
BRDA:22,1,1,1
BRF:4
BRH:3
end_of_record
TN:
SF:source/S3Parallel/Lib/Lib.js
FN:3,(anonymous_0)
FNF:1
FNH:1
FNDA:7,(anonymous_0)
DA:2,7
DA:3,7
DA:4,7
LF:3
LH:3
BRF:0
BRH:0
end_of_record
TN:
SF:source/S3Parallel/Lib/LibMisc.js
FN:3,(anonymous_0)
FN:7,(anonymous_1)
FN:11,(anonymous_2)
FN:16,(anonymous_3)
FN:17,(anonymous_4)
FN:19,(anonymous_5)
FN:20,(anonymous_6)
FNF:7
FNH:7
FNDA:7,(anonymous_0)
FNDA:7,(anonymous_1)
FNDA:3,(anonymous_2)
FNDA:1,(anonymous_3)
FNDA:1,(anonymous_4)
FNDA:60027,(anonymous_5)
FNDA:60027,(anonymous_6)
DA:2,7
DA:3,7
DA:4,7
DA:9,7
DA:10,7
DA:12,3
DA:17,1
DA:20,60027
DA:21,60027
DA:23,60014
DA:25,3
DA:29,3
DA:33,2
DA:37,2
DA:41,2
DA:45,1
LF:16
LH:16
BRDA:12,0,0,2
BRDA:12,0,1,1
BRDA:19,1,0,24
BRDA:21,2,0,60014
BRDA:21,2,1,3
BRDA:21,2,2,3
BRDA:21,2,3,2
BRDA:21,2,4,2
BRDA:21,2,5,2
BRDA:21,2,6,1
BRF:10
BRH:10
end_of_record
TN:
SF:source/S3Parallel/Lib/PromiseWorkerPool.js
FN:3,(anonymous_0)
FN:7,(anonymous_1)
FN:11,(anonymous_2)
FN:22,(anonymous_3)
FN:25,(anonymous_4)
FN:28,(anonymous_5)
FN:32,(anonymous_6)
FN:34,(anonymous_7)
FN:36,(anonymous_8)
FN:39,(anonymous_9)
FN:40,(anonymous_10)
FN:46,(anonymous_11)
FN:51,(anonymous_12)
FNF:13
FNH:11
FNDA:7,(anonymous_0)
FNDA:7,(anonymous_1)
FNDA:17,(anonymous_2)
FNDA:7,(anonymous_3)
FNDA:0,(anonymous_4)
FNDA:348,(anonymous_5)
FNDA:348,(anonymous_6)
FNDA:348,(anonymous_7)
FNDA:348,(anonymous_8)
FNDA:348,(anonymous_9)
FNDA:0,(anonymous_10)
FNDA:696,(anonymous_11)
FNDA:348,(anonymous_12)
DA:2,7
DA:3,7
DA:4,7
DA:9,7
DA:12,17
DA:13,17
DA:14,17
DA:18,17
DA:19,17
DA:23,7
DA:24,7
DA:26,0
DA:29,348
DA:32,7
DA:33,348
DA:34,348
DA:35,348
DA:36,348
DA:37,348
DA:38,348
DA:39,348
DA:40,0
DA:43,348
DA:46,7
DA:48,696
DA:52,348
DA:53,348
LF:27
LH:25
BRDA:11,0,0,0
BRDA:48,1,0,348
BRDA:48,1,1,348
BRDA:48,2,0,696
BRDA:48,2,1,606
BRDA:49,3,0,331
BRDA:49,3,1,17
BRF:7
BRH:6
end_of_record
TN:
SF:source/S3Parallel/Lib/S3.js
FN:3,(anonymous_0)
FN:34,(anonymous_1)
FN:52,(anonymous_2)
FN:58,(anonymous_3)
FN:61,(anonymous_4)
FN:65,(anonymous_5)
FN:69,(anonymous_6)
FN:72,(anonymous_7)
FN:75,(anonymous_8)
FN:78,(anonymous_9)
FN:89,(anonymous_10)
FN:94,(anonymous_11)
FN:130,(anonymous_12)
FN:180,(anonymous_13)
FN:188,(anonymous_14)
FN:189,(anonymous_15)
FN:200,(anonymous_16)
FN:202,(anonymous_17)
FN:229,(anonymous_18)
FN:234,(anonymous_19)
FN:236,(anonymous_20)
FN:274,(anonymous_21)
FN:281,(anonymous_22)
FN:285,(anonymous_23)
FN:289,(anonymous_24)
FN:290,(anonymous_25)
FN:292,(anonymous_26)
FNF:27
FNH:3
FNDA:7,(anonymous_0)
FNDA:7,(anonymous_1)
FNDA:0,(anonymous_2)
FNDA:7,(anonymous_3)
FNDA:0,(anonymous_4)
FNDA:0,(anonymous_5)
FNDA:0,(anonymous_6)
FNDA:0,(anonymous_7)
FNDA:0,(anonymous_8)
FNDA:0,(anonymous_9)
FNDA:0,(anonymous_10)
FNDA:0,(anonymous_11)
FNDA:0,(anonymous_12)
FNDA:0,(anonymous_13)
FNDA:0,(anonymous_14)
FNDA:0,(anonymous_15)
FNDA:0,(anonymous_16)
FNDA:0,(anonymous_17)
FNDA:0,(anonymous_18)
FNDA:0,(anonymous_19)
FNDA:0,(anonymous_20)
FNDA:0,(anonymous_21)
FNDA:0,(anonymous_22)
FNDA:0,(anonymous_23)
FNDA:0,(anonymous_24)
FNDA:0,(anonymous_25)
FNDA:0,(anonymous_26)
DA:2,7
DA:3,7
DA:4,7
DA:52,7
DA:53,0
DA:55,7
DA:56,7
DA:59,7
DA:60,7
DA:62,0
DA:65,7
DA:66,0
DA:70,0
DA:72,0
DA:75,0
DA:78,7
DA:80,0
DA:81,0
DA:90,0
DA:96,0
DA:97,0
DA:98,0
DA:108,0
DA:110,0
DA:111,0
DA:127,0
DA:130,7
DA:144,0
DA:145,0
DA:150,0
DA:151,0
DA:152,0
DA:153,0
DA:154,0
DA:155,0
DA:156,0
DA:157,0
DA:158,0
DA:159,0
DA:181,0
DA:189,0
DA:190,0
DA:200,7
DA:201,0
DA:202,7
DA:213,0
DA:214,0
DA:215,0
DA:216,0
DA:217,0
DA:218,0
DA:219,0
DA:220,0
DA:221,0
DA:222,0
DA:225,0
DA:226,0
DA:228,0
DA:230,0
DA:234,7
DA:235,0
DA:236,7
DA:248,0
DA:249,0
DA:250,0
DA:252,0
DA:254,0
DA:255,0
DA:256,0
DA:257,0
DA:258,0
DA:260,0
DA:268,0
DA:272,0
DA:274,7
DA:276,0
DA:277,0
DA:278,0
DA:279,0
DA:280,0
DA:281,0
DA:282,0
DA:285,0
DA:289,7
DA:290,0
DA:291,0
DA:293,0
LF:87
LH:17
BRDA:78,0,0,0
BRDA:97,1,0,0
BRDA:97,1,1,0
BRDA:110,2,0,0
BRDA:110,2,1,0
BRDA:144,3,0,0
BRDA:144,3,1,0
BRDA:146,4,0,0
BRDA:146,4,1,0
BRDA:159,5,0,0
BRDA:159,5,1,0
BRDA:159,6,0,0
BRDA:159,6,1,0
BRDA:169,7,0,0
BRDA:169,7,1,0
BRDA:178,8,0,0
BRDA:178,8,1,0
BRDA:179,9,0,0
BRDA:179,9,1,0
BRDA:183,10,0,0
BRDA:183,10,1,0
BRDA:225,11,0,0
BRDA:225,11,1,0
BRDA:228,12,0,0
BRDA:228,12,1,0
BRDA:251,13,0,0
BRDA:251,13,1,0
BRDA:253,14,0,0
BRDA:253,14,1,0
BRDA:254,15,0,0
BRDA:254,15,1,0
BRDA:255,16,0,0
BRDA:255,16,1,0
BRDA:257,17,0,0
BRDA:257,17,1,0
BRDA:260,18,0,0
BRDA:260,18,1,0
BRDA:262,19,0,0
BRDA:262,19,1,0
BRDA:262,19,2,0
BRDA:262,19,3,0
BRDA:282,20,0,0
BRDA:282,20,1,0
BRDA:282,21,0,0
BRDA:282,21,1,0
BRDA:291,22,0,0
BRDA:291,22,1,0
BRF:47
BRH:0
end_of_record
TN:
SF:source/S3Parallel/Lib/S3Keys.js
FN:3,(anonymous_0)
FN:7,(anonymous_1)
FN:26,(anonymous_2)
FN:29,(anonymous_3)
FN:36,(anonymous_4)
FN:51,(anonymous_5)
FN:63,(anonymous_6)
FN:77,(anonymous_7)
FN:107,(anonymous_8)
FN:118,(anonymous_9)
FN:121,(anonymous_10)
FN:124,(anonymous_11)
FN:129,(anonymous_12)
FN:134,(anonymous_13)
FN:139,(anonymous_14)
FNF:15
FNH:14
FNDA:7,(anonymous_0)
FNDA:7,(anonymous_1)
FNDA:266,(anonymous_2)
FNDA:46,(anonymous_3)
FNDA:142,(anonymous_4)
FNDA:139,(anonymous_5)
FNDA:2,(anonymous_6)
FNDA:137,(anonymous_7)
FNDA:0,(anonymous_8)
FNDA:2,(anonymous_9)
FNDA:3,(anonymous_10)
FNDA:40,(anonymous_11)
FNDA:3,(anonymous_12)
FNDA:3,(anonymous_13)
FNDA:3,(anonymous_14)
DA:2,7
DA:3,7
DA:4,7
DA:19,7
DA:27,266
DA:31,46
DA:32,46
DA:48,142
DA:52,139
DA:53,1057
DA:54,148
DA:56,1057
DA:64,2
DA:78,137
DA:87,21
DA:89,7
DA:100,109
DA:108,0
DA:119,2
DA:122,3
DA:125,40
DA:131,3
DA:135,3
DA:136,10
DA:140,3
DA:142,1
DA:144,1
DA:151,1
LF:28
LH:27
BRDA:27,0,0,264
BRDA:27,0,1,2
BRDA:32,1,0,26
BRDA:32,1,1,20
BRDA:32,2,0,46
BRDA:32,2,1,26
BRDA:48,3,0,139
BRDA:48,3,1,3
BRDA:53,4,0,148
BRDA:53,4,1,909
BRDA:60,5,0,19
BRDA:60,5,1,120
BRDA:62,6,0,2
BRDA:62,6,1,137
BRDA:62,7,0,139
BRDA:62,7,1,138
BRDA:78,8,0,21
BRDA:78,8,1,7
BRDA:78,8,2,109
BRDA:80,9,0,137
BRDA:80,9,1,38
BRDA:80,9,2,38
BRDA:84,10,0,26
BRDA:84,10,1,12
BRDA:106,11,0,0
BRDA:106,11,1,137
BRDA:106,12,0,137
BRDA:106,12,1,137
BRDA:119,13,0,0
BRDA:119,13,1,2
BRDA:125,14,0,40
BRDA:125,14,1,0
BRDA:129,15,0,3
BRDA:131,16,0,3
BRDA:131,16,1,0
BRDA:140,17,0,1
BRDA:140,17,1,1
BRDA:140,17,2,1
BRDA:154,18,0,3
BRDA:154,18,1,0
BRF:40
BRH:35
end_of_record
TN:
SF:source/S3Parallel/Lib/index.js
FNF:0
FNH:0
DA:4,7
LF:1
LH:1
BRF:0
BRH:0
end_of_record
TN:
SF:source/S3Parallel/Lib/namespace.js
FNF:0
FNH:0
DA:4,7
LF:1
LH:1
BRF:0
BRH:0
end_of_record
TN:
SF:source/test/StandardImport.js
FN:3,(anonymous_0)
FNF:1
FNH:1
FNDA:7,(anonymous_0)
DA:2,7
DA:3,7
DA:4,7
LF:3
LH:3
BRF:0
BRH:0
end_of_record
TN:
SF:source/test/TestLib.js
FN:3,(anonymous_0)
FN:7,(anonymous_1)
FN:11,(anonymous_2)
FN:14,(anonymous_3)
FN:17,(anonymous_4)
FN:20,(anonymous_5)
FN:31,(anonymous_6)
FN:37,(anonymous_7)
FN:49,(anonymous_8)
FN:54,(anonymous_9)
FN:71,(anonymous_10)
FNF:11
FNH:11
FNDA:2,(anonymous_0)
FNDA:2,(anonymous_1)
FNDA:10,(anonymous_2)
FNDA:248,(anonymous_3)
FNDA:248,(anonymous_4)
FNDA:172761,(anonymous_5)
FNDA:11160340,(anonymous_6)
FNDA:2,(anonymous_7)
FNDA:12,(anonymous_8)
FNDA:12,(anonymous_9)
FNDA:2,(anonymous_10)
DA:2,2
DA:3,2
DA:4,2
DA:9,2
DA:10,2
DA:12,10
DA:13,10
DA:16,248
DA:17,248
DA:18,248
DA:21,172761
DA:22,172761
DA:31,11160340
DA:39,2
DA:47,2
DA:51,12
DA:55,12
DA:57,120000
DA:58,120000
DA:61,120000
DA:72,2
LF:21
LH:21
BRDA:14,0,0,0
BRDA:31,1,0,11160340
BRDA:31,1,1,5050858
BRDA:72,2,0,0
BRDA:72,2,1,2
BRF:5
BRH:3
end_of_record
