TN:
SF:source/S3Parallel/S3Comprehensions.js
FN:3,(anonymous_0)
FN:35,(anonymous_1)
FN:60,(anonymous_2)
FN:62,(anonymous_3)
FN:147,(anonymous_4)
FN:153,(anonymous_5)
FN:158,(anonymous_6)
FN:159,(anonymous_7)
FN:161,(anonymous_8)
FN:198,(anonymous_9)
FN:201,(anonymous_10)
FN:212,(anonymous_11)
FN:220,(anonymous_12)
FN:226,(anonymous_13)
FN:226,(anonymous_14)
FN:244,(anonymous_15)
FN:248,(anonymous_16)
FN:251,(anonymous_17)
FN:254,(anonymous_18)
FN:255,(anonymous_19)
FN:260,(anonymous_20)
FN:262,(anonymous_21)
FN:267,(anonymous_22)
FN:274,(anonymous_23)
FN:275,(anonymous_24)
FN:276,(anonymous_25)
FN:280,(anonymous_26)
FN:285,(anonymous_27)
FN:288,(anonymous_28)
FN:290,(anonymous_29)
FN:291,(anonymous_30)
FN:296,(anonymous_31)
FN:304,(anonymous_32)
FN:358,(anonymous_33)
FN:387,(anonymous_34)
FN:423,(anonymous_35)
FN:430,(anonymous_36)
FN:452,(anonymous_37)
FN:462,(anonymous_38)
FN:483,(anonymous_39)
FN:512,(anonymous_40)
FN:534,(anonymous_41)
FN:548,(anonymous_42)
FN:551,(anonymous_43)
FN:552,(anonymous_44)
FN:555,(anonymous_45)
FN:561,(anonymous_46)
FN:590,(anonymous_47)
FN:594,(anonymous_48)
FN:595,(anonymous_49)
FN:598,(anonymous_50)
FN:610,(anonymous_51)
FN:628,(anonymous_52)
FN:644,(anonymous_53)
FN:645,(anonymous_54)
FN:685,(anonymous_55)
FN:720,(anonymous_56)
FN:794,(anonymous_57)
FN:801,(anonymous_58)
FN:809,(anonymous_59)
FN:811,(anonymous_60)
FN:813,(anonymous_61)
FN:828,(anonymous_62)
FN:830,(anonymous_63)
FN:868,(anonymous_64)
FN:877,(anonymous_65)
FN:890,(anonymous_66)
FN:896,(anonymous_67)
FN:901,(anonymous_68)
FN:909,(anonymous_69)
FNF:70
FNH:30
FNDA:7,(anonymous_0)
FNDA:7,(anonymous_1)
FNDA:7,(anonymous_2)
FNDA:9,(anonymous_3)
FNDA:0,(anonymous_4)
FNDA:0,(anonymous_5)
FNDA:0,(anonymous_6)
FNDA:0,(anonymous_7)
FNDA:0,(anonymous_8)
FNDA:0,(anonymous_9)
FNDA:0,(anonymous_10)
FNDA:0,(anonymous_11)
FNDA:0,(anonymous_12)
FNDA:0,(anonymous_13)
FNDA:0,(anonymous_14)
FNDA:0,(anonymous_15)
FNDA:0,(anonymous_16)
FNDA:0,(anonymous_17)
FNDA:0,(anonymous_18)
FNDA:0,(anonymous_19)
FNDA:0,(anonymous_20)
FNDA:0,(anonymous_21)
FNDA:0,(anonymous_22)
FNDA:0,(anonymous_23)
FNDA:0,(anonymous_24)
FNDA:0,(anonymous_25)
FNDA:0,(anonymous_26)
FNDA:0,(anonymous_27)
FNDA:0,(anonymous_28)
FNDA:0,(anonymous_29)
FNDA:0,(anonymous_30)
FNDA:0,(anonymous_31)
FNDA:9,(anonymous_32)
FNDA:0,(anonymous_33)
FNDA:0,(anonymous_34)
FNDA:222,(anonymous_35)
FNDA:222,(anonymous_36)
FNDA:222,(anonymous_37)
FNDA:0,(anonymous_38)
FNDA:0,(anonymous_39)
FNDA:0,(anonymous_40)
FNDA:112,(anonymous_41)
FNDA:222,(anonymous_42)
FNDA:111,(anonymous_43)
FNDA:111,(anonymous_44)
FNDA:0,(anonymous_45)
FNDA:111,(anonymous_46)
FNDA:111,(anonymous_47)
FNDA:111,(anonymous_48)
FNDA:111,(anonymous_49)
FNDA:111,(anonymous_50)
FNDA:111,(anonymous_51)
FNDA:111,(anonymous_52)
FNDA:111,(anonymous_53)
FNDA:111,(anonymous_54)
FNDA:111,(anonymous_55)
FNDA:111,(anonymous_56)
FNDA:111,(anonymous_57)
FNDA:67,(anonymous_58)
FNDA:35,(anonymous_59)
FNDA:111,(anonymous_60)
FNDA:0,(anonymous_61)
FNDA:9,(anonymous_62)
FNDA:9,(anonymous_63)
FNDA:0,(anonymous_64)
FNDA:0,(anonymous_65)
FNDA:31,(anonymous_66)
FNDA:0,(anonymous_67)
FNDA:0,(anonymous_68)
FNDA:0,(anonymous_69)
DA:2,7
DA:3,7
DA:4,7
DA:58,7
DA:62,7
DA:87,9
DA:88,9
DA:89,9
DA:90,9
DA:91,9
DA:92,9
DA:93,9
DA:94,9
DA:95,9
DA:96,9
DA:97,9
DA:98,9
DA:100,9
DA:101,9
DA:102,9
DA:103,9
DA:105,9
DA:118,0
DA:120,9
DA:121,9
DA:122,9
DA:123,0
DA:125,9
DA:126,9
DA:127,0
DA:129,9
DA:130,9
DA:131,9
DA:133,9
DA:134,0
DA:135,0
DA:137,0
DA:139,9
DA:140,0
DA:143,0
DA:147,0
DA:149,9
DA:150,0
DA:151,0
DA:153,0
DA:154,0
DA:156,0
DA:158,0
DA:159,0
DA:161,0
DA:166,0
DA:167,0
DA:168,0
DA:170,9
DA:198,7
DA:199,0
DA:201,7
DA:203,0
DA:204,0
DA:205,0
DA:206,0
DA:207,0
DA:208,0
DA:210,0
DA:214,0
DA:221,0
DA:223,0
DA:224,0
DA:225,0
DA:226,0
DA:227,0
DA:228,0
DA:235,0
DA:237,0
DA:245,0
DA:248,7
DA:250,0
DA:251,0
DA:252,0
DA:255,0
DA:256,0
DA:261,0
DA:263,0
DA:267,7
DA:269,0
DA:270,0
DA:274,0
DA:275,0
DA:276,0
DA:277,0
DA:281,0
DA:285,7
DA:287,0
DA:288,0
DA:289,0
DA:290,0
DA:291,0
DA:292,0
DA:297,0
DA:304,7
DA:347,9
DA:348,9
DA:349,9
DA:351,9
DA:352,9
DA:353,9
DA:354,9
DA:355,9
DA:356,9
DA:357,9
DA:358,9
DA:359,9
DA:360,9
DA:361,9
DA:363,9
DA:364,9
DA:365,9
DA:366,9
DA:367,9
DA:368,9
DA:369,9
DA:370,9
DA:371,9
DA:373,9
DA:377,9
DA:378,0
DA:382,9
DA:383,9
DA:384,9
DA:385,9
DA:386,9
DA:387,0
DA:389,0
DA:390,0
DA:391,0
DA:392,0
DA:421,0
DA:423,9
DA:429,222
DA:430,222
DA:452,222
DA:453,222
DA:455,0
DA:463,0
DA:465,0
DA:466,0
DA:467,0
DA:469,0
DA:471,0
DA:484,0
DA:486,0
DA:487,0
DA:488,0
DA:490,0
DA:492,0
DA:506,0
DA:513,0
DA:515,0
DA:516,0
DA:517,0
DA:518,0
DA:520,0
DA:522,0
DA:528,112
DA:535,112
DA:537,60016
DA:538,60016
DA:539,60016
DA:541,112
DA:548,222
DA:550,9
DA:551,9
DA:552,111
DA:553,111
DA:556,0
DA:557,0
DA:561,9
DA:568,111
DA:569,0
DA:571,111
DA:572,111
DA:573,0
DA:575,111
DA:587,111
DA:588,111
DA:589,111
DA:591,111
DA:592,111
DA:593,111
DA:594,111
DA:596,111
DA:600,111
DA:602,111
DA:604,111
DA:611,111
DA:613,93706
DA:614,93706
DA:615,74089
DA:617,93706
DA:619,111
DA:629,111
DA:631,83019
DA:632,83019
DA:633,45939
DA:635,83019
DA:637,111
DA:644,111
DA:647,111
DA:694,111
DA:712,111
DA:730,111
DA:731,111
DA:732,111
DA:733,111
DA:734,111
DA:735,111
DA:736,111
DA:737,111
DA:738,0
DA:739,0
DA:740,0
DA:741,0
DA:745,0
DA:747,111
DA:752,111
DA:753,0
DA:793,111
DA:794,111
DA:801,67
DA:809,35
DA:811,111
DA:814,0
DA:826,9
DA:828,9
DA:837,9
DA:838,9
DA:839,9
DA:840,9
DA:841,9
DA:843,9
DA:844,9
DA:845,0
DA:847,9
DA:849,9
DA:850,0
DA:852,9
DA:862,9
DA:869,0
DA:877,0
DA:891,31
DA:896,7
DA:898,0
DA:903,0
DA:910,0
DA:912,0
DA:913,0
DA:914,0
DA:916,0
LF:258
LH:148
BRDA:90,0,0,0
BRDA:90,0,1,9
BRDA:92,1,0,0
BRDA:92,1,1,9
BRDA:99,2,0,0
BRDA:99,2,1,9
BRDA:104,3,0,0
BRDA:104,3,1,9
BRDA:105,4,0,0
BRDA:105,4,1,9
BRDA:107,5,0,9
BRDA:107,5,1,9
BRDA:107,5,2,9
BRDA:107,5,3,9
BRDA:107,5,4,9
BRDA:107,5,5,9
BRDA:107,5,6,9
BRDA:107,5,7,0
BRDA:107,5,8,0
BRDA:122,6,0,0
BRDA:122,6,1,9
BRDA:126,7,0,0
BRDA:126,7,1,9
BRDA:129,8,0,9
BRDA:129,8,1,0
BRDA:130,9,0,9
BRDA:130,9,1,0
BRDA:130,10,0,9
BRDA:130,10,1,0
BRDA:133,11,0,0
BRDA:133,11,1,9
BRDA:134,12,0,0
BRDA:134,12,1,0
BRDA:139,13,0,0
BRDA:139,13,1,9
BRDA:139,14,0,9
BRDA:139,14,1,9
BRDA:140,15,0,0
BRDA:140,15,1,0
BRDA:147,16,0,0
BRDA:147,16,1,0
BRDA:149,17,0,0
BRDA:149,17,1,9
BRDA:149,18,0,9
BRDA:149,18,1,9
BRDA:150,19,0,0
BRDA:150,19,1,0
BRDA:154,20,0,0
BRDA:154,20,1,0
BRDA:156,21,0,0
BRDA:156,21,1,0
BRDA:185,22,0,0
BRDA:185,22,1,9
BRDA:206,23,0,0
BRDA:206,23,1,0
BRDA:207,24,0,0
BRDA:207,24,1,0
BRDA:217,25,0,0
BRDA:217,25,1,0
BRDA:224,26,0,0
BRDA:224,26,1,0
BRDA:228,27,0,0
BRDA:228,27,1,0
BRDA:245,28,0,0
BRDA:245,28,1,0
BRDA:251,29,0,0
BRDA:251,29,1,0
BRDA:261,30,0,0
BRDA:261,30,1,0
BRDA:271,31,0,0
BRDA:271,31,1,0
BRDA:271,32,0,0
BRDA:271,32,1,0
BRDA:279,33,0,0
BRDA:279,33,1,0
BRDA:288,34,0,0
BRDA:288,34,1,0
BRDA:290,35,0,0
BRDA:290,35,1,0
BRDA:295,36,0,0
BRDA:295,36,1,0
BRDA:350,37,0,0
BRDA:350,37,1,9
BRDA:358,38,0,0
BRDA:358,38,1,9
BRDA:359,39,0,7
BRDA:359,39,1,2
BRDA:362,40,0,0
BRDA:362,40,1,9
BRDA:372,41,0,9
BRDA:372,41,1,0
BRDA:374,42,0,0
BRDA:374,42,1,9
BRDA:377,43,0,0
BRDA:377,43,1,9
BRDA:377,44,0,9
BRDA:377,44,1,0
BRDA:377,44,2,0
BRDA:385,45,0,0
BRDA:385,45,1,9
BRDA:386,46,0,0
BRDA:386,46,1,9
BRDA:399,47,0,0
BRDA:399,47,1,0
BRDA:402,48,0,0
BRDA:402,48,1,0
BRDA:405,49,0,0
BRDA:405,49,1,0
BRDA:408,50,0,0
BRDA:408,50,1,0
BRDA:410,51,0,0
BRDA:410,51,1,0
BRDA:413,52,0,0
BRDA:413,52,1,0
BRDA:416,53,0,0
BRDA:416,53,1,0
BRDA:416,53,2,0
BRDA:453,54,0,0
BRDA:453,54,1,0
BRDA:453,54,2,112
BRDA:455,55,0,0
BRDA:455,55,1,0
BRDA:459,56,0,0
BRDA:459,56,1,0
BRDA:466,57,0,0
BRDA:466,57,1,0
BRDA:480,58,0,0
BRDA:480,58,1,0
BRDA:487,59,0,0
BRDA:487,59,1,0
BRDA:505,60,0,222
BRDA:505,60,1,112
BRDA:509,61,0,0
BRDA:509,61,1,0
BRDA:516,62,0,0
BRDA:516,62,1,0
BRDA:531,63,0,112
BRDA:531,63,1,0
BRDA:553,64,0,0
BRDA:553,64,1,111
BRDA:553,65,0,111
BRDA:553,65,1,0
BRDA:564,66,0,9
BRDA:568,67,0,0
BRDA:568,67,1,111
BRDA:568,68,0,111
BRDA:568,68,1,111
BRDA:572,69,0,0
BRDA:572,69,1,111
BRDA:575,70,0,111
BRDA:575,70,1,0
BRDA:578,71,0,0
BRDA:578,71,1,0
BRDA:601,72,0,111
BRDA:601,72,1,111
BRDA:603,73,0,111
BRDA:603,73,1,111
BRDA:607,74,0,111
BRDA:607,74,1,0
BRDA:614,75,0,74089
BRDA:614,75,1,19617
BRDA:625,76,0,111
BRDA:625,76,1,0
BRDA:632,77,0,45939
BRDA:632,77,1,37080
BRDA:650,78,0,111
BRDA:650,78,1,0
BRDA:650,78,2,0
BRDA:659,79,0,0
BRDA:659,79,1,0
BRDA:665,80,0,111
BRDA:665,80,1,0
BRDA:665,80,2,0
BRDA:674,81,0,0
BRDA:674,81,1,0
BRDA:698,82,0,111
BRDA:698,82,1,0
BRDA:700,83,0,111
BRDA:700,83,1,0
BRDA:706,84,0,111
BRDA:706,84,1,0
BRDA:708,85,0,111
BRDA:708,85,1,0
BRDA:715,86,0,111
BRDA:715,86,1,101
BRDA:716,87,0,111
BRDA:716,87,1,70
BRDA:737,88,0,0
BRDA:737,88,1,111
BRDA:737,89,0,111
BRDA:737,89,1,0
BRDA:737,89,2,0
BRDA:747,90,0,67
BRDA:747,90,1,44
BRDA:748,91,0,28
BRDA:748,91,1,39
BRDA:752,92,0,0
BRDA:752,92,1,111
BRDA:763,93,0,0
BRDA:763,93,1,0
BRDA:765,94,0,0
BRDA:765,94,1,0
BRDA:781,95,0,0
BRDA:781,95,1,0
BRDA:783,96,0,0
BRDA:783,96,1,0
BRDA:785,97,0,0
BRDA:785,97,1,0
BRDA:787,98,0,0
BRDA:787,98,1,0
BRDA:789,99,0,0
BRDA:789,99,1,0
BRDA:795,100,0,67
BRDA:795,100,1,44
BRDA:800,101,0,28
BRDA:800,101,1,39
BRDA:803,102,0,35
BRDA:803,102,1,76
BRDA:808,103,0,28
BRDA:808,103,1,7
BRDA:814,104,0,0
BRDA:814,104,1,0
BRDA:828,105,0,9
BRDA:828,105,1,0
BRDA:837,106,0,9
BRDA:837,106,1,0
BRDA:840,107,0,9
BRDA:840,107,1,0
BRDA:843,108,0,9
BRDA:843,108,1,0
BRDA:844,109,0,0
BRDA:844,109,1,9
BRDA:848,110,0,9
BRDA:848,110,1,0
BRDA:849,111,0,0
BRDA:849,111,1,9
BRDA:859,112,0,9
BRDA:859,112,1,0
BRDA:862,113,0,0
BRDA:862,113,1,9
BRDA:871,114,0,0
BRDA:871,114,1,9
BRDA:871,115,0,9
BRDA:871,115,1,0
BRDA:883,116,0,0
BRDA:883,116,1,9
BRDA:891,117,0,31
BRDA:891,117,1,6
BRDA:891,117,2,6
BRDA:906,118,0,0
BRDA:906,118,1,0
BRF:251
BRH:98
end_of_record
TN:
SF:source/S3Parallel/S3P.js
FN:3,(anonymous_0)
FN:31,(anonymous_1)
FN:55,(anonymous_2)
FN:63,(anonymous_3)
FN:96,(anonymous_4)
FN:101,(anonymous_5)
FN:106,(anonymous_6)
FN:114,(anonymous_7)
FN:130,(anonymous_8)
FN:144,(anonymous_9)
FN:160,(anonymous_10)
FN:198,(anonymous_11)
FN:212,(anonymous_12)
FN:237,(anonymous_13)
FN:244,(anonymous_14)
FN:250,(anonymous_15)
FN:251,(anonymous_16)
FN:259,(anonymous_17)
FN:260,(anonymous_18)
FN:265,(anonymous_19)
FN:318,(anonymous_20)
FN:364,(anonymous_21)
FN:370,(anonymous_22)
FN:373,(anonymous_23)
FN:378,(anonymous_24)
FN:399,(anonymous_25)
FN:410,(anonymous_26)
FN:437,(anonymous_27)
FN:445,(anonymous_28)
FN:447,(anonymous_29)
FN:450,(anonymous_30)
FN:451,(anonymous_31)
FN:456,(anonymous_32)
FN:457,(anonymous_33)
FN:460,(anonymous_34)
FN:461,(anonymous_35)
FN:489,(anonymous_36)
FN:504,(anonymous_37)
FN:511,(anonymous_38)
FN:514,(anonymous_39)
FN:519,(anonymous_40)
FN:531,(anonymous_41)
FN:544,(anonymous_42)
FN:582,(anonymous_43)
FN:592,(anonymous_44)
FN:650,(anonymous_45)
FN:652,(anonymous_46)
FN:695,(anonymous_47)
FN:701,(anonymous_48)
FN:715,(anonymous_49)
FN:723,(anonymous_50)
FN:731,(anonymous_51)
FN:735,(anonymous_52)
FN:736,(anonymous_53)
FNF:54
FNH:9
FNDA:7,(anonymous_0)
FNDA:7,(anonymous_1)
FNDA:0,(anonymous_2)
FNDA:0,(anonymous_3)
FNDA:7,(anonymous_4)
FNDA:0,(anonymous_5)
FNDA:0,(anonymous_6)
FNDA:0,(anonymous_7)
FNDA:2,(anonymous_8)
FNDA:0,(anonymous_9)
FNDA:60003,(anonymous_10)
FNDA:2,(anonymous_11)
FNDA:0,(anonymous_12)
FNDA:2,(anonymous_13)
FNDA:0,(anonymous_14)
FNDA:0,(anonymous_15)
FNDA:0,(anonymous_16)
FNDA:8,(anonymous_17)
FNDA:16,(anonymous_18)
FNDA:0,(anonymous_19)
FNDA:0,(anonymous_20)
FNDA:0,(anonymous_21)
FNDA:0,(anonymous_22)
FNDA:0,(anonymous_23)
FNDA:0,(anonymous_24)
FNDA:0,(anonymous_25)
FNDA:0,(anonymous_26)
FNDA:0,(anonymous_27)
FNDA:0,(anonymous_28)
FNDA:0,(anonymous_29)
FNDA:0,(anonymous_30)
FNDA:0,(anonymous_31)
FNDA:0,(anonymous_32)
FNDA:0,(anonymous_33)
FNDA:0,(anonymous_34)
FNDA:0,(anonymous_35)
FNDA:0,(anonymous_36)
FNDA:0,(anonymous_37)
FNDA:0,(anonymous_38)
FNDA:0,(anonymous_39)
FNDA:0,(anonymous_40)
FNDA:0,(anonymous_41)
FNDA:0,(anonymous_42)
FNDA:0,(anonymous_43)
FNDA:0,(anonymous_44)
FNDA:0,(anonymous_45)
FNDA:0,(anonymous_46)
FNDA:0,(anonymous_47)
FNDA:0,(anonymous_48)
FNDA:0,(anonymous_49)
FNDA:0,(anonymous_50)
FNDA:0,(anonymous_51)
FNDA:0,(anonymous_52)
FNDA:0,(anonymous_53)
DA:2,7
DA:3,7
DA:4,7
DA:54,7
DA:55,7
DA:57,0
DA:64,0
DA:66,0
DA:67,0
DA:68,0
DA:70,0
DA:76,7
DA:86,7
DA:96,7
DA:101,7
DA:103,0
DA:108,0
DA:115,0
DA:117,0
DA:118,0
DA:119,0
DA:121,0
DA:130,7
DA:132,2
DA:133,2
DA:142,2
DA:145,0
DA:177,60003
DA:184,60003
DA:191,60003
DA:192,60003
DA:199,2
DA:201,20
DA:202,20
DA:203,20
DA:207,60003
DA:208,60003
DA:209,60003
DA:210,60003
DA:211,0
DA:212,0
DA:214,0
DA:218,0
DA:219,0
DA:222,60003
DA:223,60003
DA:224,18002
DA:225,18002
DA:227,60003
DA:228,23000
DA:229,23000
DA:231,60003
DA:239,2
DA:243,2
DA:244,0
DA:245,0
DA:246,0
DA:248,0
DA:250,0
DA:251,0
DA:254,0
DA:256,2
DA:259,8
DA:260,16
DA:265,7
DA:278,0
DA:279,0
DA:280,0
DA:281,0
DA:282,0
DA:283,0
DA:284,0
DA:285,0
DA:286,0
DA:287,0
DA:288,0
DA:289,0
DA:291,0
DA:319,0
DA:366,0
DA:370,0
DA:373,0
DA:375,0
DA:380,0
DA:386,0
DA:387,0
DA:395,0
DA:396,0
DA:397,0
DA:400,0
DA:401,0
DA:407,0
DA:408,0
DA:412,0
DA:418,0
DA:419,0
DA:429,0
DA:430,0
DA:431,0
DA:432,0
DA:433,0
DA:438,0
DA:439,0
DA:447,0
DA:448,0
DA:450,0
DA:451,0
DA:453,0
DA:456,7
DA:457,0
DA:458,0
DA:460,7
DA:461,0
DA:470,0
DA:471,0
DA:472,0
DA:473,0
DA:474,0
DA:475,0
DA:476,0
DA:477,0
DA:478,0
DA:479,0
DA:480,0
DA:481,0
DA:482,0
DA:483,0
DA:484,0
DA:485,0
DA:486,0
DA:490,0
DA:506,0
DA:507,0
DA:511,0
DA:514,0
DA:516,0
DA:521,0
DA:527,0
DA:532,0
DA:541,0
DA:542,0
DA:546,0
DA:552,0
DA:583,0
DA:584,0
DA:587,0
DA:592,7
DA:611,0
DA:612,0
DA:613,0
DA:614,0
DA:615,0
DA:616,0
DA:617,0
DA:619,0
DA:621,0
DA:625,0
DA:629,0
DA:633,0
DA:637,0
DA:638,0
DA:639,0
DA:640,0
DA:641,0
DA:642,0
DA:643,0
DA:644,0
DA:645,0
DA:647,0
DA:651,0
DA:653,0
DA:696,0
DA:697,0
DA:698,0
DA:702,0
DA:703,0
DA:712,0
DA:716,0
DA:717,0
DA:718,0
DA:724,0
DA:725,0
DA:726,0
DA:727,0
DA:728,0
DA:731,7
DA:732,0
DA:735,0
DA:736,0
LF:189
LH:43
BRDA:60,0,0,0
BRDA:60,0,1,0
BRDA:67,1,0,0
BRDA:67,1,1,0
BRDA:111,2,0,0
BRDA:111,2,1,0
BRDA:140,3,0,2
BRDA:140,3,1,0
BRDA:185,4,0,60003
BRDA:185,4,1,0
BRDA:193,5,0,60001
BRDA:193,5,1,2
BRDA:210,6,0,0
BRDA:210,6,1,60003
BRDA:215,7,0,0
BRDA:215,7,1,0
BRDA:223,8,0,18002
BRDA:223,8,1,42001
BRDA:223,9,0,60003
BRDA:223,9,1,0
BRDA:227,10,0,23000
BRDA:227,10,1,37003
BRDA:227,11,0,60003
BRDA:227,11,1,0
BRDA:232,12,0,60001
BRDA:232,12,1,2
BRDA:241,13,0,0
BRDA:241,13,1,2
BRDA:243,14,0,0
BRDA:243,14,1,2
BRDA:245,15,0,0
BRDA:245,15,1,0
BRDA:288,16,0,0
BRDA:288,16,1,0
BRDA:320,17,0,0
BRDA:320,17,1,0
BRDA:329,18,0,0
BRDA:329,18,1,0
BRDA:338,19,0,0
BRDA:338,19,1,0
BRDA:351,20,0,0
BRDA:351,20,1,0
BRDA:367,21,0,0
BRDA:367,21,1,0
BRDA:381,22,0,0
BRDA:381,22,1,0
BRDA:382,23,0,0
BRDA:382,23,1,0
BRDA:386,24,0,0
BRDA:386,24,1,0
BRDA:386,25,0,0
BRDA:386,25,1,0
BRDA:400,26,0,0
BRDA:400,26,1,0
BRDA:400,27,0,0
BRDA:400,27,1,0
BRDA:413,28,0,0
BRDA:413,28,1,0
BRDA:414,29,0,0
BRDA:414,29,1,0
BRDA:418,30,0,0
BRDA:418,30,1,0
BRDA:418,31,0,0
BRDA:418,31,1,0
BRDA:433,32,0,0
BRDA:433,32,1,0
BRDA:450,33,0,0
BRDA:450,33,1,0
BRDA:474,34,0,0
BRDA:474,34,1,0
BRDA:508,35,0,0
BRDA:508,35,1,0
BRDA:522,36,0,0
BRDA:522,36,1,0
BRDA:523,37,0,0
BRDA:523,37,1,0
BRDA:547,38,0,0
BRDA:547,38,1,0
BRDA:548,39,0,0
BRDA:548,39,1,0
BRDA:552,40,0,0
BRDA:552,40,1,0
BRDA:612,41,0,0
BRDA:612,41,1,0
BRDA:618,42,0,0
BRDA:618,42,1,0
BRDA:620,43,0,0
BRDA:620,43,1,0
BRDA:622,44,0,0
BRDA:622,44,1,0
BRDA:626,45,0,0
BRDA:626,45,1,0
BRDA:630,46,0,0
BRDA:630,46,1,0
BRDA:634,47,0,0
BRDA:634,47,1,0
BRDA:637,48,0,0
BRDA:637,48,1,0
BRDA:644,49,0,0
BRDA:644,49,1,0
BRDA:644,50,0,0
BRDA:644,50,1,0
BRDA:684,51,0,0
BRDA:684,51,1,0
BRDA:693,52,0,0
BRDA:693,52,1,0
BRDA:698,53,0,0
BRDA:698,53,1,0
BRDA:712,54,0,0
BRDA:712,54,1,0
BRF:110
BRH:15
end_of_record
TN:
SF:source/S3Parallel/S3PCli.js
FN:3,(anonymous_0)
FN:7,(anonymous_1)
FN:117,(anonymous_2)
FN:147,(anonymous_3)
FNF:4
FNH:4
FNDA:7,(anonymous_0)
FNDA:7,(anonymous_1)
FNDA:1,(anonymous_2)
FNDA:1,(anonymous_3)
DA:2,7
DA:3,7
DA:4,7
DA:14,7
DA:43,7
DA:50,7
DA:69,7
DA:79,7
DA:92,7
DA:116,7
DA:118,1
DA:147,1
LF:12
LH:12
BRF:0
BRH:0
end_of_record
TN:
SF:source/S3Parallel/S3PCliCommands.js
FN:3,(anonymous_0)
FN:15,(anonymous_1)
FN:17,(anonymous_2)
FN:22,(anonymous_3)
FN:25,(anonymous_4)
FN:33,(anonymous_5)
FN:55,(anonymous_6)
FNF:7
FNH:2
FNDA:7,(anonymous_0)
FNDA:7,(anonymous_1)
FNDA:0,(anonymous_2)
FNDA:0,(anonymous_3)
FNDA:0,(anonymous_4)
FNDA:0,(anonymous_5)
FNDA:0,(anonymous_6)
DA:2,7
DA:3,7
DA:4,7
DA:16,7
DA:19,0
DA:22,0
DA:23,0
DA:27,0
DA:34,0
DA:36,0
DA:37,0
DA:44,0
DA:46,0
DA:57,0
DA:58,0
DA:59,0
DA:60,0
DA:62,0
DA:63,0
DA:65,0
DA:66,0
DA:68,0
LF:22
LH:4
BRDA:20,0,0,0
BRDA:20,0,1,0
BRDA:30,1,0,0
BRDA:30,1,1,0
BRDA:59,2,0,0
BRDA:59,2,1,0
BRDA:59,3,0,0
BRDA:59,3,1,0
BRDA:62,4,0,0
BRDA:62,4,1,0
BRDA:62,5,0,0
BRDA:62,5,1,0
BRDA:65,6,0,0
BRDA:65,6,1,0
BRDA:65,7,0,0
BRDA:65,7,1,0
BRF:16
BRH:0
end_of_record
TN:
SF:source/S3Parallel/S3Parallel.js
FN:3,(anonymous_0)
FNF:1
FNH:1
FNDA:7,(anonymous_0)
DA:2,7
DA:3,7
DA:4,7
LF:3
LH:3
BRF:0
BRH:0
end_of_record
TN:
SF:source/S3Parallel/StandardImport.js
FN:3,(anonymous_0)
FNF:1
FNH:1
FNDA:7,(anonymous_0)
DA:2,7
DA:3,7
DA:4,7
LF:3
LH:3
BRF:0
BRH:0
end_of_record
TN:
SF:source/S3Parallel/index.js
FNF:0
FNH:0
DA:4,7
DA:13,7
LF:2
LH:2
BRF:0
BRH:0
end_of_record
TN:
SF:source/S3Parallel/namespace.js
FNF:0
FNH:0
DA:4,7
DA:9,7
LF:2
LH:2
BRF:0
BRH:0
end_of_record
TN:
SF:source/S3Parallel/Lib/FsEasy.js
FN:3,(anonymous_0)
FN:11,(anonymous_1)
FN:14,(anonymous_2)
FN:19,(anonymous_3)
FN:29,(anonymous_4)
FN:30,(anonymous_5)
FN:33,(anonymous_6)
FN:34,(anonymous_7)
FN:35,(anonymous_8)
FN:36,(anonymous_9)
FN:37,(anonymous_10)
FN:40,(anonymous_11)
FN:41,(anonymous_12)
FN:44,(anonymous_13)
FN:45,(anonymous_14)
FN:46,(anonymous_15)
FNF:16
FNH:14
FNDA:7,(anonymous_0)
FNDA:7,(anonymous_1)
FNDA:7,(anonymous_2)
FNDA:14,(anonymous_3)
FNDA:1,(anonymous_4)
FNDA:1,(anonymous_5)
FNDA:14,(anonymous_6)
FNDA:14,(anonymous_7)
FNDA:7,(anonymous_8)
FNDA:7,(anonymous_9)
FNDA:7,(anonymous_10)
FNDA:6,(anonymous_11)
FNDA:1,(anonymous_12)
FNDA:1,(anonymous_13)
FNDA:0,(anonymous_14)
FNDA:0,(anonymous_15)
DA:2,7
DA:3,7
DA:4,7
DA:13,7
DA:14,7
DA:19,7
DA:21,14
DA:22,14
DA:29,7
DA:30,1
DA:31,1
DA:33,7
DA:34,14
DA:35,7
DA:37,7
DA:38,7
DA:40,6
DA:42,1
DA:44,1
DA:46,0
DA:47,0
LF:21
LH:19
BRDA:22,0,0,1
BRDA:22,0,1,13
BRDA:24,1,0,0
BRDA:24,1,1,1
BRF:4
BRH:3
end_of_record
TN:
SF:source/S3Parallel/Lib/Lib.js
FN:3,(anonymous_0)
FNF:1
FNH:1
FNDA:7,(anonymous_0)
DA:2,7
DA:3,7
DA:4,7
LF:3
LH:3
BRF:0
BRH:0
end_of_record
TN:
SF:source/S3Parallel/Lib/LibMisc.js
FN:3,(anonymous_0)
FN:7,(anonymous_1)
FN:11,(anonymous_2)
FN:16,(anonymous_3)
FN:17,(anonymous_4)
FN:19,(anonymous_5)
FN:20,(anonymous_6)
FNF:7
FNH:7
FNDA:7,(anonymous_0)
FNDA:7,(anonymous_1)
FNDA:3,(anonymous_2)
FNDA:1,(anonymous_3)
FNDA:1,(anonymous_4)
FNDA:60027,(anonymous_5)
FNDA:60027,(anonymous_6)
DA:2,7
DA:3,7
DA:4,7
DA:9,7
DA:10,7
DA:12,3
DA:17,1
DA:20,60027
DA:21,60027
DA:23,60014
DA:25,3
DA:29,3
DA:33,2
DA:37,2
DA:41,2
DA:45,1
LF:16
LH:16
BRDA:12,0,0,2
BRDA:12,0,1,1
BRDA:19,1,0,24
BRDA:21,2,0,60014
BRDA:21,2,1,3
BRDA:21,2,2,3
BRDA:21,2,3,2
BRDA:21,2,4,2
BRDA:21,2,5,2
BRDA:21,2,6,1
BRF:10
BRH:10
end_of_record
TN:
SF:source/S3Parallel/Lib/PromiseWorkerPool.js
FN:3,(anonymous_0)
FN:7,(anonymous_1)
FN:11,(anonymous_2)
FN:22,(anonymous_3)
FN:25,(anonymous_4)
FN:28,(anonymous_5)
FN:32,(anonymous_6)
FN:34,(anonymous_7)
FN:36,(anonymous_8)
FN:39,(anonymous_9)
FN:40,(anonymous_10)
FN:46,(anonymous_11)
FN:51,(anonymous_12)
FNF:13
FNH:11
FNDA:7,(anonymous_0)
FNDA:7,(anonymous_1)
FNDA:10,(anonymous_2)
FNDA:7,(anonymous_3)
FNDA:0,(anonymous_4)
FNDA:322,(anonymous_5)
FNDA:322,(anonymous_6)
FNDA:322,(anonymous_7)
FNDA:322,(anonymous_8)
FNDA:322,(anonymous_9)
FNDA:0,(anonymous_10)
FNDA:644,(anonymous_11)
FNDA:322,(anonymous_12)
DA:2,7
DA:3,7
DA:4,7
DA:9,7
DA:12,10
DA:13,10
DA:14,10
DA:18,10
DA:19,10
DA:23,7
DA:24,7
DA:26,0
DA:29,322
DA:32,7
DA:33,322
DA:34,322
DA:35,322
DA:36,322
DA:37,322
DA:38,322
DA:39,322
DA:40,0
DA:43,322
DA:46,7
DA:48,644
DA:52,322
DA:53,322
LF:27
LH:25
BRDA:11,0,0,0
BRDA:48,1,0,322
BRDA:48,1,1,322
BRDA:48,2,0,644
BRDA:48,2,1,554
BRDA:49,3,0,312
BRDA:49,3,1,10
BRF:7
BRH:6
end_of_record
TN:
SF:source/S3Parallel/Lib/S3.js
FN:3,(anonymous_0)
FN:34,(anonymous_1)
FN:52,(anonymous_2)
FN:56,(anonymous_3)
FN:63,(anonymous_4)
FN:67,(anonymous_5)
FN:71,(anonymous_6)
FN:74,(anonymous_7)
FN:77,(anonymous_8)
FN:80,(anonymous_9)
FN:91,(anonymous_10)
FN:96,(anonymous_11)
FN:132,(anonymous_12)
FN:182,(anonymous_13)
FN:190,(anonymous_14)
FN:191,(anonymous_15)
FN:202,(anonymous_16)
FN:204,(anonymous_17)
FN:231,(anonymous_18)
FN:236,(anonymous_19)
FN:238,(anonymous_20)
FN:275,(anonymous_21)
FN:282,(anonymous_22)
FN:286,(anonymous_23)
FN:290,(anonymous_24)
FN:291,(anonymous_25)
FN:293,(anonymous_26)
FNF:27
FNH:3
FNDA:7,(anonymous_0)
FNDA:7,(anonymous_1)
FNDA:0,(anonymous_2)
FNDA:7,(anonymous_3)
FNDA:0,(anonymous_4)
FNDA:0,(anonymous_5)
FNDA:0,(anonymous_6)
FNDA:0,(anonymous_7)
FNDA:0,(anonymous_8)
FNDA:0,(anonymous_9)
FNDA:0,(anonymous_10)
FNDA:0,(anonymous_11)
FNDA:0,(anonymous_12)
FNDA:0,(anonymous_13)
FNDA:0,(anonymous_14)
FNDA:0,(anonymous_15)
FNDA:0,(anonymous_16)
FNDA:0,(anonymous_17)
FNDA:0,(anonymous_18)
FNDA:0,(anonymous_19)
FNDA:0,(anonymous_20)
FNDA:0,(anonymous_21)
FNDA:0,(anonymous_22)
FNDA:0,(anonymous_23)
FNDA:0,(anonymous_24)
FNDA:0,(anonymous_25)
FNDA:0,(anonymous_26)
DA:2,7
DA:3,7
DA:4,7
DA:52,7
DA:53,0
DA:55,7
DA:56,7
DA:61,7
DA:62,7
DA:64,0
DA:67,7
DA:68,0
DA:72,0
DA:74,0
DA:77,0
DA:80,7
DA:82,0
DA:83,0
DA:92,0
DA:98,0
DA:99,0
DA:100,0
DA:110,0
DA:112,0
DA:113,0
DA:129,0
DA:132,7
DA:146,0
DA:147,0
DA:152,0
DA:153,0
DA:154,0
DA:155,0
DA:156,0
DA:157,0
DA:158,0
DA:159,0
DA:160,0
DA:161,0
DA:183,0
DA:191,0
DA:192,0
DA:202,7
DA:203,0
DA:204,7
DA:215,0
DA:216,0
DA:217,0
DA:218,0
DA:219,0
DA:220,0
DA:221,0
DA:222,0
DA:223,0
DA:224,0
DA:227,0
DA:228,0
DA:230,0
DA:232,0
DA:236,7
DA:237,0
DA:238,7
DA:250,0
DA:251,0
DA:252,0
DA:254,0
DA:255,0
DA:256,0
DA:257,0
DA:258,0
DA:259,0
DA:261,0
DA:269,0
DA:273,0
DA:275,7
DA:277,0
DA:278,0
DA:279,0
DA:280,0
DA:281,0
DA:282,0
DA:283,0
DA:286,0
DA:290,7
DA:291,0
DA:292,0
DA:294,0
LF:87
LH:17
BRDA:80,0,0,0
BRDA:99,1,0,0
BRDA:99,1,1,0
BRDA:112,2,0,0
BRDA:112,2,1,0
BRDA:146,3,0,0
BRDA:146,3,1,0
BRDA:148,4,0,0
BRDA:148,4,1,0
BRDA:161,5,0,0
BRDA:161,5,1,0
BRDA:161,6,0,0
BRDA:161,6,1,0
BRDA:171,7,0,0
BRDA:171,7,1,0
BRDA:180,8,0,0
BRDA:180,8,1,0
BRDA:181,9,0,0
BRDA:181,9,1,0
BRDA:185,10,0,0
BRDA:185,10,1,0
BRDA:227,11,0,0
BRDA:227,11,1,0
BRDA:230,12,0,0
BRDA:230,12,1,0
BRDA:253,13,0,0
BRDA:253,13,1,0
BRDA:254,14,0,0
BRDA:254,14,1,0
BRDA:255,15,0,0
BRDA:255,15,1,0
BRDA:256,16,0,0
BRDA:256,16,1,0
BRDA:258,17,0,0
BRDA:258,17,1,0
BRDA:261,18,0,0
BRDA:261,18,1,0
BRDA:263,19,0,0
BRDA:263,19,1,0
BRDA:263,19,2,0
BRDA:263,19,3,0
BRDA:283,20,0,0
BRDA:283,20,1,0
BRDA:283,21,0,0
BRDA:283,21,1,0
BRDA:292,22,0,0
BRDA:292,22,1,0
BRF:47
BRH:0
end_of_record
TN:
SF:source/S3Parallel/Lib/S3Keys.js
FN:3,(anonymous_0)
FN:7,(anonymous_1)
FN:26,(anonymous_2)
FN:29,(anonymous_3)
FN:36,(anonymous_4)
FN:51,(anonymous_5)
FN:63,(anonymous_6)
FN:77,(anonymous_7)
FN:107,(anonymous_8)
FN:118,(anonymous_9)
FN:121,(anonymous_10)
FN:124,(anonymous_11)
FN:129,(anonymous_12)
FN:134,(anonymous_13)
FN:139,(anonymous_14)
FNF:15
FNH:14
FNDA:7,(anonymous_0)
FNDA:7,(anonymous_1)
FNDA:247,(anonymous_2)
FNDA:42,(anonymous_3)
FNDA:129,(anonymous_4)
FNDA:126,(anonymous_5)
FNDA:2,(anonymous_6)
FNDA:124,(anonymous_7)
FNDA:0,(anonymous_8)
FNDA:2,(anonymous_9)
FNDA:3,(anonymous_10)
FNDA:33,(anonymous_11)
FNDA:3,(anonymous_12)
FNDA:3,(anonymous_13)
FNDA:3,(anonymous_14)
DA:2,7
DA:3,7
DA:4,7
DA:19,7
DA:27,247
DA:31,42
DA:32,42
DA:48,129
DA:52,126
DA:53,1085
DA:54,152
DA:56,1085
DA:64,2
DA:78,124
DA:87,21
DA:89,7
DA:100,96
DA:108,0
DA:119,2
DA:122,3
DA:125,33
DA:131,3
DA:135,3
DA:136,10
DA:140,3
DA:142,1
DA:144,1
DA:151,1
LF:28
LH:27
BRDA:27,0,0,245
BRDA:27,0,1,2
BRDA:32,1,0,26
BRDA:32,1,1,16
BRDA:32,2,0,42
BRDA:32,2,1,26
BRDA:48,3,0,126
BRDA:48,3,1,3
BRDA:53,4,0,152
BRDA:53,4,1,933
BRDA:60,5,0,12
BRDA:60,5,1,114
BRDA:62,6,0,2
BRDA:62,6,1,124
BRDA:62,7,0,126
BRDA:62,7,1,125
BRDA:78,8,0,21
BRDA:78,8,1,7
BRDA:78,8,2,96
BRDA:80,9,0,124
BRDA:80,9,1,34
BRDA:80,9,2,34
BRDA:84,10,0,26
BRDA:84,10,1,8
BRDA:106,11,0,0
BRDA:106,11,1,124
BRDA:106,12,0,124
BRDA:106,12,1,124
BRDA:119,13,0,0
BRDA:119,13,1,2
BRDA:125,14,0,33
BRDA:125,14,1,0
BRDA:129,15,0,3
BRDA:131,16,0,3
BRDA:131,16,1,0
BRDA:140,17,0,1
BRDA:140,17,1,1
BRDA:140,17,2,1
BRDA:154,18,0,3
BRDA:154,18,1,0
BRF:40
BRH:35
end_of_record
TN:
SF:source/S3Parallel/Lib/index.js
FNF:0
FNH:0
DA:4,7
LF:1
LH:1
BRF:0
BRH:0
end_of_record
TN:
SF:source/S3Parallel/Lib/namespace.js
FNF:0
FNH:0
DA:4,7
LF:1
LH:1
BRF:0
BRH:0
end_of_record
TN:
SF:source/test/StandardImport.js
FN:3,(anonymous_0)
FNF:1
FNH:1
FNDA:7,(anonymous_0)
DA:2,7
DA:3,7
DA:4,7
LF:3
LH:3
BRF:0
BRH:0
end_of_record
TN:
SF:source/test/TestLib.js
FN:3,(anonymous_0)
FN:7,(anonymous_1)
FN:11,(anonymous_2)
FN:14,(anonymous_3)
FN:17,(anonymous_4)
FN:20,(anonymous_5)
FN:24,(anonymous_6)
FN:30,(anonymous_7)
FN:42,(anonymous_8)
FN:47,(anonymous_9)
FN:64,(anonymous_10)
FNF:11
FNH:11
FNDA:2,(anonymous_0)
FNDA:2,(anonymous_1)
FNDA:9,(anonymous_2)
FNDA:222,(anonymous_3)
FNDA:222,(anonymous_4)
FNDA:176725,(anonymous_5)
FNDA:11400166,(anonymous_6)
FNDA:2,(anonymous_7)
FNDA:12,(anonymous_8)
FNDA:12,(anonymous_9)
FNDA:2,(anonymous_10)
DA:2,2
DA:3,2
DA:4,2
DA:9,2
DA:10,2
DA:12,9
DA:13,9
DA:16,222
DA:17,222
DA:18,222
DA:21,176725
DA:22,176725
DA:24,11400166
DA:32,2
DA:40,2
DA:44,12
DA:48,12
DA:50,120000
DA:51,120000
DA:54,120000
DA:65,2
LF:21
LH:21
BRDA:14,0,0,0
BRDA:24,1,0,11400166
BRDA:24,1,1,5191733
BRDA:65,2,0,0
BRDA:65,2,1,2
BRF:5
BRH:3
end_of_record
